2024-06-20 22:05:18.520 [info] Extension host with pid 19704 started
2024-06-20 22:05:18.520 [info] Skipping acquiring lock for /home/vincent/.config/Code/User/workspaceStorage/098a5ec9929ec881dafc2ffd00ec4440.
2024-06-20 22:05:18.621 [info] ExtensionService#_doActivateExtension vscode.emmet, startup: false, activationEvent: 'onLanguage'
2024-06-20 22:05:18.633 [info] ExtensionService#_doActivateExtension ms-python.python, startup: false, activationEvent: 'onLanguage:python', root cause: ms-python.debugpy
2024-06-20 22:05:18.912 [info] Extension host with pid 19750 started
2024-06-20 22:05:18.912 [info] Skipping acquiring lock for /home/vincent/.config/Code/User/workspaceStorage/098a5ec9929ec881dafc2ffd00ec4440.
2024-06-20 22:05:18.914 [info] Eager extensions activated
2024-06-20 22:05:18.940 [info] ExtensionService#_doActivateExtension asvetliakov.vscode-neovim, startup: false, activationEvent: 'onStartupFinished'
2024-06-20 22:05:18.947 [info] ExtensionService#_doActivateExtension ms-python.debugpy, startup: false, activationEvent: 'onLanguage:python'
2024-06-20 22:05:18.986 [info] ExtensionService#_doActivateExtension ms-python.vscode-pylance, startup: false, activationEvent: 'onLanguage:python'
2024-06-20 22:05:19.315 [info] ExtensionService#_doActivateExtension vscode.git-base, startup: true, activationEvent: '*', root cause: vscode.git
2024-06-20 22:05:19.322 [info] ExtensionService#_doActivateExtension vscode.git, startup: true, activationEvent: '*'
2024-06-20 22:05:19.381 [info] ExtensionService#_doActivateExtension vscode.github, startup: true, activationEvent: '*'
2024-06-20 22:05:19.439 [info] Eager extensions activated
2024-06-20 22:05:19.451 [info] ExtensionService#_doActivateExtension vscode.debug-auto-launch, startup: false, activationEvent: 'onStartupFinished'
2024-06-20 22:05:19.452 [info] ExtensionService#_doActivateExtension vscode.merge-conflict, startup: false, activationEvent: 'onStartupFinished'
2024-06-20 22:05:19.575 [warning] [Decorations] CAPPING events from decorations provider vscode.git 804
2024-06-20 22:05:19.700 [warning] [Decorations] CAPPING events from decorations provider vscode.git 804
2024-06-20 22:05:19.769 [info] ExtensionService#_doActivateExtension vscode.github-authentication, startup: false, activationEvent: 'onAuthenticationRequest:github'
2024-06-20 22:05:21.198 [error] Error: [ExtensionListenerError] Extension 'asvetliakov.vscode-neovim' FAILED to handle event: TypeError: Cannot read properties of undefined (reading 'command')
	at n.value (/snap/code/162/usr/share/code/resources/app/out/vs/workbench/api/node/extensionHostProcess.js:163:20749)
	at l.y (/snap/code/162/usr/share/code/resources/app/out/vs/workbench/api/node/extensionHostProcess.js:82:664)
	at l.fire (/snap/code/162/usr/share/code/resources/app/out/vs/workbench/api/node/extensionHostProcess.js:82:881)
	at C.onDidChangeWindowProperty (/snap/code/162/usr/share/code/resources/app/out/vs/workbench/api/node/extensionHostProcess.js:145:21077)
	at C.$onDidChangeWindowFocus (/snap/code/162/usr/share/code/resources/app/out/vs/workbench/api/node/extensionHostProcess.js:145:20888)
	at E.S (/snap/code/162/usr/share/code/resources/app/out/vs/workbench/api/node/extensionHostProcess.js:150:5970)
	at E.Q (/snap/code/162/usr/share/code/resources/app/out/vs/workbench/api/node/extensionHostProcess.js:150:5736)
	at E.M (/snap/code/162/usr/share/code/resources/app/out/vs/workbench/api/node/extensionHostProcess.js:150:4762)
	at E.L (/snap/code/162/usr/share/code/resources/app/out/vs/workbench/api/node/extensionHostProcess.js:150:3589)
	at n.value (/snap/code/162/usr/share/code/resources/app/out/vs/workbench/api/node/extensionHostProcess.js:150:2282)
	at l.y (/snap/code/162/usr/share/code/resources/app/out/vs/workbench/api/node/extensionHostProcess.js:82:664)
	at l.fire (/snap/code/162/usr/share/code/resources/app/out/vs/workbench/api/node/extensionHostProcess.js:82:881)
	at s.fire (/snap/code/162/usr/share/code/resources/app/out/vs/workbench/api/node/extensionHostProcess.js:107:14502)
	at n.value (/snap/code/162/usr/share/code/resources/app/out/vs/workbench/api/node/extensionHostProcess.js:176:8481)
	at l.y (/snap/code/162/usr/share/code/resources/app/out/vs/workbench/api/node/extensionHostProcess.js:82:664)
	at l.fire (/snap/code/162/usr/share/code/resources/app/out/vs/workbench/api/node/extensionHostProcess.js:82:881)
	at s.fire (/snap/code/162/usr/share/code/resources/app/out/vs/workbench/api/node/extensionHostProcess.js:107:14502)
	at MessagePortMain.<anonymous> (/snap/code/162/usr/share/code/resources/app/out/vs/workbench/api/node/extensionHostProcess.js:176:6631)
	at MessagePortMain.emit (node:events:514:28)
	at MessagePortMain._internalPort.emit (node:electron/js2c/utility_init:2:2285)
2024-06-20 22:06:29.479 [error] Error: [ExtensionListenerError] Extension 'asvetliakov.vscode-neovim' FAILED to handle event: TypeError: Cannot read properties of undefined (reading 'command')
	at n.value (/snap/code/162/usr/share/code/resources/app/out/vs/workbench/api/node/extensionHostProcess.js:163:20749)
	at l.y (/snap/code/162/usr/share/code/resources/app/out/vs/workbench/api/node/extensionHostProcess.js:82:664)
	at l.fire (/snap/code/162/usr/share/code/resources/app/out/vs/workbench/api/node/extensionHostProcess.js:82:881)
	at C.onDidChangeWindowProperty (/snap/code/162/usr/share/code/resources/app/out/vs/workbench/api/node/extensionHostProcess.js:145:21077)
	at C.$onDidChangeWindowActive (/snap/code/162/usr/share/code/resources/app/out/vs/workbench/api/node/extensionHostProcess.js:145:20960)
	at E.S (/snap/code/162/usr/share/code/resources/app/out/vs/workbench/api/node/extensionHostProcess.js:150:5970)
	at E.Q (/snap/code/162/usr/share/code/resources/app/out/vs/workbench/api/node/extensionHostProcess.js:150:5736)
	at E.M (/snap/code/162/usr/share/code/resources/app/out/vs/workbench/api/node/extensionHostProcess.js:150:4762)
	at E.L (/snap/code/162/usr/share/code/resources/app/out/vs/workbench/api/node/extensionHostProcess.js:150:3589)
	at n.value (/snap/code/162/usr/share/code/resources/app/out/vs/workbench/api/node/extensionHostProcess.js:150:2282)
	at l.y (/snap/code/162/usr/share/code/resources/app/out/vs/workbench/api/node/extensionHostProcess.js:82:664)
	at l.fire (/snap/code/162/usr/share/code/resources/app/out/vs/workbench/api/node/extensionHostProcess.js:82:881)
	at s.fire (/snap/code/162/usr/share/code/resources/app/out/vs/workbench/api/node/extensionHostProcess.js:107:14502)
	at n.value (/snap/code/162/usr/share/code/resources/app/out/vs/workbench/api/node/extensionHostProcess.js:176:8481)
	at l.y (/snap/code/162/usr/share/code/resources/app/out/vs/workbench/api/node/extensionHostProcess.js:82:664)
	at l.fire (/snap/code/162/usr/share/code/resources/app/out/vs/workbench/api/node/extensionHostProcess.js:82:881)
	at s.fire (/snap/code/162/usr/share/code/resources/app/out/vs/workbench/api/node/extensionHostProcess.js:107:14502)
	at MessagePortMain.<anonymous> (/snap/code/162/usr/share/code/resources/app/out/vs/workbench/api/node/extensionHostProcess.js:176:6631)
	at MessagePortMain.emit (node:events:514:28)
	at MessagePortMain._internalPort.emit (node:electron/js2c/utility_init:2:2285)
