2024-06-20 22:05:19.501 [info] Log level: Info
2024-06-20 22:05:19.501 [info] Validating found git in: "git"
2024-06-20 22:05:19.501 [info] Using git "2.34.1" from "git"
2024-06-20 22:05:19.501 [info] > git rev-parse --show-toplevel [4ms]
2024-06-20 22:05:19.501 [info] > git rev-parse --git-dir --git-common-dir [14ms]
2024-06-20 22:05:19.501 [info] Open repository: /home/vincent/projects/Reproducibility_Study_of_Poisoning_Backdoor-critical_Layers_Attack
2024-06-20 22:05:19.501 [info] > git rev-parse --show-toplevel [2ms]
2024-06-20 22:05:19.502 [info] > git config --get commit.template [6ms]
2024-06-20 22:05:19.512 [info] > git rev-parse --show-toplevel [5ms]
2024-06-20 22:05:19.517 [info] > git for-each-ref --format=%(refname)%00%(upstream:short)%00%(objectname)%00%(upstream:track)%00%(upstream:remotename)%00%(upstream:remoteref) refs/heads/main refs/remotes/main [6ms]
2024-06-20 22:05:19.521 [warning] ENOENT: no such file or directory, open '/home/vincent/projects/Reproducibility_Study_of_Poisoning_Backdoor-critical_Layers_Attack/.git/refs/remotes/origin/main'
2024-06-20 22:05:19.522 [info] > git rev-parse --show-toplevel [6ms]
2024-06-20 22:05:19.526 [info] > git rev-parse refs/remotes/origin/main [5ms]
2024-06-20 22:05:19.531 [info] > git rev-parse --show-toplevel [5ms]
2024-06-20 22:05:19.536 [info] > git rev-parse --show-toplevel [1ms]
2024-06-20 22:05:19.541 [info] > git rev-parse --show-toplevel [1ms]
2024-06-20 22:05:19.546 [info] > git rev-parse --show-toplevel [1ms]
2024-06-20 22:05:19.550 [info] > git rev-parse --show-toplevel [1ms]
2024-06-20 22:05:19.555 [info] > git rev-parse --show-toplevel [1ms]
2024-06-20 22:05:19.560 [info] > git status -z -uall [30ms]
2024-06-20 22:05:19.585 [info] > git merge-base refs/heads/main refs/remotes/origin/main [16ms]
2024-06-20 22:05:19.590 [info] > git rev-parse --show-toplevel [30ms]
2024-06-20 22:05:19.643 [info] > git rev-list --count --left-right refs/heads/main...refs/remotes/origin/main [53ms]
2024-06-20 22:05:19.648 [info] > git config --get commit.template [64ms]
2024-06-20 22:05:19.655 [info] > git diff --name-status -z --diff-filter=ADMR 55ef030729df1355e1654c727c868fe773717add...refs/remotes/origin/main [7ms]
2024-06-20 22:05:19.655 [info] > git rev-parse --show-toplevel [13ms]
2024-06-20 22:05:19.664 [info] > git for-each-ref --format=%(refname)%00%(upstream:short)%00%(objectname)%00%(upstream:track)%00%(upstream:remotename)%00%(upstream:remoteref) refs/heads/main refs/remotes/main [4ms]
2024-06-20 22:05:19.668 [warning] ENOENT: no such file or directory, open '/home/vincent/projects/Reproducibility_Study_of_Poisoning_Backdoor-critical_Layers_Attack/.git/refs/remotes/origin/main'
2024-06-20 22:05:19.668 [info] > git rev-parse --show-toplevel [4ms]
2024-06-20 22:05:19.672 [info] > git rev-parse refs/remotes/origin/main [4ms]
2024-06-20 22:05:19.676 [info] > git rev-parse --show-toplevel [4ms]
2024-06-20 22:05:19.681 [info] > git rev-parse --show-toplevel [1ms]
2024-06-20 22:05:19.686 [info] > git rev-parse --show-toplevel [1ms]
2024-06-20 22:05:19.691 [info] > git rev-parse --show-toplevel [1ms]
2024-06-20 22:05:19.695 [info] > git status -z -uall [19ms]
2024-06-20 22:05:19.703 [info] > git rev-parse --show-toplevel [9ms]
2024-06-20 22:05:19.708 [info] > git rev-parse --show-toplevel [1ms]
2024-06-20 22:05:19.712 [info] > git rev-parse --show-toplevel [1ms]
2024-06-20 22:05:19.716 [info] > git rev-parse --show-toplevel [1ms]
2024-06-20 22:05:19.720 [info] > git rev-parse --show-toplevel [1ms]
2024-06-20 22:05:19.724 [info] > git rev-parse --show-toplevel [1ms]
2024-06-20 22:05:19.729 [info] > git rev-parse --show-toplevel [1ms]
2024-06-20 22:05:19.733 [info] > git rev-parse --show-toplevel [1ms]
2024-06-20 22:05:19.737 [info] > git rev-parse --show-toplevel [1ms]
2024-06-20 22:05:19.742 [info] > git rev-parse --show-toplevel [1ms]
2024-06-20 22:05:19.747 [info] > git rev-parse --show-toplevel [1ms]
2024-06-20 22:05:20.008 [info] > git check-ignore -v -z --stdin [1ms]
2024-06-21 00:48:22.002 [info] > git check-ignore -v -z --stdin [1ms]
