2024-05-26 15:13:28.057 [info] Extension host with pid 9344 started
2024-05-26 15:13:28.057 [info] Skipping acquiring lock for /home/vincent/.config/Code/User/workspaceStorage/098a5ec9929ec881dafc2ffd00ec4440.
2024-05-26 15:13:28.119 [info] ExtensionService#_doActivateExtension vscode.emmet, startup: false, activationEvent: 'onLanguage'
2024-05-26 15:13:28.124 [info] ExtensionService#_doActivateExtension ms-python.python, startup: false, activationEvent: 'onLanguage:python', root cause: ms-python.debugpy
2024-05-26 15:13:28.243 [info] Extension host with pid 9389 started
2024-05-26 15:13:28.243 [info] Skipping acquiring lock for /home/vincent/.config/Code/User/workspaceStorage/098a5ec9929ec881dafc2ffd00ec4440.
2024-05-26 15:13:28.244 [info] Eager extensions activated
2024-05-26 15:13:28.247 [info] ExtensionService#_doActivateExtension asvetliakov.vscode-neovim, startup: false, activationEvent: 'onStartupFinished'
2024-05-26 15:13:28.345 [info] ExtensionService#_doActivateExtension ms-python.debugpy, startup: false, activationEvent: 'onLanguage:python'
2024-05-26 15:13:28.359 [info] ExtensionService#_doActivateExtension ms-python.vscode-pylance, startup: false, activationEvent: 'onLanguage:python'
2024-05-26 15:13:28.517 [info] ExtensionService#_doActivateExtension vscode.git-base, startup: true, activationEvent: '*', root cause: vscode.git
2024-05-26 15:13:28.535 [info] ExtensionService#_doActivateExtension vscode.git, startup: true, activationEvent: '*'
2024-05-26 15:13:28.559 [info] ExtensionService#_doActivateExtension vscode.github, startup: true, activationEvent: '*'
2024-05-26 15:13:28.585 [info] Eager extensions activated
2024-05-26 15:13:28.615 [info] ExtensionService#_doActivateExtension vscode.debug-auto-launch, startup: false, activationEvent: 'onStartupFinished'
2024-05-26 15:13:28.616 [info] ExtensionService#_doActivateExtension vscode.merge-conflict, startup: false, activationEvent: 'onStartupFinished'
2024-05-26 15:13:28.703 [info] ExtensionService#_doActivateExtension vscode.github-authentication, startup: false, activationEvent: 'onAuthenticationRequest:github'
2024-05-26 15:13:41.857 [info] ExtensionService#_doActivateExtension vscode.json-language-features, startup: false, activationEvent: 'onLanguage:jsonc'
2024-05-26 15:13:41.870 [info] ExtensionService#_doActivateExtension vscode.typescript-language-features, startup: false, activationEvent: 'onLanguage:jsonc'
2024-05-26 15:14:37.299 [error] Error: [ExtensionListenerError] Extension 'asvetliakov.vscode-neovim' FAILED to handle event: TypeError: Cannot read properties of undefined (reading 'command')
	at a.value (/snap/code/159/usr/share/code/resources/app/out/vs/workbench/api/node/extensionHostProcess.js:163:20680)
	at o.y (/snap/code/159/usr/share/code/resources/app/out/vs/workbench/api/node/extensionHostProcess.js:82:660)
	at o.fire (/snap/code/159/usr/share/code/resources/app/out/vs/workbench/api/node/extensionHostProcess.js:82:877)
	at A.onDidChangeWindowProperty (/snap/code/159/usr/share/code/resources/app/out/vs/workbench/api/node/extensionHostProcess.js:145:15803)
	at A.$onDidChangeWindowFocus (/snap/code/159/usr/share/code/resources/app/out/vs/workbench/api/node/extensionHostProcess.js:145:15614)
	at c.S (/snap/code/159/usr/share/code/resources/app/out/vs/workbench/api/node/extensionHostProcess.js:150:5505)
	at c.Q (/snap/code/159/usr/share/code/resources/app/out/vs/workbench/api/node/extensionHostProcess.js:150:5271)
	at c.M (/snap/code/159/usr/share/code/resources/app/out/vs/workbench/api/node/extensionHostProcess.js:150:4361)
	at c.L (/snap/code/159/usr/share/code/resources/app/out/vs/workbench/api/node/extensionHostProcess.js:150:3440)
	at a.value (/snap/code/159/usr/share/code/resources/app/out/vs/workbench/api/node/extensionHostProcess.js:150:2227)
	at o.y (/snap/code/159/usr/share/code/resources/app/out/vs/workbench/api/node/extensionHostProcess.js:82:660)
	at o.fire (/snap/code/159/usr/share/code/resources/app/out/vs/workbench/api/node/extensionHostProcess.js:82:877)
	at u.fire (/snap/code/159/usr/share/code/resources/app/out/vs/workbench/api/node/extensionHostProcess.js:107:14175)
	at a.value (/snap/code/159/usr/share/code/resources/app/out/vs/workbench/api/node/extensionHostProcess.js:176:8023)
	at o.y (/snap/code/159/usr/share/code/resources/app/out/vs/workbench/api/node/extensionHostProcess.js:82:660)
	at o.fire (/snap/code/159/usr/share/code/resources/app/out/vs/workbench/api/node/extensionHostProcess.js:82:877)
	at u.fire (/snap/code/159/usr/share/code/resources/app/out/vs/workbench/api/node/extensionHostProcess.js:107:14175)
	at MessagePortMain.<anonymous> (/snap/code/159/usr/share/code/resources/app/out/vs/workbench/api/node/extensionHostProcess.js:176:6303)
	at MessagePortMain.emit (node:events:517:28)
	at MessagePortMain._internalPort.emit (node:electron/js2c/utility_init:2:2285)
2024-05-26 15:14:38.414 [error] Error: [ExtensionListenerError] Extension 'asvetliakov.vscode-neovim' FAILED to handle event: TypeError: Cannot read properties of undefined (reading 'command')
	at a.value (/snap/code/159/usr/share/code/resources/app/out/vs/workbench/api/node/extensionHostProcess.js:163:20680)
	at o.y (/snap/code/159/usr/share/code/resources/app/out/vs/workbench/api/node/extensionHostProcess.js:82:660)
	at o.fire (/snap/code/159/usr/share/code/resources/app/out/vs/workbench/api/node/extensionHostProcess.js:82:877)
	at A.onDidChangeWindowProperty (/snap/code/159/usr/share/code/resources/app/out/vs/workbench/api/node/extensionHostProcess.js:145:15803)
	at A.$onDidChangeWindowActive (/snap/code/159/usr/share/code/resources/app/out/vs/workbench/api/node/extensionHostProcess.js:145:15686)
	at c.S (/snap/code/159/usr/share/code/resources/app/out/vs/workbench/api/node/extensionHostProcess.js:150:5505)
	at c.Q (/snap/code/159/usr/share/code/resources/app/out/vs/workbench/api/node/extensionHostProcess.js:150:5271)
	at c.M (/snap/code/159/usr/share/code/resources/app/out/vs/workbench/api/node/extensionHostProcess.js:150:4361)
	at c.L (/snap/code/159/usr/share/code/resources/app/out/vs/workbench/api/node/extensionHostProcess.js:150:3440)
	at a.value (/snap/code/159/usr/share/code/resources/app/out/vs/workbench/api/node/extensionHostProcess.js:150:2227)
	at o.y (/snap/code/159/usr/share/code/resources/app/out/vs/workbench/api/node/extensionHostProcess.js:82:660)
	at o.fire (/snap/code/159/usr/share/code/resources/app/out/vs/workbench/api/node/extensionHostProcess.js:82:877)
	at u.fire (/snap/code/159/usr/share/code/resources/app/out/vs/workbench/api/node/extensionHostProcess.js:107:14175)
	at a.value (/snap/code/159/usr/share/code/resources/app/out/vs/workbench/api/node/extensionHostProcess.js:176:8023)
	at o.y (/snap/code/159/usr/share/code/resources/app/out/vs/workbench/api/node/extensionHostProcess.js:82:660)
	at o.fire (/snap/code/159/usr/share/code/resources/app/out/vs/workbench/api/node/extensionHostProcess.js:82:877)
	at u.fire (/snap/code/159/usr/share/code/resources/app/out/vs/workbench/api/node/extensionHostProcess.js:107:14175)
	at MessagePortMain.<anonymous> (/snap/code/159/usr/share/code/resources/app/out/vs/workbench/api/node/extensionHostProcess.js:176:6303)
	at MessagePortMain.emit (node:events:517:28)
	at MessagePortMain._internalPort.emit (node:electron/js2c/utility_init:2:2285)
2024-05-26 15:14:51.608 [error] Error: [ExtensionListenerError] Extension 'asvetliakov.vscode-neovim' FAILED to handle event: TypeError: Cannot read properties of undefined (reading 'command')
	at a.value (/snap/code/159/usr/share/code/resources/app/out/vs/workbench/api/node/extensionHostProcess.js:163:20680)
	at o.y (/snap/code/159/usr/share/code/resources/app/out/vs/workbench/api/node/extensionHostProcess.js:82:660)
	at o.fire (/snap/code/159/usr/share/code/resources/app/out/vs/workbench/api/node/extensionHostProcess.js:82:877)
	at A.onDidChangeWindowProperty (/snap/code/159/usr/share/code/resources/app/out/vs/workbench/api/node/extensionHostProcess.js:145:15803)
	at A.$onDidChangeWindowFocus (/snap/code/159/usr/share/code/resources/app/out/vs/workbench/api/node/extensionHostProcess.js:145:15614)
	at c.S (/snap/code/159/usr/share/code/resources/app/out/vs/workbench/api/node/extensionHostProcess.js:150:5505)
	at c.Q (/snap/code/159/usr/share/code/resources/app/out/vs/workbench/api/node/extensionHostProcess.js:150:5271)
	at c.M (/snap/code/159/usr/share/code/resources/app/out/vs/workbench/api/node/extensionHostProcess.js:150:4361)
	at c.L (/snap/code/159/usr/share/code/resources/app/out/vs/workbench/api/node/extensionHostProcess.js:150:3440)
	at a.value (/snap/code/159/usr/share/code/resources/app/out/vs/workbench/api/node/extensionHostProcess.js:150:2227)
	at o.y (/snap/code/159/usr/share/code/resources/app/out/vs/workbench/api/node/extensionHostProcess.js:82:660)
	at o.fire (/snap/code/159/usr/share/code/resources/app/out/vs/workbench/api/node/extensionHostProcess.js:82:877)
	at u.fire (/snap/code/159/usr/share/code/resources/app/out/vs/workbench/api/node/extensionHostProcess.js:107:14175)
	at a.value (/snap/code/159/usr/share/code/resources/app/out/vs/workbench/api/node/extensionHostProcess.js:176:8023)
	at o.y (/snap/code/159/usr/share/code/resources/app/out/vs/workbench/api/node/extensionHostProcess.js:82:660)
	at o.fire (/snap/code/159/usr/share/code/resources/app/out/vs/workbench/api/node/extensionHostProcess.js:82:877)
	at u.fire (/snap/code/159/usr/share/code/resources/app/out/vs/workbench/api/node/extensionHostProcess.js:107:14175)
	at MessagePortMain.<anonymous> (/snap/code/159/usr/share/code/resources/app/out/vs/workbench/api/node/extensionHostProcess.js:176:6303)
	at MessagePortMain.emit (node:events:517:28)
	at MessagePortMain._internalPort.emit (node:electron/js2c/utility_init:2:2285)
2024-05-26 15:14:53.620 [error] Error: [ExtensionListenerError] Extension 'asvetliakov.vscode-neovim' FAILED to handle event: TypeError: Cannot read properties of undefined (reading 'command')
	at a.value (/snap/code/159/usr/share/code/resources/app/out/vs/workbench/api/node/extensionHostProcess.js:163:20680)
	at o.y (/snap/code/159/usr/share/code/resources/app/out/vs/workbench/api/node/extensionHostProcess.js:82:660)
	at o.fire (/snap/code/159/usr/share/code/resources/app/out/vs/workbench/api/node/extensionHostProcess.js:82:877)
	at A.onDidChangeWindowProperty (/snap/code/159/usr/share/code/resources/app/out/vs/workbench/api/node/extensionHostProcess.js:145:15803)
	at A.$onDidChangeWindowActive (/snap/code/159/usr/share/code/resources/app/out/vs/workbench/api/node/extensionHostProcess.js:145:15686)
	at c.S (/snap/code/159/usr/share/code/resources/app/out/vs/workbench/api/node/extensionHostProcess.js:150:5505)
	at c.Q (/snap/code/159/usr/share/code/resources/app/out/vs/workbench/api/node/extensionHostProcess.js:150:5271)
	at c.M (/snap/code/159/usr/share/code/resources/app/out/vs/workbench/api/node/extensionHostProcess.js:150:4361)
	at c.L (/snap/code/159/usr/share/code/resources/app/out/vs/workbench/api/node/extensionHostProcess.js:150:3440)
	at a.value (/snap/code/159/usr/share/code/resources/app/out/vs/workbench/api/node/extensionHostProcess.js:150:2227)
	at o.y (/snap/code/159/usr/share/code/resources/app/out/vs/workbench/api/node/extensionHostProcess.js:82:660)
	at o.fire (/snap/code/159/usr/share/code/resources/app/out/vs/workbench/api/node/extensionHostProcess.js:82:877)
	at u.fire (/snap/code/159/usr/share/code/resources/app/out/vs/workbench/api/node/extensionHostProcess.js:107:14175)
	at a.value (/snap/code/159/usr/share/code/resources/app/out/vs/workbench/api/node/extensionHostProcess.js:176:8023)
	at o.y (/snap/code/159/usr/share/code/resources/app/out/vs/workbench/api/node/extensionHostProcess.js:82:660)
	at o.fire (/snap/code/159/usr/share/code/resources/app/out/vs/workbench/api/node/extensionHostProcess.js:82:877)
	at u.fire (/snap/code/159/usr/share/code/resources/app/out/vs/workbench/api/node/extensionHostProcess.js:107:14175)
	at MessagePortMain.<anonymous> (/snap/code/159/usr/share/code/resources/app/out/vs/workbench/api/node/extensionHostProcess.js:176:6303)
	at MessagePortMain.emit (node:events:517:28)
	at MessagePortMain._internalPort.emit (node:electron/js2c/utility_init:2:2285)
2024-05-26 15:15:03.250 [info] ExtensionService#_doActivateExtension vscode.debug-server-ready, startup: false, activationEvent: 'onDebugResolve'
2024-05-26 15:15:10.324 [error] Error: [ExtensionListenerError] Extension 'asvetliakov.vscode-neovim' FAILED to handle event: TypeError: Cannot read properties of undefined (reading 'command')
	at a.value (/snap/code/159/usr/share/code/resources/app/out/vs/workbench/api/node/extensionHostProcess.js:163:20680)
	at o.y (/snap/code/159/usr/share/code/resources/app/out/vs/workbench/api/node/extensionHostProcess.js:82:660)
	at o.fire (/snap/code/159/usr/share/code/resources/app/out/vs/workbench/api/node/extensionHostProcess.js:82:877)
	at A.onDidChangeWindowProperty (/snap/code/159/usr/share/code/resources/app/out/vs/workbench/api/node/extensionHostProcess.js:145:15803)
	at A.$onDidChangeWindowFocus (/snap/code/159/usr/share/code/resources/app/out/vs/workbench/api/node/extensionHostProcess.js:145:15614)
	at c.S (/snap/code/159/usr/share/code/resources/app/out/vs/workbench/api/node/extensionHostProcess.js:150:5505)
	at c.Q (/snap/code/159/usr/share/code/resources/app/out/vs/workbench/api/node/extensionHostProcess.js:150:5271)
	at c.M (/snap/code/159/usr/share/code/resources/app/out/vs/workbench/api/node/extensionHostProcess.js:150:4361)
	at c.L (/snap/code/159/usr/share/code/resources/app/out/vs/workbench/api/node/extensionHostProcess.js:150:3440)
	at a.value (/snap/code/159/usr/share/code/resources/app/out/vs/workbench/api/node/extensionHostProcess.js:150:2227)
	at o.y (/snap/code/159/usr/share/code/resources/app/out/vs/workbench/api/node/extensionHostProcess.js:82:660)
	at o.fire (/snap/code/159/usr/share/code/resources/app/out/vs/workbench/api/node/extensionHostProcess.js:82:877)
	at u.fire (/snap/code/159/usr/share/code/resources/app/out/vs/workbench/api/node/extensionHostProcess.js:107:14175)
	at a.value (/snap/code/159/usr/share/code/resources/app/out/vs/workbench/api/node/extensionHostProcess.js:176:8023)
	at o.y (/snap/code/159/usr/share/code/resources/app/out/vs/workbench/api/node/extensionHostProcess.js:82:660)
	at o.fire (/snap/code/159/usr/share/code/resources/app/out/vs/workbench/api/node/extensionHostProcess.js:82:877)
	at u.fire (/snap/code/159/usr/share/code/resources/app/out/vs/workbench/api/node/extensionHostProcess.js:107:14175)
	at MessagePortMain.<anonymous> (/snap/code/159/usr/share/code/resources/app/out/vs/workbench/api/node/extensionHostProcess.js:176:6303)
	at MessagePortMain.emit (node:events:517:28)
	at MessagePortMain._internalPort.emit (node:electron/js2c/utility_init:2:2285)
2024-05-26 15:15:46.417 [error] Error: [ExtensionListenerError] Extension 'asvetliakov.vscode-neovim' FAILED to handle event: TypeError: Cannot read properties of undefined (reading 'command')
	at a.value (/snap/code/159/usr/share/code/resources/app/out/vs/workbench/api/node/extensionHostProcess.js:163:20680)
	at o.y (/snap/code/159/usr/share/code/resources/app/out/vs/workbench/api/node/extensionHostProcess.js:82:660)
	at o.fire (/snap/code/159/usr/share/code/resources/app/out/vs/workbench/api/node/extensionHostProcess.js:82:877)
	at A.onDidChangeWindowProperty (/snap/code/159/usr/share/code/resources/app/out/vs/workbench/api/node/extensionHostProcess.js:145:15803)
	at A.$onDidChangeWindowFocus (/snap/code/159/usr/share/code/resources/app/out/vs/workbench/api/node/extensionHostProcess.js:145:15614)
	at c.S (/snap/code/159/usr/share/code/resources/app/out/vs/workbench/api/node/extensionHostProcess.js:150:5505)
	at c.Q (/snap/code/159/usr/share/code/resources/app/out/vs/workbench/api/node/extensionHostProcess.js:150:5271)
	at c.M (/snap/code/159/usr/share/code/resources/app/out/vs/workbench/api/node/extensionHostProcess.js:150:4361)
	at c.L (/snap/code/159/usr/share/code/resources/app/out/vs/workbench/api/node/extensionHostProcess.js:150:3440)
	at a.value (/snap/code/159/usr/share/code/resources/app/out/vs/workbench/api/node/extensionHostProcess.js:150:2227)
	at o.y (/snap/code/159/usr/share/code/resources/app/out/vs/workbench/api/node/extensionHostProcess.js:82:660)
	at o.fire (/snap/code/159/usr/share/code/resources/app/out/vs/workbench/api/node/extensionHostProcess.js:82:877)
	at u.fire (/snap/code/159/usr/share/code/resources/app/out/vs/workbench/api/node/extensionHostProcess.js:107:14175)
	at a.value (/snap/code/159/usr/share/code/resources/app/out/vs/workbench/api/node/extensionHostProcess.js:176:8023)
	at o.y (/snap/code/159/usr/share/code/resources/app/out/vs/workbench/api/node/extensionHostProcess.js:82:660)
	at o.fire (/snap/code/159/usr/share/code/resources/app/out/vs/workbench/api/node/extensionHostProcess.js:82:877)
	at u.fire (/snap/code/159/usr/share/code/resources/app/out/vs/workbench/api/node/extensionHostProcess.js:107:14175)
	at MessagePortMain.<anonymous> (/snap/code/159/usr/share/code/resources/app/out/vs/workbench/api/node/extensionHostProcess.js:176:6303)
	at MessagePortMain.emit (node:events:517:28)
	at MessagePortMain._internalPort.emit (node:electron/js2c/utility_init:2:2285)
2024-05-26 15:16:06.364 [info] Extension host terminating: renderer closed the MessagePort
2024-05-26 15:16:06.365 [info] Extension host terminating: renderer closed the MessagePort
2024-05-26 15:16:06.367 [info] Extension host with pid 9389 exiting with code 0
2024-05-26 15:16:06.381 [error] Canceled: Canceled
	at new O (/snap/code/159/usr/share/code/resources/app/out/vs/workbench/api/node/extensionHostProcess.js:143:47131)
	at c.U (/snap/code/159/usr/share/code/resources/app/out/vs/workbench/api/node/extensionHostProcess.js:150:5542)
	at F.<computed>.z.charCodeAt.F.<computed> (/snap/code/159/usr/share/code/resources/app/out/vs/workbench/api/node/extensionHostProcess.js:150:2993)
	at r.g (/snap/code/159/usr/share/code/resources/app/out/vs/workbench/api/node/extensionHostProcess.js:153:188926)
	at r.executeCommand (/snap/code/159/usr/share/code/resources/app/out/vs/workbench/api/node/extensionHostProcess.js:153:188364)
	at k.registerCommand.description (/snap/code/159/usr/share/code/resources/app/out/vs/workbench/api/node/extensionHostProcess.js:153:187688)
	at r.h (/snap/code/159/usr/share/code/resources/app/out/vs/workbench/api/node/extensionHostProcess.js:153:189465)
	at r.g (/snap/code/159/usr/share/code/resources/app/out/vs/workbench/api/node/extensionHostProcess.js:153:188457)
	at r.executeCommand (/snap/code/159/usr/share/code/resources/app/out/vs/workbench/api/node/extensionHostProcess.js:153:188364)
	at Object.executeCommand (/snap/code/159/usr/share/code/resources/app/out/vs/workbench/api/node/extensionHostProcess.js:163:22673)
	at a.O [as value] (/snap/code/159/usr/share/code/resources/app/extensions/git/dist/main.js:2:945138)
	at o.y (/snap/code/159/usr/share/code/resources/app/out/vs/workbench/api/node/extensionHostProcess.js:82:660)
	at o.z (/snap/code/159/usr/share/code/resources/app/out/vs/workbench/api/node/extensionHostProcess.js:82:730)
	at o.fire (/snap/code/159/usr/share/code/resources/app/out/vs/workbench/api/node/extensionHostProcess.js:82:946)
	at Object.p [as dispose] (/snap/code/159/usr/share/code/resources/app/extensions/git/dist/main.js:2:964222)
	at /snap/code/159/usr/share/code/resources/app/extensions/git/dist/main.js:2:970260
	at Array.forEach (<anonymous>)
	at f.dispose (/snap/code/159/usr/share/code/resources/app/extensions/git/dist/main.js:2:970246)
	at h.<anonymous> (/snap/code/159/usr/share/code/resources/app/out/vs/workbench/api/node/extensionHostProcess.js:151:3955)
	at h.dispose (/snap/code/159/usr/share/code/resources/app/out/vs/workbench/api/node/extensionHostProcess.js:151:4052)
	at h.<anonymous> (/snap/code/159/usr/share/code/resources/app/extensions/git/dist/main.js:2:947395)
	at h.dispose (/snap/code/159/usr/share/code/resources/app/out/vs/workbench/api/node/extensionHostProcess.js:151:4052)
	at a (/snap/code/159/usr/share/code/resources/app/out/vs/workbench/api/node/extensionHostProcess.js:30:744)
	at f.eb (/snap/code/159/usr/share/code/resources/app/out/vs/workbench/api/node/extensionHostProcess.js:159:9975)
	at /snap/code/159/usr/share/code/resources/app/out/vs/workbench/api/node/extensionHostProcess.js:159:7824
	at Array.map (<anonymous>)
	at f.$ (/snap/code/159/usr/share/code/resources/app/out/vs/workbench/api/node/extensionHostProcess.js:159:7811)
	at f.terminate (/snap/code/159/usr/share/code/resources/app/out/vs/workbench/api/node/extensionHostProcess.js:159:8085)
	at a.terminate (/snap/code/159/usr/share/code/resources/app/out/vs/workbench/api/node/extensionHostProcess.js:163:1513)
	at t (/snap/code/159/usr/share/code/resources/app/out/vs/workbench/api/node/extensionHostProcess.js:176:9922)
	at MessagePortMain.<anonymous> (/snap/code/159/usr/share/code/resources/app/out/vs/workbench/api/node/extensionHostProcess.js:176:6347)
	at MessagePortMain.emit (node:events:517:28)
	at MessagePortMain._internalPort.emit (node:electron/js2c/utility_init:2:2285) setContext undefined
2024-05-26 15:16:06.382 [error] Canceled: Canceled
	at new O (/snap/code/159/usr/share/code/resources/app/out/vs/workbench/api/node/extensionHostProcess.js:143:47131)
	at c.U (/snap/code/159/usr/share/code/resources/app/out/vs/workbench/api/node/extensionHostProcess.js:150:5542)
	at F.<computed>.z.charCodeAt.F.<computed> (/snap/code/159/usr/share/code/resources/app/out/vs/workbench/api/node/extensionHostProcess.js:150:2993)
	at r.g (/snap/code/159/usr/share/code/resources/app/out/vs/workbench/api/node/extensionHostProcess.js:153:188926)
	at r.executeCommand (/snap/code/159/usr/share/code/resources/app/out/vs/workbench/api/node/extensionHostProcess.js:153:188364)
	at k.registerCommand.description (/snap/code/159/usr/share/code/resources/app/out/vs/workbench/api/node/extensionHostProcess.js:153:187688)
	at r.h (/snap/code/159/usr/share/code/resources/app/out/vs/workbench/api/node/extensionHostProcess.js:153:189465)
	at r.g (/snap/code/159/usr/share/code/resources/app/out/vs/workbench/api/node/extensionHostProcess.js:153:188457)
	at r.executeCommand (/snap/code/159/usr/share/code/resources/app/out/vs/workbench/api/node/extensionHostProcess.js:153:188364)
	at Object.executeCommand (/snap/code/159/usr/share/code/resources/app/out/vs/workbench/api/node/extensionHostProcess.js:163:22673)
	at set hasGitHubRepositories [as hasGitHubRepositories] (/snap/code/159/usr/share/code/resources/app/extensions/github/dist/extension.js:2:322969)
	at /snap/code/159/usr/share/code/resources/app/extensions/github/dist/extension.js:2:323928
	at a.value (/snap/code/159/usr/share/code/resources/app/extensions/git/dist/main.js:2:1050711)
	at o.y (/snap/code/159/usr/share/code/resources/app/out/vs/workbench/api/node/extensionHostProcess.js:82:660)
	at o.z (/snap/code/159/usr/share/code/resources/app/out/vs/workbench/api/node/extensionHostProcess.js:82:730)
	at o.fire (/snap/code/159/usr/share/code/resources/app/out/vs/workbench/api/node/extensionHostProcess.js:82:946)
	at Object.p [as dispose] (/snap/code/159/usr/share/code/resources/app/extensions/git/dist/main.js:2:964222)
	at /snap/code/159/usr/share/code/resources/app/extensions/git/dist/main.js:2:970260
	at Array.forEach (<anonymous>)
	at f.dispose (/snap/code/159/usr/share/code/resources/app/extensions/git/dist/main.js:2:970246)
	at h.<anonymous> (/snap/code/159/usr/share/code/resources/app/out/vs/workbench/api/node/extensionHostProcess.js:151:3955)
	at h.dispose (/snap/code/159/usr/share/code/resources/app/out/vs/workbench/api/node/extensionHostProcess.js:151:4052)
	at h.<anonymous> (/snap/code/159/usr/share/code/resources/app/extensions/git/dist/main.js:2:947395)
	at h.dispose (/snap/code/159/usr/share/code/resources/app/out/vs/workbench/api/node/extensionHostProcess.js:151:4052)
	at a (/snap/code/159/usr/share/code/resources/app/out/vs/workbench/api/node/extensionHostProcess.js:30:744)
	at f.eb (/snap/code/159/usr/share/code/resources/app/out/vs/workbench/api/node/extensionHostProcess.js:159:9975)
	at /snap/code/159/usr/share/code/resources/app/out/vs/workbench/api/node/extensionHostProcess.js:159:7824
	at Array.map (<anonymous>)
	at f.$ (/snap/code/159/usr/share/code/resources/app/out/vs/workbench/api/node/extensionHostProcess.js:159:7811)
	at f.terminate (/snap/code/159/usr/share/code/resources/app/out/vs/workbench/api/node/extensionHostProcess.js:159:8085)
	at a.terminate (/snap/code/159/usr/share/code/resources/app/out/vs/workbench/api/node/extensionHostProcess.js:163:1513)
	at t (/snap/code/159/usr/share/code/resources/app/out/vs/workbench/api/node/extensionHostProcess.js:176:9922)
	at MessagePortMain.<anonymous> (/snap/code/159/usr/share/code/resources/app/out/vs/workbench/api/node/extensionHostProcess.js:176:6347)
	at MessagePortMain.emit (node:events:517:28)
	at MessagePortMain._internalPort.emit (node:electron/js2c/utility_init:2:2285) setContext undefined
2024-05-26 15:16:06.383 [info] Extension host with pid 9344 exiting with code 0
