2024-03-31 16:29:18.759 [info] Extension host with pid 78260 started
2024-03-31 16:29:18.859 [info] ExtensionService#_doActivateExtension vscode.emmet, startup: false, activationEvent: 'onLanguage'
2024-03-31 16:29:18.871 [info] ExtensionService#_doActivateExtension ms-python.debugpy, startup: false, activationEvent: 'onLanguage:python'
2024-03-31 16:29:18.908 [info] ExtensionService#_doActivateExtension ms-python.python, startup: false, activationEvent: 'onLanguage:python'
2024-03-31 16:29:19.102 [info] Extension host with pid 78294 started
2024-03-31 16:29:19.103 [info] Eager extensions activated
2024-03-31 16:29:19.112 [info] ExtensionService#_doActivateExtension asvetliakov.vscode-neovim, startup: false, activationEvent: 'onStartupFinished'
2024-03-31 16:29:19.155 [info] ExtensionService#_doActivateExtension ms-python.vscode-pylance, startup: false, activationEvent: 'onLanguage:python'
2024-03-31 16:29:19.431 [info] ExtensionService#_doActivateExtension vscode.git-base, startup: true, activationEvent: '*', root cause: vscode.git
2024-03-31 16:29:19.434 [info] ExtensionService#_doActivateExtension vscode.git, startup: true, activationEvent: '*'
2024-03-31 16:29:19.477 [info] ExtensionService#_doActivateExtension vscode.github, startup: true, activationEvent: '*'
2024-03-31 16:29:19.540 [info] Eager extensions activated
2024-03-31 16:29:19.557 [info] ExtensionService#_doActivateExtension vscode.debug-auto-launch, startup: false, activationEvent: 'onStartupFinished'
2024-03-31 16:29:19.558 [info] ExtensionService#_doActivateExtension vscode.merge-conflict, startup: false, activationEvent: 'onStartupFinished'
2024-03-31 16:29:20.384 [info] Extension host terminating: renderer closed the MessagePort
2024-03-31 16:29:20.384 [info] Extension host terminating: renderer closed the MessagePort
2024-03-31 16:29:20.386 [info] Extension host with pid 78294 exiting with code 0
2024-03-31 16:29:20.403 [error] ProxyResolver#resolveProxy DIRECT Canceled: Canceled
	at new $ (/snap/code/155/usr/share/code/resources/app/out/vs/workbench/api/node/extensionHostProcess.js:140:45885)
	at s.U (/snap/code/155/usr/share/code/resources/app/out/vs/workbench/api/node/extensionHostProcess.js:147:5556)
	at z.<computed>.T.charCodeAt.z.<computed> (/snap/code/155/usr/share/code/resources/app/out/vs/workbench/api/node/extensionHostProcess.js:147:3007)
	at A.resolveProxy (/snap/code/155/usr/share/code/resources/app/out/vs/workbench/api/node/extensionHostProcess.js:153:41297)
	at Object.resolveProxy (/snap/code/155/usr/share/code/resources/app/out/vs/workbench/api/node/extensionHostProcess.js:135:33352)
	at useProxySettings (/snap/code/155/usr/share/code/resources/app/node_modules.asar/@vscode/proxy-agent/out/index.js:165:16)
	at /snap/code/155/usr/share/code/resources/app/node_modules.asar/@vscode/proxy-agent/out/index.js:113:13
	at /snap/code/155/usr/share/code/resources/app/node_modules.asar/@vscode/proxy-agent/out/index.js:459:13 
2024-03-31 16:29:20.508 [info] Extension host with pid 78260 exiting with code 0
