2024-05-26 14:53:11.995 [info] Extension host with pid 963719 started
2024-05-26 14:53:12.034 [info] ExtensionService#_doActivateExtension vscode.emmet, startup: false, activationEvent: 'onLanguage'
2024-05-26 14:53:12.046 [info] ExtensionService#_doActivateExtension ms-python.python, startup: false, activationEvent: 'onLanguage:python', root cause: ms-python.debugpy
2024-05-26 14:53:12.228 [info] Extension host with pid 963745 started
2024-05-26 14:53:12.230 [info] Eager extensions activated
2024-05-26 14:53:12.234 [info] ExtensionService#_doActivateExtension asvetliakov.vscode-neovim, startup: false, activationEvent: 'onStartupFinished'
2024-05-26 14:53:12.302 [info] ExtensionService#_doActivateExtension ms-python.debugpy, startup: false, activationEvent: 'onLanguage:python'
2024-05-26 14:53:12.337 [info] ExtensionService#_doActivateExtension ms-python.vscode-pylance, startup: false, activationEvent: 'onLanguage:python'
2024-05-26 14:53:12.638 [info] ExtensionService#_doActivateExtension vscode.git-base, startup: true, activationEvent: '*', root cause: vscode.git
2024-05-26 14:53:12.641 [info] ExtensionService#_doActivateExtension vscode.git, startup: true, activationEvent: '*'
2024-05-26 14:53:12.685 [info] ExtensionService#_doActivateExtension vscode.github, startup: true, activationEvent: '*'
2024-05-26 14:53:12.753 [info] Eager extensions activated
2024-05-26 14:53:12.758 [info] ExtensionService#_doActivateExtension vscode.debug-auto-launch, startup: false, activationEvent: 'onStartupFinished'
2024-05-26 14:53:12.760 [info] ExtensionService#_doActivateExtension vscode.merge-conflict, startup: false, activationEvent: 'onStartupFinished'
2024-05-26 14:53:20.396 [error] Error: [ExtensionListenerError] Extension 'asvetliakov.vscode-neovim' FAILED to handle event: TypeError: Cannot read properties of undefined (reading 'command')
	at a.value (/snap/code/159/usr/share/code/resources/app/out/vs/workbench/api/node/extensionHostProcess.js:163:20680)
	at o.y (/snap/code/159/usr/share/code/resources/app/out/vs/workbench/api/node/extensionHostProcess.js:82:660)
	at o.fire (/snap/code/159/usr/share/code/resources/app/out/vs/workbench/api/node/extensionHostProcess.js:82:877)
	at A.onDidChangeWindowProperty (/snap/code/159/usr/share/code/resources/app/out/vs/workbench/api/node/extensionHostProcess.js:145:15803)
	at A.$onDidChangeWindowFocus (/snap/code/159/usr/share/code/resources/app/out/vs/workbench/api/node/extensionHostProcess.js:145:15614)
	at c.S (/snap/code/159/usr/share/code/resources/app/out/vs/workbench/api/node/extensionHostProcess.js:150:5505)
	at c.Q (/snap/code/159/usr/share/code/resources/app/out/vs/workbench/api/node/extensionHostProcess.js:150:5271)
	at c.M (/snap/code/159/usr/share/code/resources/app/out/vs/workbench/api/node/extensionHostProcess.js:150:4361)
	at c.L (/snap/code/159/usr/share/code/resources/app/out/vs/workbench/api/node/extensionHostProcess.js:150:3440)
	at a.value (/snap/code/159/usr/share/code/resources/app/out/vs/workbench/api/node/extensionHostProcess.js:150:2227)
	at o.y (/snap/code/159/usr/share/code/resources/app/out/vs/workbench/api/node/extensionHostProcess.js:82:660)
	at o.fire (/snap/code/159/usr/share/code/resources/app/out/vs/workbench/api/node/extensionHostProcess.js:82:877)
	at u.fire (/snap/code/159/usr/share/code/resources/app/out/vs/workbench/api/node/extensionHostProcess.js:107:14175)
	at a.value (/snap/code/159/usr/share/code/resources/app/out/vs/workbench/api/node/extensionHostProcess.js:176:8023)
	at o.y (/snap/code/159/usr/share/code/resources/app/out/vs/workbench/api/node/extensionHostProcess.js:82:660)
	at o.fire (/snap/code/159/usr/share/code/resources/app/out/vs/workbench/api/node/extensionHostProcess.js:82:877)
	at u.fire (/snap/code/159/usr/share/code/resources/app/out/vs/workbench/api/node/extensionHostProcess.js:107:14175)
	at MessagePortMain.<anonymous> (/snap/code/159/usr/share/code/resources/app/out/vs/workbench/api/node/extensionHostProcess.js:176:6303)
	at MessagePortMain.emit (node:events:517:28)
	at MessagePortMain._internalPort.emit (node:electron/js2c/utility_init:2:2285)
2024-05-26 14:53:27.051 [error] Error: [ExtensionListenerError] Extension 'asvetliakov.vscode-neovim' FAILED to handle event: TypeError: Cannot read properties of undefined (reading 'command')
	at a.value (/snap/code/159/usr/share/code/resources/app/out/vs/workbench/api/node/extensionHostProcess.js:163:20680)
	at o.y (/snap/code/159/usr/share/code/resources/app/out/vs/workbench/api/node/extensionHostProcess.js:82:660)
	at o.fire (/snap/code/159/usr/share/code/resources/app/out/vs/workbench/api/node/extensionHostProcess.js:82:877)
	at A.onDidChangeWindowProperty (/snap/code/159/usr/share/code/resources/app/out/vs/workbench/api/node/extensionHostProcess.js:145:15803)
	at A.$onDidChangeWindowFocus (/snap/code/159/usr/share/code/resources/app/out/vs/workbench/api/node/extensionHostProcess.js:145:15614)
	at c.S (/snap/code/159/usr/share/code/resources/app/out/vs/workbench/api/node/extensionHostProcess.js:150:5505)
	at c.Q (/snap/code/159/usr/share/code/resources/app/out/vs/workbench/api/node/extensionHostProcess.js:150:5271)
	at c.M (/snap/code/159/usr/share/code/resources/app/out/vs/workbench/api/node/extensionHostProcess.js:150:4361)
	at c.L (/snap/code/159/usr/share/code/resources/app/out/vs/workbench/api/node/extensionHostProcess.js:150:3440)
	at a.value (/snap/code/159/usr/share/code/resources/app/out/vs/workbench/api/node/extensionHostProcess.js:150:2227)
	at o.y (/snap/code/159/usr/share/code/resources/app/out/vs/workbench/api/node/extensionHostProcess.js:82:660)
	at o.fire (/snap/code/159/usr/share/code/resources/app/out/vs/workbench/api/node/extensionHostProcess.js:82:877)
	at u.fire (/snap/code/159/usr/share/code/resources/app/out/vs/workbench/api/node/extensionHostProcess.js:107:14175)
	at a.value (/snap/code/159/usr/share/code/resources/app/out/vs/workbench/api/node/extensionHostProcess.js:176:8023)
	at o.y (/snap/code/159/usr/share/code/resources/app/out/vs/workbench/api/node/extensionHostProcess.js:82:660)
	at o.fire (/snap/code/159/usr/share/code/resources/app/out/vs/workbench/api/node/extensionHostProcess.js:82:877)
	at u.fire (/snap/code/159/usr/share/code/resources/app/out/vs/workbench/api/node/extensionHostProcess.js:107:14175)
	at MessagePortMain.<anonymous> (/snap/code/159/usr/share/code/resources/app/out/vs/workbench/api/node/extensionHostProcess.js:176:6303)
	at MessagePortMain.emit (node:events:517:28)
	at MessagePortMain._internalPort.emit (node:electron/js2c/utility_init:2:2285)
2024-05-26 14:53:27.912 [error] Error: [ExtensionListenerError] Extension 'asvetliakov.vscode-neovim' FAILED to handle event: TypeError: Cannot read properties of undefined (reading 'command')
	at a.value (/snap/code/159/usr/share/code/resources/app/out/vs/workbench/api/node/extensionHostProcess.js:163:20680)
	at o.y (/snap/code/159/usr/share/code/resources/app/out/vs/workbench/api/node/extensionHostProcess.js:82:660)
	at o.fire (/snap/code/159/usr/share/code/resources/app/out/vs/workbench/api/node/extensionHostProcess.js:82:877)
	at A.onDidChangeWindowProperty (/snap/code/159/usr/share/code/resources/app/out/vs/workbench/api/node/extensionHostProcess.js:145:15803)
	at A.$onDidChangeWindowFocus (/snap/code/159/usr/share/code/resources/app/out/vs/workbench/api/node/extensionHostProcess.js:145:15614)
	at c.S (/snap/code/159/usr/share/code/resources/app/out/vs/workbench/api/node/extensionHostProcess.js:150:5505)
	at c.Q (/snap/code/159/usr/share/code/resources/app/out/vs/workbench/api/node/extensionHostProcess.js:150:5271)
	at c.M (/snap/code/159/usr/share/code/resources/app/out/vs/workbench/api/node/extensionHostProcess.js:150:4361)
	at c.L (/snap/code/159/usr/share/code/resources/app/out/vs/workbench/api/node/extensionHostProcess.js:150:3440)
	at a.value (/snap/code/159/usr/share/code/resources/app/out/vs/workbench/api/node/extensionHostProcess.js:150:2227)
	at o.y (/snap/code/159/usr/share/code/resources/app/out/vs/workbench/api/node/extensionHostProcess.js:82:660)
	at o.fire (/snap/code/159/usr/share/code/resources/app/out/vs/workbench/api/node/extensionHostProcess.js:82:877)
	at u.fire (/snap/code/159/usr/share/code/resources/app/out/vs/workbench/api/node/extensionHostProcess.js:107:14175)
	at a.value (/snap/code/159/usr/share/code/resources/app/out/vs/workbench/api/node/extensionHostProcess.js:176:8023)
	at o.y (/snap/code/159/usr/share/code/resources/app/out/vs/workbench/api/node/extensionHostProcess.js:82:660)
	at o.fire (/snap/code/159/usr/share/code/resources/app/out/vs/workbench/api/node/extensionHostProcess.js:82:877)
	at u.fire (/snap/code/159/usr/share/code/resources/app/out/vs/workbench/api/node/extensionHostProcess.js:107:14175)
	at MessagePortMain.<anonymous> (/snap/code/159/usr/share/code/resources/app/out/vs/workbench/api/node/extensionHostProcess.js:176:6303)
	at MessagePortMain.emit (node:events:517:28)
	at MessagePortMain._internalPort.emit (node:electron/js2c/utility_init:2:2285)
2024-05-26 14:53:29.335 [error] Error: [ExtensionListenerError] Extension 'asvetliakov.vscode-neovim' FAILED to handle event: TypeError: Cannot read properties of undefined (reading 'command')
	at a.value (/snap/code/159/usr/share/code/resources/app/out/vs/workbench/api/node/extensionHostProcess.js:163:20680)
	at o.y (/snap/code/159/usr/share/code/resources/app/out/vs/workbench/api/node/extensionHostProcess.js:82:660)
	at o.fire (/snap/code/159/usr/share/code/resources/app/out/vs/workbench/api/node/extensionHostProcess.js:82:877)
	at A.onDidChangeWindowProperty (/snap/code/159/usr/share/code/resources/app/out/vs/workbench/api/node/extensionHostProcess.js:145:15803)
	at A.$onDidChangeWindowFocus (/snap/code/159/usr/share/code/resources/app/out/vs/workbench/api/node/extensionHostProcess.js:145:15614)
	at c.S (/snap/code/159/usr/share/code/resources/app/out/vs/workbench/api/node/extensionHostProcess.js:150:5505)
	at c.Q (/snap/code/159/usr/share/code/resources/app/out/vs/workbench/api/node/extensionHostProcess.js:150:5271)
	at c.M (/snap/code/159/usr/share/code/resources/app/out/vs/workbench/api/node/extensionHostProcess.js:150:4361)
	at c.L (/snap/code/159/usr/share/code/resources/app/out/vs/workbench/api/node/extensionHostProcess.js:150:3440)
	at a.value (/snap/code/159/usr/share/code/resources/app/out/vs/workbench/api/node/extensionHostProcess.js:150:2227)
	at o.y (/snap/code/159/usr/share/code/resources/app/out/vs/workbench/api/node/extensionHostProcess.js:82:660)
	at o.fire (/snap/code/159/usr/share/code/resources/app/out/vs/workbench/api/node/extensionHostProcess.js:82:877)
	at u.fire (/snap/code/159/usr/share/code/resources/app/out/vs/workbench/api/node/extensionHostProcess.js:107:14175)
	at a.value (/snap/code/159/usr/share/code/resources/app/out/vs/workbench/api/node/extensionHostProcess.js:176:8023)
	at o.y (/snap/code/159/usr/share/code/resources/app/out/vs/workbench/api/node/extensionHostProcess.js:82:660)
	at o.fire (/snap/code/159/usr/share/code/resources/app/out/vs/workbench/api/node/extensionHostProcess.js:82:877)
	at u.fire (/snap/code/159/usr/share/code/resources/app/out/vs/workbench/api/node/extensionHostProcess.js:107:14175)
	at MessagePortMain.<anonymous> (/snap/code/159/usr/share/code/resources/app/out/vs/workbench/api/node/extensionHostProcess.js:176:6303)
	at MessagePortMain.emit (node:events:517:28)
	at MessagePortMain._internalPort.emit (node:electron/js2c/utility_init:2:2285)
2024-05-26 14:53:29.344 [info] Extension host terminating: renderer closed the MessagePort
2024-05-26 14:53:29.345 [info] Extension host terminating: renderer closed the MessagePort
2024-05-26 14:53:29.347 [info] Extension host with pid 963745 exiting with code 0
2024-05-26 14:53:29.357 [info] Extension host with pid 963719 exiting with code 0
