2024-07-18 21:48:38.831 [info] Started local extension host with pid 6739.
2024-07-18 21:48:38.990 [info] Placing extension(s) asvetliakov.vscode-neovim on a separate extension host.
2024-07-18 21:48:39.138 [info] Started local extension host with pid 6785.
2024-07-18 21:48:41.530 [info] [perf] Render performance baseline is 19ms
2024-07-18 21:51:44.888 [error] [ExtensionListenerError] Extension 'asvetliakov.vscode-neovim' FAILED to handle event: TypeError: Cannot read properties of undefined (reading 'command'): Error: [ExtensionListenerError] Extension 'asvetliakov.vscode-neovim' FAILED to handle event: TypeError: Cannot read properties of undefined (reading 'command')
	at n.value (/snap/code/164/usr/share/code/resources/app/out/vs/workbench/api/node/extensionHostProcess.js:164:21021)
	at r.B (/snap/code/164/usr/share/code/resources/app/out/vs/workbench/api/node/extensionHostProcess.js:83:737)
	at r.fire (/snap/code/164/usr/share/code/resources/app/out/vs/workbench/api/node/extensionHostProcess.js:83:954)
	at k.onDidChangeWindowProperty (/snap/code/164/usr/share/code/resources/app/out/vs/workbench/api/node/extensionHostProcess.js:146:21101)
	at k.$onDidChangeWindowFocus (/snap/code/164/usr/share/code/resources/app/out/vs/workbench/api/node/extensionHostProcess.js:146:20912)
	at S (/snap/code/164/usr/share/code/resources/app/out/vs/workbench/api/node/extensionHostProcess.js:151:5986)
	at S.Q (/snap/code/164/usr/share/code/resources/app/out/vs/workbench/api/node/extensionHostProcess.js:151:5752)
	at S.M (/snap/code/164/usr/share/code/resources/app/out/vs/workbench/api/node/extensionHostProcess.js:151:4778)
	at S.L (/snap/code/164/usr/share/code/resources/app/out/vs/workbench/api/node/extensionHostProcess.js:151:3605)
	at n.value (/snap/code/164/usr/share/code/resources/app/out/vs/workbench/api/node/extensionHostProcess.js:151:2297)
	at r.B (/snap/code/164/usr/share/code/resources/app/out/vs/workbench/api/node/extensionHostProcess.js:83:737)
	at r.fire (/snap/code/164/usr/share/code/resources/app/out/vs/workbench/api/node/extensionHostProcess.js:83:954)
	at o.fire (/snap/code/164/usr/share/code/resources/app/out/vs/workbench/api/node/extensionHostProcess.js:108:14502)
	at n.value (/snap/code/164/usr/share/code/resources/app/out/vs/workbench/api/node/extensionHostProcess.js:177:8639)
	at r.B (/snap/code/164/usr/share/code/resources/app/out/vs/workbench/api/node/extensionHostProcess.js:83:737)
	at r.fire (/snap/code/164/usr/share/code/resources/app/out/vs/workbench/api/node/extensionHostProcess.js:83:954)
	at o.fire (/snap/code/164/usr/share/code/resources/app/out/vs/workbench/api/node/extensionHostProcess.js:108:14502)
	at MessagePortMain.<anonymous> (/snap/code/164/usr/share/code/resources/app/out/vs/workbench/api/node/extensionHostProcess.js:177:6765)
	at MessagePortMain.emit (node:events:514:28)
	at MessagePortMain._internalPort.emit (node:electron/js2c/utility_init:2:2285)
2024-07-18 21:52:49.567 [error] [ExtensionListenerError] Extension 'asvetliakov.vscode-neovim' FAILED to handle event: TypeError: Cannot read properties of undefined (reading 'command'): Error: [ExtensionListenerError] Extension 'asvetliakov.vscode-neovim' FAILED to handle event: TypeError: Cannot read properties of undefined (reading 'command')
	at n.value (/snap/code/164/usr/share/code/resources/app/out/vs/workbench/api/node/extensionHostProcess.js:164:21021)
	at r.B (/snap/code/164/usr/share/code/resources/app/out/vs/workbench/api/node/extensionHostProcess.js:83:737)
	at r.fire (/snap/code/164/usr/share/code/resources/app/out/vs/workbench/api/node/extensionHostProcess.js:83:954)
	at k.onDidChangeWindowProperty (/snap/code/164/usr/share/code/resources/app/out/vs/workbench/api/node/extensionHostProcess.js:146:21101)
	at k.$onDidChangeWindowActive (/snap/code/164/usr/share/code/resources/app/out/vs/workbench/api/node/extensionHostProcess.js:146:20984)
	at S (/snap/code/164/usr/share/code/resources/app/out/vs/workbench/api/node/extensionHostProcess.js:151:5986)
	at S.Q (/snap/code/164/usr/share/code/resources/app/out/vs/workbench/api/node/extensionHostProcess.js:151:5752)
	at S.M (/snap/code/164/usr/share/code/resources/app/out/vs/workbench/api/node/extensionHostProcess.js:151:4778)
	at S.L (/snap/code/164/usr/share/code/resources/app/out/vs/workbench/api/node/extensionHostProcess.js:151:3605)
	at n.value (/snap/code/164/usr/share/code/resources/app/out/vs/workbench/api/node/extensionHostProcess.js:151:2297)
	at r.B (/snap/code/164/usr/share/code/resources/app/out/vs/workbench/api/node/extensionHostProcess.js:83:737)
	at r.fire (/snap/code/164/usr/share/code/resources/app/out/vs/workbench/api/node/extensionHostProcess.js:83:954)
	at o.fire (/snap/code/164/usr/share/code/resources/app/out/vs/workbench/api/node/extensionHostProcess.js:108:14502)
	at n.value (/snap/code/164/usr/share/code/resources/app/out/vs/workbench/api/node/extensionHostProcess.js:177:8639)
	at r.B (/snap/code/164/usr/share/code/resources/app/out/vs/workbench/api/node/extensionHostProcess.js:83:737)
	at r.fire (/snap/code/164/usr/share/code/resources/app/out/vs/workbench/api/node/extensionHostProcess.js:83:954)
	at o.fire (/snap/code/164/usr/share/code/resources/app/out/vs/workbench/api/node/extensionHostProcess.js:108:14502)
	at MessagePortMain.<anonymous> (/snap/code/164/usr/share/code/resources/app/out/vs/workbench/api/node/extensionHostProcess.js:177:6765)
	at MessagePortMain.emit (node:events:514:28)
	at MessagePortMain._internalPort.emit (node:electron/js2c/utility_init:2:2285)
2024-07-18 22:42:05.231 [error] [ExtensionListenerError] Extension 'asvetliakov.vscode-neovim' FAILED to handle event: TypeError: Cannot read properties of undefined (reading 'command'): Error: [ExtensionListenerError] Extension 'asvetliakov.vscode-neovim' FAILED to handle event: TypeError: Cannot read properties of undefined (reading 'command')
	at n.value (/snap/code/164/usr/share/code/resources/app/out/vs/workbench/api/node/extensionHostProcess.js:164:21021)
	at r.B (/snap/code/164/usr/share/code/resources/app/out/vs/workbench/api/node/extensionHostProcess.js:83:737)
	at r.fire (/snap/code/164/usr/share/code/resources/app/out/vs/workbench/api/node/extensionHostProcess.js:83:954)
	at k.onDidChangeWindowProperty (/snap/code/164/usr/share/code/resources/app/out/vs/workbench/api/node/extensionHostProcess.js:146:21101)
	at k.$onDidChangeWindowActive (/snap/code/164/usr/share/code/resources/app/out/vs/workbench/api/node/extensionHostProcess.js:146:20984)
	at S (/snap/code/164/usr/share/code/resources/app/out/vs/workbench/api/node/extensionHostProcess.js:151:5986)
	at S.Q (/snap/code/164/usr/share/code/resources/app/out/vs/workbench/api/node/extensionHostProcess.js:151:5752)
	at S.M (/snap/code/164/usr/share/code/resources/app/out/vs/workbench/api/node/extensionHostProcess.js:151:4778)
	at S.L (/snap/code/164/usr/share/code/resources/app/out/vs/workbench/api/node/extensionHostProcess.js:151:3605)
	at n.value (/snap/code/164/usr/share/code/resources/app/out/vs/workbench/api/node/extensionHostProcess.js:151:2297)
	at r.B (/snap/code/164/usr/share/code/resources/app/out/vs/workbench/api/node/extensionHostProcess.js:83:737)
	at r.fire (/snap/code/164/usr/share/code/resources/app/out/vs/workbench/api/node/extensionHostProcess.js:83:954)
	at o.fire (/snap/code/164/usr/share/code/resources/app/out/vs/workbench/api/node/extensionHostProcess.js:108:14502)
	at n.value (/snap/code/164/usr/share/code/resources/app/out/vs/workbench/api/node/extensionHostProcess.js:177:8639)
	at r.B (/snap/code/164/usr/share/code/resources/app/out/vs/workbench/api/node/extensionHostProcess.js:83:737)
	at r.fire (/snap/code/164/usr/share/code/resources/app/out/vs/workbench/api/node/extensionHostProcess.js:83:954)
	at o.fire (/snap/code/164/usr/share/code/resources/app/out/vs/workbench/api/node/extensionHostProcess.js:108:14502)
	at MessagePortMain.<anonymous> (/snap/code/164/usr/share/code/resources/app/out/vs/workbench/api/node/extensionHostProcess.js:177:6765)
	at MessagePortMain.emit (node:events:514:28)
	at MessagePortMain._internalPort.emit (node:electron/js2c/utility_init:2:2285)
2024-07-18 22:42:05.231 [error] [ExtensionListenerError] Extension 'asvetliakov.vscode-neovim' FAILED to handle event: TypeError: Cannot read properties of undefined (reading 'command'): Error: [ExtensionListenerError] Extension 'asvetliakov.vscode-neovim' FAILED to handle event: TypeError: Cannot read properties of undefined (reading 'command')
	at n.value (/snap/code/164/usr/share/code/resources/app/out/vs/workbench/api/node/extensionHostProcess.js:164:21021)
	at r.B (/snap/code/164/usr/share/code/resources/app/out/vs/workbench/api/node/extensionHostProcess.js:83:737)
	at r.fire (/snap/code/164/usr/share/code/resources/app/out/vs/workbench/api/node/extensionHostProcess.js:83:954)
	at k.onDidChangeWindowProperty (/snap/code/164/usr/share/code/resources/app/out/vs/workbench/api/node/extensionHostProcess.js:146:21101)
	at k.$onDidChangeWindowFocus (/snap/code/164/usr/share/code/resources/app/out/vs/workbench/api/node/extensionHostProcess.js:146:20912)
	at S (/snap/code/164/usr/share/code/resources/app/out/vs/workbench/api/node/extensionHostProcess.js:151:5986)
	at S.Q (/snap/code/164/usr/share/code/resources/app/out/vs/workbench/api/node/extensionHostProcess.js:151:5752)
	at S.M (/snap/code/164/usr/share/code/resources/app/out/vs/workbench/api/node/extensionHostProcess.js:151:4778)
	at S.L (/snap/code/164/usr/share/code/resources/app/out/vs/workbench/api/node/extensionHostProcess.js:151:3605)
	at n.value (/snap/code/164/usr/share/code/resources/app/out/vs/workbench/api/node/extensionHostProcess.js:151:2297)
	at r.B (/snap/code/164/usr/share/code/resources/app/out/vs/workbench/api/node/extensionHostProcess.js:83:737)
	at r.fire (/snap/code/164/usr/share/code/resources/app/out/vs/workbench/api/node/extensionHostProcess.js:83:954)
	at o.fire (/snap/code/164/usr/share/code/resources/app/out/vs/workbench/api/node/extensionHostProcess.js:108:14502)
	at n.value (/snap/code/164/usr/share/code/resources/app/out/vs/workbench/api/node/extensionHostProcess.js:177:8639)
	at r.B (/snap/code/164/usr/share/code/resources/app/out/vs/workbench/api/node/extensionHostProcess.js:83:737)
	at r.fire (/snap/code/164/usr/share/code/resources/app/out/vs/workbench/api/node/extensionHostProcess.js:83:954)
	at o.fire (/snap/code/164/usr/share/code/resources/app/out/vs/workbench/api/node/extensionHostProcess.js:108:14502)
	at MessagePortMain.<anonymous> (/snap/code/164/usr/share/code/resources/app/out/vs/workbench/api/node/extensionHostProcess.js:177:6765)
	at MessagePortMain.emit (node:events:514:28)
	at MessagePortMain._internalPort.emit (node:electron/js2c/utility_init:2:2285)
2024-07-18 22:42:10.304 [error] [ExtensionListenerError] Extension 'asvetliakov.vscode-neovim' FAILED to handle event: TypeError: Cannot read properties of undefined (reading 'command'): Error: [ExtensionListenerError] Extension 'asvetliakov.vscode-neovim' FAILED to handle event: TypeError: Cannot read properties of undefined (reading 'command')
	at n.value (/snap/code/164/usr/share/code/resources/app/out/vs/workbench/api/node/extensionHostProcess.js:164:21021)
	at r.B (/snap/code/164/usr/share/code/resources/app/out/vs/workbench/api/node/extensionHostProcess.js:83:737)
	at r.fire (/snap/code/164/usr/share/code/resources/app/out/vs/workbench/api/node/extensionHostProcess.js:83:954)
	at k.onDidChangeWindowProperty (/snap/code/164/usr/share/code/resources/app/out/vs/workbench/api/node/extensionHostProcess.js:146:21101)
	at k.$onDidChangeWindowFocus (/snap/code/164/usr/share/code/resources/app/out/vs/workbench/api/node/extensionHostProcess.js:146:20912)
	at S (/snap/code/164/usr/share/code/resources/app/out/vs/workbench/api/node/extensionHostProcess.js:151:5986)
	at S.Q (/snap/code/164/usr/share/code/resources/app/out/vs/workbench/api/node/extensionHostProcess.js:151:5752)
	at S.M (/snap/code/164/usr/share/code/resources/app/out/vs/workbench/api/node/extensionHostProcess.js:151:4778)
	at S.L (/snap/code/164/usr/share/code/resources/app/out/vs/workbench/api/node/extensionHostProcess.js:151:3605)
	at n.value (/snap/code/164/usr/share/code/resources/app/out/vs/workbench/api/node/extensionHostProcess.js:151:2297)
	at r.B (/snap/code/164/usr/share/code/resources/app/out/vs/workbench/api/node/extensionHostProcess.js:83:737)
	at r.fire (/snap/code/164/usr/share/code/resources/app/out/vs/workbench/api/node/extensionHostProcess.js:83:954)
	at o.fire (/snap/code/164/usr/share/code/resources/app/out/vs/workbench/api/node/extensionHostProcess.js:108:14502)
	at n.value (/snap/code/164/usr/share/code/resources/app/out/vs/workbench/api/node/extensionHostProcess.js:177:8639)
	at r.B (/snap/code/164/usr/share/code/resources/app/out/vs/workbench/api/node/extensionHostProcess.js:83:737)
	at r.fire (/snap/code/164/usr/share/code/resources/app/out/vs/workbench/api/node/extensionHostProcess.js:83:954)
	at o.fire (/snap/code/164/usr/share/code/resources/app/out/vs/workbench/api/node/extensionHostProcess.js:108:14502)
	at MessagePortMain.<anonymous> (/snap/code/164/usr/share/code/resources/app/out/vs/workbench/api/node/extensionHostProcess.js:177:6765)
	at MessagePortMain.emit (node:events:514:28)
	at MessagePortMain._internalPort.emit (node:electron/js2c/utility_init:2:2285)
2024-07-18 22:42:15.260 [error] [ExtensionListenerError] Extension 'asvetliakov.vscode-neovim' FAILED to handle event: TypeError: Cannot read properties of undefined (reading 'command'): Error: [ExtensionListenerError] Extension 'asvetliakov.vscode-neovim' FAILED to handle event: TypeError: Cannot read properties of undefined (reading 'command')
	at n.value (/snap/code/164/usr/share/code/resources/app/out/vs/workbench/api/node/extensionHostProcess.js:164:21021)
	at r.B (/snap/code/164/usr/share/code/resources/app/out/vs/workbench/api/node/extensionHostProcess.js:83:737)
	at r.fire (/snap/code/164/usr/share/code/resources/app/out/vs/workbench/api/node/extensionHostProcess.js:83:954)
	at k.onDidChangeWindowProperty (/snap/code/164/usr/share/code/resources/app/out/vs/workbench/api/node/extensionHostProcess.js:146:21101)
	at k.$onDidChangeWindowActive (/snap/code/164/usr/share/code/resources/app/out/vs/workbench/api/node/extensionHostProcess.js:146:20984)
	at S (/snap/code/164/usr/share/code/resources/app/out/vs/workbench/api/node/extensionHostProcess.js:151:5986)
	at S.Q (/snap/code/164/usr/share/code/resources/app/out/vs/workbench/api/node/extensionHostProcess.js:151:5752)
	at S.M (/snap/code/164/usr/share/code/resources/app/out/vs/workbench/api/node/extensionHostProcess.js:151:4778)
	at S.L (/snap/code/164/usr/share/code/resources/app/out/vs/workbench/api/node/extensionHostProcess.js:151:3605)
	at n.value (/snap/code/164/usr/share/code/resources/app/out/vs/workbench/api/node/extensionHostProcess.js:151:2297)
	at r.B (/snap/code/164/usr/share/code/resources/app/out/vs/workbench/api/node/extensionHostProcess.js:83:737)
	at r.fire (/snap/code/164/usr/share/code/resources/app/out/vs/workbench/api/node/extensionHostProcess.js:83:954)
	at o.fire (/snap/code/164/usr/share/code/resources/app/out/vs/workbench/api/node/extensionHostProcess.js:108:14502)
	at n.value (/snap/code/164/usr/share/code/resources/app/out/vs/workbench/api/node/extensionHostProcess.js:177:8639)
	at r.B (/snap/code/164/usr/share/code/resources/app/out/vs/workbench/api/node/extensionHostProcess.js:83:737)
	at r.fire (/snap/code/164/usr/share/code/resources/app/out/vs/workbench/api/node/extensionHostProcess.js:83:954)
	at o.fire (/snap/code/164/usr/share/code/resources/app/out/vs/workbench/api/node/extensionHostProcess.js:108:14502)
	at MessagePortMain.<anonymous> (/snap/code/164/usr/share/code/resources/app/out/vs/workbench/api/node/extensionHostProcess.js:177:6765)
	at MessagePortMain.emit (node:events:514:28)
	at MessagePortMain._internalPort.emit (node:electron/js2c/utility_init:2:2285)
2024-07-18 23:07:32.610 [error] [ExtensionListenerError] Extension 'asvetliakov.vscode-neovim' FAILED to handle event: TypeError: Cannot read properties of undefined (reading 'command'): Error: [ExtensionListenerError] Extension 'asvetliakov.vscode-neovim' FAILED to handle event: TypeError: Cannot read properties of undefined (reading 'command')
	at n.value (/snap/code/164/usr/share/code/resources/app/out/vs/workbench/api/node/extensionHostProcess.js:164:21021)
	at r.B (/snap/code/164/usr/share/code/resources/app/out/vs/workbench/api/node/extensionHostProcess.js:83:737)
	at r.fire (/snap/code/164/usr/share/code/resources/app/out/vs/workbench/api/node/extensionHostProcess.js:83:954)
	at k.onDidChangeWindowProperty (/snap/code/164/usr/share/code/resources/app/out/vs/workbench/api/node/extensionHostProcess.js:146:21101)
	at k.$onDidChangeWindowActive (/snap/code/164/usr/share/code/resources/app/out/vs/workbench/api/node/extensionHostProcess.js:146:20984)
	at S (/snap/code/164/usr/share/code/resources/app/out/vs/workbench/api/node/extensionHostProcess.js:151:5986)
	at S.Q (/snap/code/164/usr/share/code/resources/app/out/vs/workbench/api/node/extensionHostProcess.js:151:5752)
	at S.M (/snap/code/164/usr/share/code/resources/app/out/vs/workbench/api/node/extensionHostProcess.js:151:4778)
	at S.L (/snap/code/164/usr/share/code/resources/app/out/vs/workbench/api/node/extensionHostProcess.js:151:3605)
	at n.value (/snap/code/164/usr/share/code/resources/app/out/vs/workbench/api/node/extensionHostProcess.js:151:2297)
	at r.B (/snap/code/164/usr/share/code/resources/app/out/vs/workbench/api/node/extensionHostProcess.js:83:737)
	at r.fire (/snap/code/164/usr/share/code/resources/app/out/vs/workbench/api/node/extensionHostProcess.js:83:954)
	at o.fire (/snap/code/164/usr/share/code/resources/app/out/vs/workbench/api/node/extensionHostProcess.js:108:14502)
	at n.value (/snap/code/164/usr/share/code/resources/app/out/vs/workbench/api/node/extensionHostProcess.js:177:8639)
	at r.B (/snap/code/164/usr/share/code/resources/app/out/vs/workbench/api/node/extensionHostProcess.js:83:737)
	at r.fire (/snap/code/164/usr/share/code/resources/app/out/vs/workbench/api/node/extensionHostProcess.js:83:954)
	at o.fire (/snap/code/164/usr/share/code/resources/app/out/vs/workbench/api/node/extensionHostProcess.js:108:14502)
	at MessagePortMain.<anonymous> (/snap/code/164/usr/share/code/resources/app/out/vs/workbench/api/node/extensionHostProcess.js:177:6765)
	at MessagePortMain.emit (node:events:514:28)
	at MessagePortMain._internalPort.emit (node:electron/js2c/utility_init:2:2285)
2024-07-18 23:07:32.617 [error] [ExtensionListenerError] Extension 'asvetliakov.vscode-neovim' FAILED to handle event: TypeError: Cannot read properties of undefined (reading 'command'): Error: [ExtensionListenerError] Extension 'asvetliakov.vscode-neovim' FAILED to handle event: TypeError: Cannot read properties of undefined (reading 'command')
	at n.value (/snap/code/164/usr/share/code/resources/app/out/vs/workbench/api/node/extensionHostProcess.js:164:21021)
	at r.B (/snap/code/164/usr/share/code/resources/app/out/vs/workbench/api/node/extensionHostProcess.js:83:737)
	at r.fire (/snap/code/164/usr/share/code/resources/app/out/vs/workbench/api/node/extensionHostProcess.js:83:954)
	at k.onDidChangeWindowProperty (/snap/code/164/usr/share/code/resources/app/out/vs/workbench/api/node/extensionHostProcess.js:146:21101)
	at k.$onDidChangeWindowFocus (/snap/code/164/usr/share/code/resources/app/out/vs/workbench/api/node/extensionHostProcess.js:146:20912)
	at S (/snap/code/164/usr/share/code/resources/app/out/vs/workbench/api/node/extensionHostProcess.js:151:5986)
	at S.Q (/snap/code/164/usr/share/code/resources/app/out/vs/workbench/api/node/extensionHostProcess.js:151:5752)
	at S.M (/snap/code/164/usr/share/code/resources/app/out/vs/workbench/api/node/extensionHostProcess.js:151:4778)
	at S.L (/snap/code/164/usr/share/code/resources/app/out/vs/workbench/api/node/extensionHostProcess.js:151:3605)
	at n.value (/snap/code/164/usr/share/code/resources/app/out/vs/workbench/api/node/extensionHostProcess.js:151:2297)
	at r.B (/snap/code/164/usr/share/code/resources/app/out/vs/workbench/api/node/extensionHostProcess.js:83:737)
	at r.fire (/snap/code/164/usr/share/code/resources/app/out/vs/workbench/api/node/extensionHostProcess.js:83:954)
	at o.fire (/snap/code/164/usr/share/code/resources/app/out/vs/workbench/api/node/extensionHostProcess.js:108:14502)
	at n.value (/snap/code/164/usr/share/code/resources/app/out/vs/workbench/api/node/extensionHostProcess.js:177:8639)
	at r.B (/snap/code/164/usr/share/code/resources/app/out/vs/workbench/api/node/extensionHostProcess.js:83:737)
	at r.fire (/snap/code/164/usr/share/code/resources/app/out/vs/workbench/api/node/extensionHostProcess.js:83:954)
	at o.fire (/snap/code/164/usr/share/code/resources/app/out/vs/workbench/api/node/extensionHostProcess.js:108:14502)
	at MessagePortMain.<anonymous> (/snap/code/164/usr/share/code/resources/app/out/vs/workbench/api/node/extensionHostProcess.js:177:6765)
	at MessagePortMain.emit (node:events:514:28)
	at MessagePortMain._internalPort.emit (node:electron/js2c/utility_init:2:2285)
2024-07-18 23:07:35.980 [error] [ExtensionListenerError] Extension 'asvetliakov.vscode-neovim' FAILED to handle event: TypeError: Cannot read properties of undefined (reading 'command'): Error: [ExtensionListenerError] Extension 'asvetliakov.vscode-neovim' FAILED to handle event: TypeError: Cannot read properties of undefined (reading 'command')
	at n.value (/snap/code/164/usr/share/code/resources/app/out/vs/workbench/api/node/extensionHostProcess.js:164:21021)
	at r.B (/snap/code/164/usr/share/code/resources/app/out/vs/workbench/api/node/extensionHostProcess.js:83:737)
	at r.fire (/snap/code/164/usr/share/code/resources/app/out/vs/workbench/api/node/extensionHostProcess.js:83:954)
	at k.onDidChangeWindowProperty (/snap/code/164/usr/share/code/resources/app/out/vs/workbench/api/node/extensionHostProcess.js:146:21101)
	at k.$onDidChangeWindowFocus (/snap/code/164/usr/share/code/resources/app/out/vs/workbench/api/node/extensionHostProcess.js:146:20912)
	at S (/snap/code/164/usr/share/code/resources/app/out/vs/workbench/api/node/extensionHostProcess.js:151:5986)
	at S.Q (/snap/code/164/usr/share/code/resources/app/out/vs/workbench/api/node/extensionHostProcess.js:151:5752)
	at S.M (/snap/code/164/usr/share/code/resources/app/out/vs/workbench/api/node/extensionHostProcess.js:151:4778)
	at S.L (/snap/code/164/usr/share/code/resources/app/out/vs/workbench/api/node/extensionHostProcess.js:151:3605)
	at n.value (/snap/code/164/usr/share/code/resources/app/out/vs/workbench/api/node/extensionHostProcess.js:151:2297)
	at r.B (/snap/code/164/usr/share/code/resources/app/out/vs/workbench/api/node/extensionHostProcess.js:83:737)
	at r.fire (/snap/code/164/usr/share/code/resources/app/out/vs/workbench/api/node/extensionHostProcess.js:83:954)
	at o.fire (/snap/code/164/usr/share/code/resources/app/out/vs/workbench/api/node/extensionHostProcess.js:108:14502)
	at n.value (/snap/code/164/usr/share/code/resources/app/out/vs/workbench/api/node/extensionHostProcess.js:177:8639)
	at r.B (/snap/code/164/usr/share/code/resources/app/out/vs/workbench/api/node/extensionHostProcess.js:83:737)
	at r.fire (/snap/code/164/usr/share/code/resources/app/out/vs/workbench/api/node/extensionHostProcess.js:83:954)
	at o.fire (/snap/code/164/usr/share/code/resources/app/out/vs/workbench/api/node/extensionHostProcess.js:108:14502)
	at MessagePortMain.<anonymous> (/snap/code/164/usr/share/code/resources/app/out/vs/workbench/api/node/extensionHostProcess.js:177:6765)
	at MessagePortMain.emit (node:events:514:28)
	at MessagePortMain._internalPort.emit (node:electron/js2c/utility_init:2:2285)
2024-07-18 23:07:43.626 [error] [ExtensionListenerError] Extension 'asvetliakov.vscode-neovim' FAILED to handle event: TypeError: Cannot read properties of undefined (reading 'command'): Error: [ExtensionListenerError] Extension 'asvetliakov.vscode-neovim' FAILED to handle event: TypeError: Cannot read properties of undefined (reading 'command')
	at n.value (/snap/code/164/usr/share/code/resources/app/out/vs/workbench/api/node/extensionHostProcess.js:164:21021)
	at r.B (/snap/code/164/usr/share/code/resources/app/out/vs/workbench/api/node/extensionHostProcess.js:83:737)
	at r.fire (/snap/code/164/usr/share/code/resources/app/out/vs/workbench/api/node/extensionHostProcess.js:83:954)
	at k.onDidChangeWindowProperty (/snap/code/164/usr/share/code/resources/app/out/vs/workbench/api/node/extensionHostProcess.js:146:21101)
	at k.$onDidChangeWindowActive (/snap/code/164/usr/share/code/resources/app/out/vs/workbench/api/node/extensionHostProcess.js:146:20984)
	at S (/snap/code/164/usr/share/code/resources/app/out/vs/workbench/api/node/extensionHostProcess.js:151:5986)
	at S.Q (/snap/code/164/usr/share/code/resources/app/out/vs/workbench/api/node/extensionHostProcess.js:151:5752)
	at S.M (/snap/code/164/usr/share/code/resources/app/out/vs/workbench/api/node/extensionHostProcess.js:151:4778)
	at S.L (/snap/code/164/usr/share/code/resources/app/out/vs/workbench/api/node/extensionHostProcess.js:151:3605)
	at n.value (/snap/code/164/usr/share/code/resources/app/out/vs/workbench/api/node/extensionHostProcess.js:151:2297)
	at r.B (/snap/code/164/usr/share/code/resources/app/out/vs/workbench/api/node/extensionHostProcess.js:83:737)
	at r.fire (/snap/code/164/usr/share/code/resources/app/out/vs/workbench/api/node/extensionHostProcess.js:83:954)
	at o.fire (/snap/code/164/usr/share/code/resources/app/out/vs/workbench/api/node/extensionHostProcess.js:108:14502)
	at n.value (/snap/code/164/usr/share/code/resources/app/out/vs/workbench/api/node/extensionHostProcess.js:177:8639)
	at r.B (/snap/code/164/usr/share/code/resources/app/out/vs/workbench/api/node/extensionHostProcess.js:83:737)
	at r.fire (/snap/code/164/usr/share/code/resources/app/out/vs/workbench/api/node/extensionHostProcess.js:83:954)
	at o.fire (/snap/code/164/usr/share/code/resources/app/out/vs/workbench/api/node/extensionHostProcess.js:108:14502)
	at MessagePortMain.<anonymous> (/snap/code/164/usr/share/code/resources/app/out/vs/workbench/api/node/extensionHostProcess.js:177:6765)
	at MessagePortMain.emit (node:events:514:28)
	at MessagePortMain._internalPort.emit (node:electron/js2c/utility_init:2:2285)
2024-07-19 00:08:14.769 [error] [ExtensionListenerError] Extension 'asvetliakov.vscode-neovim' FAILED to handle event: TypeError: Cannot read properties of undefined (reading 'command'): Error: [ExtensionListenerError] Extension 'asvetliakov.vscode-neovim' FAILED to handle event: TypeError: Cannot read properties of undefined (reading 'command')
	at n.value (/snap/code/164/usr/share/code/resources/app/out/vs/workbench/api/node/extensionHostProcess.js:164:21021)
	at r.B (/snap/code/164/usr/share/code/resources/app/out/vs/workbench/api/node/extensionHostProcess.js:83:737)
	at r.fire (/snap/code/164/usr/share/code/resources/app/out/vs/workbench/api/node/extensionHostProcess.js:83:954)
	at k.onDidChangeWindowProperty (/snap/code/164/usr/share/code/resources/app/out/vs/workbench/api/node/extensionHostProcess.js:146:21101)
	at k.$onDidChangeWindowActive (/snap/code/164/usr/share/code/resources/app/out/vs/workbench/api/node/extensionHostProcess.js:146:20984)
	at S (/snap/code/164/usr/share/code/resources/app/out/vs/workbench/api/node/extensionHostProcess.js:151:5986)
	at S.Q (/snap/code/164/usr/share/code/resources/app/out/vs/workbench/api/node/extensionHostProcess.js:151:5752)
	at S.M (/snap/code/164/usr/share/code/resources/app/out/vs/workbench/api/node/extensionHostProcess.js:151:4778)
	at S.L (/snap/code/164/usr/share/code/resources/app/out/vs/workbench/api/node/extensionHostProcess.js:151:3605)
	at n.value (/snap/code/164/usr/share/code/resources/app/out/vs/workbench/api/node/extensionHostProcess.js:151:2297)
	at r.B (/snap/code/164/usr/share/code/resources/app/out/vs/workbench/api/node/extensionHostProcess.js:83:737)
	at r.fire (/snap/code/164/usr/share/code/resources/app/out/vs/workbench/api/node/extensionHostProcess.js:83:954)
	at o.fire (/snap/code/164/usr/share/code/resources/app/out/vs/workbench/api/node/extensionHostProcess.js:108:14502)
	at n.value (/snap/code/164/usr/share/code/resources/app/out/vs/workbench/api/node/extensionHostProcess.js:177:8639)
	at r.B (/snap/code/164/usr/share/code/resources/app/out/vs/workbench/api/node/extensionHostProcess.js:83:737)
	at r.fire (/snap/code/164/usr/share/code/resources/app/out/vs/workbench/api/node/extensionHostProcess.js:83:954)
	at o.fire (/snap/code/164/usr/share/code/resources/app/out/vs/workbench/api/node/extensionHostProcess.js:108:14502)
	at MessagePortMain.<anonymous> (/snap/code/164/usr/share/code/resources/app/out/vs/workbench/api/node/extensionHostProcess.js:177:6765)
	at MessagePortMain.emit (node:events:514:28)
	at MessagePortMain._internalPort.emit (node:electron/js2c/utility_init:2:2285)
2024-07-19 00:08:14.770 [error] [ExtensionListenerError] Extension 'asvetliakov.vscode-neovim' FAILED to handle event: TypeError: Cannot read properties of undefined (reading 'command'): Error: [ExtensionListenerError] Extension 'asvetliakov.vscode-neovim' FAILED to handle event: TypeError: Cannot read properties of undefined (reading 'command')
	at n.value (/snap/code/164/usr/share/code/resources/app/out/vs/workbench/api/node/extensionHostProcess.js:164:21021)
	at r.B (/snap/code/164/usr/share/code/resources/app/out/vs/workbench/api/node/extensionHostProcess.js:83:737)
	at r.fire (/snap/code/164/usr/share/code/resources/app/out/vs/workbench/api/node/extensionHostProcess.js:83:954)
	at k.onDidChangeWindowProperty (/snap/code/164/usr/share/code/resources/app/out/vs/workbench/api/node/extensionHostProcess.js:146:21101)
	at k.$onDidChangeWindowFocus (/snap/code/164/usr/share/code/resources/app/out/vs/workbench/api/node/extensionHostProcess.js:146:20912)
	at S (/snap/code/164/usr/share/code/resources/app/out/vs/workbench/api/node/extensionHostProcess.js:151:5986)
	at S.Q (/snap/code/164/usr/share/code/resources/app/out/vs/workbench/api/node/extensionHostProcess.js:151:5752)
	at S.M (/snap/code/164/usr/share/code/resources/app/out/vs/workbench/api/node/extensionHostProcess.js:151:4778)
	at S.L (/snap/code/164/usr/share/code/resources/app/out/vs/workbench/api/node/extensionHostProcess.js:151:3605)
	at n.value (/snap/code/164/usr/share/code/resources/app/out/vs/workbench/api/node/extensionHostProcess.js:151:2297)
	at r.B (/snap/code/164/usr/share/code/resources/app/out/vs/workbench/api/node/extensionHostProcess.js:83:737)
	at r.fire (/snap/code/164/usr/share/code/resources/app/out/vs/workbench/api/node/extensionHostProcess.js:83:954)
	at o.fire (/snap/code/164/usr/share/code/resources/app/out/vs/workbench/api/node/extensionHostProcess.js:108:14502)
	at n.value (/snap/code/164/usr/share/code/resources/app/out/vs/workbench/api/node/extensionHostProcess.js:177:8639)
	at r.B (/snap/code/164/usr/share/code/resources/app/out/vs/workbench/api/node/extensionHostProcess.js:83:737)
	at r.fire (/snap/code/164/usr/share/code/resources/app/out/vs/workbench/api/node/extensionHostProcess.js:83:954)
	at o.fire (/snap/code/164/usr/share/code/resources/app/out/vs/workbench/api/node/extensionHostProcess.js:108:14502)
	at MessagePortMain.<anonymous> (/snap/code/164/usr/share/code/resources/app/out/vs/workbench/api/node/extensionHostProcess.js:177:6765)
	at MessagePortMain.emit (node:events:514:28)
	at MessagePortMain._internalPort.emit (node:electron/js2c/utility_init:2:2285)
2024-07-19 00:08:50.802 [error] [ExtensionListenerError] Extension 'asvetliakov.vscode-neovim' FAILED to handle event: TypeError: Cannot read properties of undefined (reading 'command'): Error: [ExtensionListenerError] Extension 'asvetliakov.vscode-neovim' FAILED to handle event: TypeError: Cannot read properties of undefined (reading 'command')
	at n.value (/snap/code/164/usr/share/code/resources/app/out/vs/workbench/api/node/extensionHostProcess.js:164:21021)
	at r.B (/snap/code/164/usr/share/code/resources/app/out/vs/workbench/api/node/extensionHostProcess.js:83:737)
	at r.fire (/snap/code/164/usr/share/code/resources/app/out/vs/workbench/api/node/extensionHostProcess.js:83:954)
	at k.onDidChangeWindowProperty (/snap/code/164/usr/share/code/resources/app/out/vs/workbench/api/node/extensionHostProcess.js:146:21101)
	at k.$onDidChangeWindowFocus (/snap/code/164/usr/share/code/resources/app/out/vs/workbench/api/node/extensionHostProcess.js:146:20912)
	at S (/snap/code/164/usr/share/code/resources/app/out/vs/workbench/api/node/extensionHostProcess.js:151:5986)
	at S.Q (/snap/code/164/usr/share/code/resources/app/out/vs/workbench/api/node/extensionHostProcess.js:151:5752)
	at S.M (/snap/code/164/usr/share/code/resources/app/out/vs/workbench/api/node/extensionHostProcess.js:151:4778)
	at S.L (/snap/code/164/usr/share/code/resources/app/out/vs/workbench/api/node/extensionHostProcess.js:151:3605)
	at n.value (/snap/code/164/usr/share/code/resources/app/out/vs/workbench/api/node/extensionHostProcess.js:151:2297)
	at r.B (/snap/code/164/usr/share/code/resources/app/out/vs/workbench/api/node/extensionHostProcess.js:83:737)
	at r.fire (/snap/code/164/usr/share/code/resources/app/out/vs/workbench/api/node/extensionHostProcess.js:83:954)
	at o.fire (/snap/code/164/usr/share/code/resources/app/out/vs/workbench/api/node/extensionHostProcess.js:108:14502)
	at n.value (/snap/code/164/usr/share/code/resources/app/out/vs/workbench/api/node/extensionHostProcess.js:177:8639)
	at r.B (/snap/code/164/usr/share/code/resources/app/out/vs/workbench/api/node/extensionHostProcess.js:83:737)
	at r.fire (/snap/code/164/usr/share/code/resources/app/out/vs/workbench/api/node/extensionHostProcess.js:83:954)
	at o.fire (/snap/code/164/usr/share/code/resources/app/out/vs/workbench/api/node/extensionHostProcess.js:108:14502)
	at MessagePortMain.<anonymous> (/snap/code/164/usr/share/code/resources/app/out/vs/workbench/api/node/extensionHostProcess.js:177:6765)
	at MessagePortMain.emit (node:events:514:28)
	at MessagePortMain._internalPort.emit (node:electron/js2c/utility_init:2:2285)
2024-07-19 00:09:31.617 [error] [ExtensionListenerError] Extension 'asvetliakov.vscode-neovim' FAILED to handle event: TypeError: Cannot read properties of undefined (reading 'command'): Error: [ExtensionListenerError] Extension 'asvetliakov.vscode-neovim' FAILED to handle event: TypeError: Cannot read properties of undefined (reading 'command')
	at n.value (/snap/code/164/usr/share/code/resources/app/out/vs/workbench/api/node/extensionHostProcess.js:164:21021)
	at r.B (/snap/code/164/usr/share/code/resources/app/out/vs/workbench/api/node/extensionHostProcess.js:83:737)
	at r.fire (/snap/code/164/usr/share/code/resources/app/out/vs/workbench/api/node/extensionHostProcess.js:83:954)
	at k.onDidChangeWindowProperty (/snap/code/164/usr/share/code/resources/app/out/vs/workbench/api/node/extensionHostProcess.js:146:21101)
	at k.$onDidChangeWindowActive (/snap/code/164/usr/share/code/resources/app/out/vs/workbench/api/node/extensionHostProcess.js:146:20984)
	at S (/snap/code/164/usr/share/code/resources/app/out/vs/workbench/api/node/extensionHostProcess.js:151:5986)
	at S.Q (/snap/code/164/usr/share/code/resources/app/out/vs/workbench/api/node/extensionHostProcess.js:151:5752)
	at S.M (/snap/code/164/usr/share/code/resources/app/out/vs/workbench/api/node/extensionHostProcess.js:151:4778)
	at S.L (/snap/code/164/usr/share/code/resources/app/out/vs/workbench/api/node/extensionHostProcess.js:151:3605)
	at n.value (/snap/code/164/usr/share/code/resources/app/out/vs/workbench/api/node/extensionHostProcess.js:151:2297)
	at r.B (/snap/code/164/usr/share/code/resources/app/out/vs/workbench/api/node/extensionHostProcess.js:83:737)
	at r.fire (/snap/code/164/usr/share/code/resources/app/out/vs/workbench/api/node/extensionHostProcess.js:83:954)
	at o.fire (/snap/code/164/usr/share/code/resources/app/out/vs/workbench/api/node/extensionHostProcess.js:108:14502)
	at n.value (/snap/code/164/usr/share/code/resources/app/out/vs/workbench/api/node/extensionHostProcess.js:177:8639)
	at r.B (/snap/code/164/usr/share/code/resources/app/out/vs/workbench/api/node/extensionHostProcess.js:83:737)
	at r.fire (/snap/code/164/usr/share/code/resources/app/out/vs/workbench/api/node/extensionHostProcess.js:83:954)
	at o.fire (/snap/code/164/usr/share/code/resources/app/out/vs/workbench/api/node/extensionHostProcess.js:108:14502)
	at MessagePortMain.<anonymous> (/snap/code/164/usr/share/code/resources/app/out/vs/workbench/api/node/extensionHostProcess.js:177:6765)
	at MessagePortMain.emit (node:events:514:28)
	at MessagePortMain._internalPort.emit (node:electron/js2c/utility_init:2:2285)
