2024-07-18 21:48:39.082 [info] Extension host with pid 6739 started
2024-07-18 21:48:39.082 [info] Skipping acquiring lock for /home/vincent/.config/Code/User/workspaceStorage/098a5ec9929ec881dafc2ffd00ec4440.
2024-07-18 21:48:39.168 [info] ExtensionService#_doActivateExtension vscode.emmet, startup: false, activationEvent: 'onLanguage'
2024-07-18 21:48:39.180 [info] ExtensionService#_doActivateExtension ms-python.python, startup: false, activationEvent: 'onLanguage:python', root cause: ms-python.debugpy
2024-07-18 21:48:39.332 [info] Extension host with pid 6785 started
2024-07-18 21:48:39.332 [info] Skipping acquiring lock for /home/vincent/.config/Code/User/workspaceStorage/098a5ec9929ec881dafc2ffd00ec4440.
2024-07-18 21:48:39.344 [info] Eager extensions activated
2024-07-18 21:48:39.362 [info] ExtensionService#_doActivateExtension asvetliakov.vscode-neovim, startup: false, activationEvent: 'onStartupFinished'
2024-07-18 21:48:39.484 [info] ExtensionService#_doActivateExtension ms-python.debugpy, startup: false, activationEvent: 'onLanguage:python'
2024-07-18 21:48:39.521 [info] ExtensionService#_doActivateExtension ms-python.vscode-pylance, startup: false, activationEvent: 'onLanguage:python'
2024-07-18 21:48:39.798 [info] ExtensionService#_doActivateExtension vscode.git-base, startup: true, activationEvent: '*', root cause: vscode.git
2024-07-18 21:48:39.802 [info] ExtensionService#_doActivateExtension vscode.git, startup: true, activationEvent: '*'
2024-07-18 21:48:39.848 [info] ExtensionService#_doActivateExtension vscode.github, startup: true, activationEvent: '*'
2024-07-18 21:48:39.907 [info] Eager extensions activated
2024-07-18 21:48:39.921 [info] ExtensionService#_doActivateExtension vscode.debug-auto-launch, startup: false, activationEvent: 'onStartupFinished'
2024-07-18 21:48:39.922 [info] ExtensionService#_doActivateExtension vscode.merge-conflict, startup: false, activationEvent: 'onStartupFinished'
2024-07-18 21:48:40.017 [info] ExtensionService#_doActivateExtension vscode.github-authentication, startup: false, activationEvent: 'onAuthenticationRequest:github'
2024-07-18 21:48:49.698 [info] ExtensionService#_doActivateExtension tonybaloney.vscode-pets, startup: false, activationEvent: 'onStartupFinished'
2024-07-18 21:48:54.585 [info] ExtensionService#_doActivateExtension vscode.configuration-editing, startup: false, activationEvent: 'onLanguage:jsonc'
2024-07-18 21:48:54.593 [info] ExtensionService#_doActivateExtension vscode.json-language-features, startup: false, activationEvent: 'onLanguage:jsonc'
2024-07-18 21:48:54.629 [info] ExtensionService#_doActivateExtension vscode.typescript-language-features, startup: false, activationEvent: 'onLanguage:jsonc'
2024-07-18 21:51:44.887 [error] Error: [ExtensionListenerError] Extension 'asvetliakov.vscode-neovim' FAILED to handle event: TypeError: Cannot read properties of undefined (reading 'command')
	at n.value (/snap/code/164/usr/share/code/resources/app/out/vs/workbench/api/node/extensionHostProcess.js:164:21021)
	at r.B (/snap/code/164/usr/share/code/resources/app/out/vs/workbench/api/node/extensionHostProcess.js:83:737)
	at r.fire (/snap/code/164/usr/share/code/resources/app/out/vs/workbench/api/node/extensionHostProcess.js:83:954)
	at k.onDidChangeWindowProperty (/snap/code/164/usr/share/code/resources/app/out/vs/workbench/api/node/extensionHostProcess.js:146:21101)
	at k.$onDidChangeWindowFocus (/snap/code/164/usr/share/code/resources/app/out/vs/workbench/api/node/extensionHostProcess.js:146:20912)
	at S (/snap/code/164/usr/share/code/resources/app/out/vs/workbench/api/node/extensionHostProcess.js:151:5986)
	at S.Q (/snap/code/164/usr/share/code/resources/app/out/vs/workbench/api/node/extensionHostProcess.js:151:5752)
	at S.M (/snap/code/164/usr/share/code/resources/app/out/vs/workbench/api/node/extensionHostProcess.js:151:4778)
	at S.L (/snap/code/164/usr/share/code/resources/app/out/vs/workbench/api/node/extensionHostProcess.js:151:3605)
	at n.value (/snap/code/164/usr/share/code/resources/app/out/vs/workbench/api/node/extensionHostProcess.js:151:2297)
	at r.B (/snap/code/164/usr/share/code/resources/app/out/vs/workbench/api/node/extensionHostProcess.js:83:737)
	at r.fire (/snap/code/164/usr/share/code/resources/app/out/vs/workbench/api/node/extensionHostProcess.js:83:954)
	at o.fire (/snap/code/164/usr/share/code/resources/app/out/vs/workbench/api/node/extensionHostProcess.js:108:14502)
	at n.value (/snap/code/164/usr/share/code/resources/app/out/vs/workbench/api/node/extensionHostProcess.js:177:8639)
	at r.B (/snap/code/164/usr/share/code/resources/app/out/vs/workbench/api/node/extensionHostProcess.js:83:737)
	at r.fire (/snap/code/164/usr/share/code/resources/app/out/vs/workbench/api/node/extensionHostProcess.js:83:954)
	at o.fire (/snap/code/164/usr/share/code/resources/app/out/vs/workbench/api/node/extensionHostProcess.js:108:14502)
	at MessagePortMain.<anonymous> (/snap/code/164/usr/share/code/resources/app/out/vs/workbench/api/node/extensionHostProcess.js:177:6765)
	at MessagePortMain.emit (node:events:514:28)
	at MessagePortMain._internalPort.emit (node:electron/js2c/utility_init:2:2285)
2024-07-18 21:52:49.566 [error] Error: [ExtensionListenerError] Extension 'asvetliakov.vscode-neovim' FAILED to handle event: TypeError: Cannot read properties of undefined (reading 'command')
	at n.value (/snap/code/164/usr/share/code/resources/app/out/vs/workbench/api/node/extensionHostProcess.js:164:21021)
	at r.B (/snap/code/164/usr/share/code/resources/app/out/vs/workbench/api/node/extensionHostProcess.js:83:737)
	at r.fire (/snap/code/164/usr/share/code/resources/app/out/vs/workbench/api/node/extensionHostProcess.js:83:954)
	at k.onDidChangeWindowProperty (/snap/code/164/usr/share/code/resources/app/out/vs/workbench/api/node/extensionHostProcess.js:146:21101)
	at k.$onDidChangeWindowActive (/snap/code/164/usr/share/code/resources/app/out/vs/workbench/api/node/extensionHostProcess.js:146:20984)
	at S (/snap/code/164/usr/share/code/resources/app/out/vs/workbench/api/node/extensionHostProcess.js:151:5986)
	at S.Q (/snap/code/164/usr/share/code/resources/app/out/vs/workbench/api/node/extensionHostProcess.js:151:5752)
	at S.M (/snap/code/164/usr/share/code/resources/app/out/vs/workbench/api/node/extensionHostProcess.js:151:4778)
	at S.L (/snap/code/164/usr/share/code/resources/app/out/vs/workbench/api/node/extensionHostProcess.js:151:3605)
	at n.value (/snap/code/164/usr/share/code/resources/app/out/vs/workbench/api/node/extensionHostProcess.js:151:2297)
	at r.B (/snap/code/164/usr/share/code/resources/app/out/vs/workbench/api/node/extensionHostProcess.js:83:737)
	at r.fire (/snap/code/164/usr/share/code/resources/app/out/vs/workbench/api/node/extensionHostProcess.js:83:954)
	at o.fire (/snap/code/164/usr/share/code/resources/app/out/vs/workbench/api/node/extensionHostProcess.js:108:14502)
	at n.value (/snap/code/164/usr/share/code/resources/app/out/vs/workbench/api/node/extensionHostProcess.js:177:8639)
	at r.B (/snap/code/164/usr/share/code/resources/app/out/vs/workbench/api/node/extensionHostProcess.js:83:737)
	at r.fire (/snap/code/164/usr/share/code/resources/app/out/vs/workbench/api/node/extensionHostProcess.js:83:954)
	at o.fire (/snap/code/164/usr/share/code/resources/app/out/vs/workbench/api/node/extensionHostProcess.js:108:14502)
	at MessagePortMain.<anonymous> (/snap/code/164/usr/share/code/resources/app/out/vs/workbench/api/node/extensionHostProcess.js:177:6765)
	at MessagePortMain.emit (node:events:514:28)
	at MessagePortMain._internalPort.emit (node:electron/js2c/utility_init:2:2285)
2024-07-18 22:42:05.229 [error] Error: [ExtensionListenerError] Extension 'asvetliakov.vscode-neovim' FAILED to handle event: TypeError: Cannot read properties of undefined (reading 'command')
	at n.value (/snap/code/164/usr/share/code/resources/app/out/vs/workbench/api/node/extensionHostProcess.js:164:21021)
	at r.B (/snap/code/164/usr/share/code/resources/app/out/vs/workbench/api/node/extensionHostProcess.js:83:737)
	at r.fire (/snap/code/164/usr/share/code/resources/app/out/vs/workbench/api/node/extensionHostProcess.js:83:954)
	at k.onDidChangeWindowProperty (/snap/code/164/usr/share/code/resources/app/out/vs/workbench/api/node/extensionHostProcess.js:146:21101)
	at k.$onDidChangeWindowActive (/snap/code/164/usr/share/code/resources/app/out/vs/workbench/api/node/extensionHostProcess.js:146:20984)
	at S (/snap/code/164/usr/share/code/resources/app/out/vs/workbench/api/node/extensionHostProcess.js:151:5986)
	at S.Q (/snap/code/164/usr/share/code/resources/app/out/vs/workbench/api/node/extensionHostProcess.js:151:5752)
	at S.M (/snap/code/164/usr/share/code/resources/app/out/vs/workbench/api/node/extensionHostProcess.js:151:4778)
	at S.L (/snap/code/164/usr/share/code/resources/app/out/vs/workbench/api/node/extensionHostProcess.js:151:3605)
	at n.value (/snap/code/164/usr/share/code/resources/app/out/vs/workbench/api/node/extensionHostProcess.js:151:2297)
	at r.B (/snap/code/164/usr/share/code/resources/app/out/vs/workbench/api/node/extensionHostProcess.js:83:737)
	at r.fire (/snap/code/164/usr/share/code/resources/app/out/vs/workbench/api/node/extensionHostProcess.js:83:954)
	at o.fire (/snap/code/164/usr/share/code/resources/app/out/vs/workbench/api/node/extensionHostProcess.js:108:14502)
	at n.value (/snap/code/164/usr/share/code/resources/app/out/vs/workbench/api/node/extensionHostProcess.js:177:8639)
	at r.B (/snap/code/164/usr/share/code/resources/app/out/vs/workbench/api/node/extensionHostProcess.js:83:737)
	at r.fire (/snap/code/164/usr/share/code/resources/app/out/vs/workbench/api/node/extensionHostProcess.js:83:954)
	at o.fire (/snap/code/164/usr/share/code/resources/app/out/vs/workbench/api/node/extensionHostProcess.js:108:14502)
	at MessagePortMain.<anonymous> (/snap/code/164/usr/share/code/resources/app/out/vs/workbench/api/node/extensionHostProcess.js:177:6765)
	at MessagePortMain.emit (node:events:514:28)
	at MessagePortMain._internalPort.emit (node:electron/js2c/utility_init:2:2285)
2024-07-18 22:42:05.229 [error] Error: [ExtensionListenerError] Extension 'asvetliakov.vscode-neovim' FAILED to handle event: TypeError: Cannot read properties of undefined (reading 'command')
	at n.value (/snap/code/164/usr/share/code/resources/app/out/vs/workbench/api/node/extensionHostProcess.js:164:21021)
	at r.B (/snap/code/164/usr/share/code/resources/app/out/vs/workbench/api/node/extensionHostProcess.js:83:737)
	at r.fire (/snap/code/164/usr/share/code/resources/app/out/vs/workbench/api/node/extensionHostProcess.js:83:954)
	at k.onDidChangeWindowProperty (/snap/code/164/usr/share/code/resources/app/out/vs/workbench/api/node/extensionHostProcess.js:146:21101)
	at k.$onDidChangeWindowFocus (/snap/code/164/usr/share/code/resources/app/out/vs/workbench/api/node/extensionHostProcess.js:146:20912)
	at S (/snap/code/164/usr/share/code/resources/app/out/vs/workbench/api/node/extensionHostProcess.js:151:5986)
	at S.Q (/snap/code/164/usr/share/code/resources/app/out/vs/workbench/api/node/extensionHostProcess.js:151:5752)
	at S.M (/snap/code/164/usr/share/code/resources/app/out/vs/workbench/api/node/extensionHostProcess.js:151:4778)
	at S.L (/snap/code/164/usr/share/code/resources/app/out/vs/workbench/api/node/extensionHostProcess.js:151:3605)
	at n.value (/snap/code/164/usr/share/code/resources/app/out/vs/workbench/api/node/extensionHostProcess.js:151:2297)
	at r.B (/snap/code/164/usr/share/code/resources/app/out/vs/workbench/api/node/extensionHostProcess.js:83:737)
	at r.fire (/snap/code/164/usr/share/code/resources/app/out/vs/workbench/api/node/extensionHostProcess.js:83:954)
	at o.fire (/snap/code/164/usr/share/code/resources/app/out/vs/workbench/api/node/extensionHostProcess.js:108:14502)
	at n.value (/snap/code/164/usr/share/code/resources/app/out/vs/workbench/api/node/extensionHostProcess.js:177:8639)
	at r.B (/snap/code/164/usr/share/code/resources/app/out/vs/workbench/api/node/extensionHostProcess.js:83:737)
	at r.fire (/snap/code/164/usr/share/code/resources/app/out/vs/workbench/api/node/extensionHostProcess.js:83:954)
	at o.fire (/snap/code/164/usr/share/code/resources/app/out/vs/workbench/api/node/extensionHostProcess.js:108:14502)
	at MessagePortMain.<anonymous> (/snap/code/164/usr/share/code/resources/app/out/vs/workbench/api/node/extensionHostProcess.js:177:6765)
	at MessagePortMain.emit (node:events:514:28)
	at MessagePortMain._internalPort.emit (node:electron/js2c/utility_init:2:2285)
2024-07-18 22:42:10.303 [error] Error: [ExtensionListenerError] Extension 'asvetliakov.vscode-neovim' FAILED to handle event: TypeError: Cannot read properties of undefined (reading 'command')
	at n.value (/snap/code/164/usr/share/code/resources/app/out/vs/workbench/api/node/extensionHostProcess.js:164:21021)
	at r.B (/snap/code/164/usr/share/code/resources/app/out/vs/workbench/api/node/extensionHostProcess.js:83:737)
	at r.fire (/snap/code/164/usr/share/code/resources/app/out/vs/workbench/api/node/extensionHostProcess.js:83:954)
	at k.onDidChangeWindowProperty (/snap/code/164/usr/share/code/resources/app/out/vs/workbench/api/node/extensionHostProcess.js:146:21101)
	at k.$onDidChangeWindowFocus (/snap/code/164/usr/share/code/resources/app/out/vs/workbench/api/node/extensionHostProcess.js:146:20912)
	at S (/snap/code/164/usr/share/code/resources/app/out/vs/workbench/api/node/extensionHostProcess.js:151:5986)
	at S.Q (/snap/code/164/usr/share/code/resources/app/out/vs/workbench/api/node/extensionHostProcess.js:151:5752)
	at S.M (/snap/code/164/usr/share/code/resources/app/out/vs/workbench/api/node/extensionHostProcess.js:151:4778)
	at S.L (/snap/code/164/usr/share/code/resources/app/out/vs/workbench/api/node/extensionHostProcess.js:151:3605)
	at n.value (/snap/code/164/usr/share/code/resources/app/out/vs/workbench/api/node/extensionHostProcess.js:151:2297)
	at r.B (/snap/code/164/usr/share/code/resources/app/out/vs/workbench/api/node/extensionHostProcess.js:83:737)
	at r.fire (/snap/code/164/usr/share/code/resources/app/out/vs/workbench/api/node/extensionHostProcess.js:83:954)
	at o.fire (/snap/code/164/usr/share/code/resources/app/out/vs/workbench/api/node/extensionHostProcess.js:108:14502)
	at n.value (/snap/code/164/usr/share/code/resources/app/out/vs/workbench/api/node/extensionHostProcess.js:177:8639)
	at r.B (/snap/code/164/usr/share/code/resources/app/out/vs/workbench/api/node/extensionHostProcess.js:83:737)
	at r.fire (/snap/code/164/usr/share/code/resources/app/out/vs/workbench/api/node/extensionHostProcess.js:83:954)
	at o.fire (/snap/code/164/usr/share/code/resources/app/out/vs/workbench/api/node/extensionHostProcess.js:108:14502)
	at MessagePortMain.<anonymous> (/snap/code/164/usr/share/code/resources/app/out/vs/workbench/api/node/extensionHostProcess.js:177:6765)
	at MessagePortMain.emit (node:events:514:28)
	at MessagePortMain._internalPort.emit (node:electron/js2c/utility_init:2:2285)
2024-07-18 22:42:15.259 [error] Error: [ExtensionListenerError] Extension 'asvetliakov.vscode-neovim' FAILED to handle event: TypeError: Cannot read properties of undefined (reading 'command')
	at n.value (/snap/code/164/usr/share/code/resources/app/out/vs/workbench/api/node/extensionHostProcess.js:164:21021)
	at r.B (/snap/code/164/usr/share/code/resources/app/out/vs/workbench/api/node/extensionHostProcess.js:83:737)
	at r.fire (/snap/code/164/usr/share/code/resources/app/out/vs/workbench/api/node/extensionHostProcess.js:83:954)
	at k.onDidChangeWindowProperty (/snap/code/164/usr/share/code/resources/app/out/vs/workbench/api/node/extensionHostProcess.js:146:21101)
	at k.$onDidChangeWindowActive (/snap/code/164/usr/share/code/resources/app/out/vs/workbench/api/node/extensionHostProcess.js:146:20984)
	at S (/snap/code/164/usr/share/code/resources/app/out/vs/workbench/api/node/extensionHostProcess.js:151:5986)
	at S.Q (/snap/code/164/usr/share/code/resources/app/out/vs/workbench/api/node/extensionHostProcess.js:151:5752)
	at S.M (/snap/code/164/usr/share/code/resources/app/out/vs/workbench/api/node/extensionHostProcess.js:151:4778)
	at S.L (/snap/code/164/usr/share/code/resources/app/out/vs/workbench/api/node/extensionHostProcess.js:151:3605)
	at n.value (/snap/code/164/usr/share/code/resources/app/out/vs/workbench/api/node/extensionHostProcess.js:151:2297)
	at r.B (/snap/code/164/usr/share/code/resources/app/out/vs/workbench/api/node/extensionHostProcess.js:83:737)
	at r.fire (/snap/code/164/usr/share/code/resources/app/out/vs/workbench/api/node/extensionHostProcess.js:83:954)
	at o.fire (/snap/code/164/usr/share/code/resources/app/out/vs/workbench/api/node/extensionHostProcess.js:108:14502)
	at n.value (/snap/code/164/usr/share/code/resources/app/out/vs/workbench/api/node/extensionHostProcess.js:177:8639)
	at r.B (/snap/code/164/usr/share/code/resources/app/out/vs/workbench/api/node/extensionHostProcess.js:83:737)
	at r.fire (/snap/code/164/usr/share/code/resources/app/out/vs/workbench/api/node/extensionHostProcess.js:83:954)
	at o.fire (/snap/code/164/usr/share/code/resources/app/out/vs/workbench/api/node/extensionHostProcess.js:108:14502)
	at MessagePortMain.<anonymous> (/snap/code/164/usr/share/code/resources/app/out/vs/workbench/api/node/extensionHostProcess.js:177:6765)
	at MessagePortMain.emit (node:events:514:28)
	at MessagePortMain._internalPort.emit (node:electron/js2c/utility_init:2:2285)
2024-07-18 23:07:32.609 [error] Error: [ExtensionListenerError] Extension 'asvetliakov.vscode-neovim' FAILED to handle event: TypeError: Cannot read properties of undefined (reading 'command')
	at n.value (/snap/code/164/usr/share/code/resources/app/out/vs/workbench/api/node/extensionHostProcess.js:164:21021)
	at r.B (/snap/code/164/usr/share/code/resources/app/out/vs/workbench/api/node/extensionHostProcess.js:83:737)
	at r.fire (/snap/code/164/usr/share/code/resources/app/out/vs/workbench/api/node/extensionHostProcess.js:83:954)
	at k.onDidChangeWindowProperty (/snap/code/164/usr/share/code/resources/app/out/vs/workbench/api/node/extensionHostProcess.js:146:21101)
	at k.$onDidChangeWindowActive (/snap/code/164/usr/share/code/resources/app/out/vs/workbench/api/node/extensionHostProcess.js:146:20984)
	at S (/snap/code/164/usr/share/code/resources/app/out/vs/workbench/api/node/extensionHostProcess.js:151:5986)
	at S.Q (/snap/code/164/usr/share/code/resources/app/out/vs/workbench/api/node/extensionHostProcess.js:151:5752)
	at S.M (/snap/code/164/usr/share/code/resources/app/out/vs/workbench/api/node/extensionHostProcess.js:151:4778)
	at S.L (/snap/code/164/usr/share/code/resources/app/out/vs/workbench/api/node/extensionHostProcess.js:151:3605)
	at n.value (/snap/code/164/usr/share/code/resources/app/out/vs/workbench/api/node/extensionHostProcess.js:151:2297)
	at r.B (/snap/code/164/usr/share/code/resources/app/out/vs/workbench/api/node/extensionHostProcess.js:83:737)
	at r.fire (/snap/code/164/usr/share/code/resources/app/out/vs/workbench/api/node/extensionHostProcess.js:83:954)
	at o.fire (/snap/code/164/usr/share/code/resources/app/out/vs/workbench/api/node/extensionHostProcess.js:108:14502)
	at n.value (/snap/code/164/usr/share/code/resources/app/out/vs/workbench/api/node/extensionHostProcess.js:177:8639)
	at r.B (/snap/code/164/usr/share/code/resources/app/out/vs/workbench/api/node/extensionHostProcess.js:83:737)
	at r.fire (/snap/code/164/usr/share/code/resources/app/out/vs/workbench/api/node/extensionHostProcess.js:83:954)
	at o.fire (/snap/code/164/usr/share/code/resources/app/out/vs/workbench/api/node/extensionHostProcess.js:108:14502)
	at MessagePortMain.<anonymous> (/snap/code/164/usr/share/code/resources/app/out/vs/workbench/api/node/extensionHostProcess.js:177:6765)
	at MessagePortMain.emit (node:events:514:28)
	at MessagePortMain._internalPort.emit (node:electron/js2c/utility_init:2:2285)
2024-07-18 23:07:32.609 [error] Error: [ExtensionListenerError] Extension 'asvetliakov.vscode-neovim' FAILED to handle event: TypeError: Cannot read properties of undefined (reading 'command')
	at n.value (/snap/code/164/usr/share/code/resources/app/out/vs/workbench/api/node/extensionHostProcess.js:164:21021)
	at r.B (/snap/code/164/usr/share/code/resources/app/out/vs/workbench/api/node/extensionHostProcess.js:83:737)
	at r.fire (/snap/code/164/usr/share/code/resources/app/out/vs/workbench/api/node/extensionHostProcess.js:83:954)
	at k.onDidChangeWindowProperty (/snap/code/164/usr/share/code/resources/app/out/vs/workbench/api/node/extensionHostProcess.js:146:21101)
	at k.$onDidChangeWindowFocus (/snap/code/164/usr/share/code/resources/app/out/vs/workbench/api/node/extensionHostProcess.js:146:20912)
	at S (/snap/code/164/usr/share/code/resources/app/out/vs/workbench/api/node/extensionHostProcess.js:151:5986)
	at S.Q (/snap/code/164/usr/share/code/resources/app/out/vs/workbench/api/node/extensionHostProcess.js:151:5752)
	at S.M (/snap/code/164/usr/share/code/resources/app/out/vs/workbench/api/node/extensionHostProcess.js:151:4778)
	at S.L (/snap/code/164/usr/share/code/resources/app/out/vs/workbench/api/node/extensionHostProcess.js:151:3605)
	at n.value (/snap/code/164/usr/share/code/resources/app/out/vs/workbench/api/node/extensionHostProcess.js:151:2297)
	at r.B (/snap/code/164/usr/share/code/resources/app/out/vs/workbench/api/node/extensionHostProcess.js:83:737)
	at r.fire (/snap/code/164/usr/share/code/resources/app/out/vs/workbench/api/node/extensionHostProcess.js:83:954)
	at o.fire (/snap/code/164/usr/share/code/resources/app/out/vs/workbench/api/node/extensionHostProcess.js:108:14502)
	at n.value (/snap/code/164/usr/share/code/resources/app/out/vs/workbench/api/node/extensionHostProcess.js:177:8639)
	at r.B (/snap/code/164/usr/share/code/resources/app/out/vs/workbench/api/node/extensionHostProcess.js:83:737)
	at r.fire (/snap/code/164/usr/share/code/resources/app/out/vs/workbench/api/node/extensionHostProcess.js:83:954)
	at o.fire (/snap/code/164/usr/share/code/resources/app/out/vs/workbench/api/node/extensionHostProcess.js:108:14502)
	at MessagePortMain.<anonymous> (/snap/code/164/usr/share/code/resources/app/out/vs/workbench/api/node/extensionHostProcess.js:177:6765)
	at MessagePortMain.emit (node:events:514:28)
	at MessagePortMain._internalPort.emit (node:electron/js2c/utility_init:2:2285)
2024-07-18 23:07:35.931 [error] Error: [ExtensionListenerError] Extension 'asvetliakov.vscode-neovim' FAILED to handle event: TypeError: Cannot read properties of undefined (reading 'command')
	at n.value (/snap/code/164/usr/share/code/resources/app/out/vs/workbench/api/node/extensionHostProcess.js:164:21021)
	at r.B (/snap/code/164/usr/share/code/resources/app/out/vs/workbench/api/node/extensionHostProcess.js:83:737)
	at r.fire (/snap/code/164/usr/share/code/resources/app/out/vs/workbench/api/node/extensionHostProcess.js:83:954)
	at k.onDidChangeWindowProperty (/snap/code/164/usr/share/code/resources/app/out/vs/workbench/api/node/extensionHostProcess.js:146:21101)
	at k.$onDidChangeWindowFocus (/snap/code/164/usr/share/code/resources/app/out/vs/workbench/api/node/extensionHostProcess.js:146:20912)
	at S (/snap/code/164/usr/share/code/resources/app/out/vs/workbench/api/node/extensionHostProcess.js:151:5986)
	at S.Q (/snap/code/164/usr/share/code/resources/app/out/vs/workbench/api/node/extensionHostProcess.js:151:5752)
	at S.M (/snap/code/164/usr/share/code/resources/app/out/vs/workbench/api/node/extensionHostProcess.js:151:4778)
	at S.L (/snap/code/164/usr/share/code/resources/app/out/vs/workbench/api/node/extensionHostProcess.js:151:3605)
	at n.value (/snap/code/164/usr/share/code/resources/app/out/vs/workbench/api/node/extensionHostProcess.js:151:2297)
	at r.B (/snap/code/164/usr/share/code/resources/app/out/vs/workbench/api/node/extensionHostProcess.js:83:737)
	at r.fire (/snap/code/164/usr/share/code/resources/app/out/vs/workbench/api/node/extensionHostProcess.js:83:954)
	at o.fire (/snap/code/164/usr/share/code/resources/app/out/vs/workbench/api/node/extensionHostProcess.js:108:14502)
	at n.value (/snap/code/164/usr/share/code/resources/app/out/vs/workbench/api/node/extensionHostProcess.js:177:8639)
	at r.B (/snap/code/164/usr/share/code/resources/app/out/vs/workbench/api/node/extensionHostProcess.js:83:737)
	at r.fire (/snap/code/164/usr/share/code/resources/app/out/vs/workbench/api/node/extensionHostProcess.js:83:954)
	at o.fire (/snap/code/164/usr/share/code/resources/app/out/vs/workbench/api/node/extensionHostProcess.js:108:14502)
	at MessagePortMain.<anonymous> (/snap/code/164/usr/share/code/resources/app/out/vs/workbench/api/node/extensionHostProcess.js:177:6765)
	at MessagePortMain.emit (node:events:514:28)
	at MessagePortMain._internalPort.emit (node:electron/js2c/utility_init:2:2285)
2024-07-18 23:07:43.625 [error] Error: [ExtensionListenerError] Extension 'asvetliakov.vscode-neovim' FAILED to handle event: TypeError: Cannot read properties of undefined (reading 'command')
	at n.value (/snap/code/164/usr/share/code/resources/app/out/vs/workbench/api/node/extensionHostProcess.js:164:21021)
	at r.B (/snap/code/164/usr/share/code/resources/app/out/vs/workbench/api/node/extensionHostProcess.js:83:737)
	at r.fire (/snap/code/164/usr/share/code/resources/app/out/vs/workbench/api/node/extensionHostProcess.js:83:954)
	at k.onDidChangeWindowProperty (/snap/code/164/usr/share/code/resources/app/out/vs/workbench/api/node/extensionHostProcess.js:146:21101)
	at k.$onDidChangeWindowActive (/snap/code/164/usr/share/code/resources/app/out/vs/workbench/api/node/extensionHostProcess.js:146:20984)
	at S (/snap/code/164/usr/share/code/resources/app/out/vs/workbench/api/node/extensionHostProcess.js:151:5986)
	at S.Q (/snap/code/164/usr/share/code/resources/app/out/vs/workbench/api/node/extensionHostProcess.js:151:5752)
	at S.M (/snap/code/164/usr/share/code/resources/app/out/vs/workbench/api/node/extensionHostProcess.js:151:4778)
	at S.L (/snap/code/164/usr/share/code/resources/app/out/vs/workbench/api/node/extensionHostProcess.js:151:3605)
	at n.value (/snap/code/164/usr/share/code/resources/app/out/vs/workbench/api/node/extensionHostProcess.js:151:2297)
	at r.B (/snap/code/164/usr/share/code/resources/app/out/vs/workbench/api/node/extensionHostProcess.js:83:737)
	at r.fire (/snap/code/164/usr/share/code/resources/app/out/vs/workbench/api/node/extensionHostProcess.js:83:954)
	at o.fire (/snap/code/164/usr/share/code/resources/app/out/vs/workbench/api/node/extensionHostProcess.js:108:14502)
	at n.value (/snap/code/164/usr/share/code/resources/app/out/vs/workbench/api/node/extensionHostProcess.js:177:8639)
	at r.B (/snap/code/164/usr/share/code/resources/app/out/vs/workbench/api/node/extensionHostProcess.js:83:737)
	at r.fire (/snap/code/164/usr/share/code/resources/app/out/vs/workbench/api/node/extensionHostProcess.js:83:954)
	at o.fire (/snap/code/164/usr/share/code/resources/app/out/vs/workbench/api/node/extensionHostProcess.js:108:14502)
	at MessagePortMain.<anonymous> (/snap/code/164/usr/share/code/resources/app/out/vs/workbench/api/node/extensionHostProcess.js:177:6765)
	at MessagePortMain.emit (node:events:514:28)
	at MessagePortMain._internalPort.emit (node:electron/js2c/utility_init:2:2285)
2024-07-19 00:08:14.766 [error] Error: [ExtensionListenerError] Extension 'asvetliakov.vscode-neovim' FAILED to handle event: TypeError: Cannot read properties of undefined (reading 'command')
	at n.value (/snap/code/164/usr/share/code/resources/app/out/vs/workbench/api/node/extensionHostProcess.js:164:21021)
	at r.B (/snap/code/164/usr/share/code/resources/app/out/vs/workbench/api/node/extensionHostProcess.js:83:737)
	at r.fire (/snap/code/164/usr/share/code/resources/app/out/vs/workbench/api/node/extensionHostProcess.js:83:954)
	at k.onDidChangeWindowProperty (/snap/code/164/usr/share/code/resources/app/out/vs/workbench/api/node/extensionHostProcess.js:146:21101)
	at k.$onDidChangeWindowActive (/snap/code/164/usr/share/code/resources/app/out/vs/workbench/api/node/extensionHostProcess.js:146:20984)
	at S (/snap/code/164/usr/share/code/resources/app/out/vs/workbench/api/node/extensionHostProcess.js:151:5986)
	at S.Q (/snap/code/164/usr/share/code/resources/app/out/vs/workbench/api/node/extensionHostProcess.js:151:5752)
	at S.M (/snap/code/164/usr/share/code/resources/app/out/vs/workbench/api/node/extensionHostProcess.js:151:4778)
	at S.L (/snap/code/164/usr/share/code/resources/app/out/vs/workbench/api/node/extensionHostProcess.js:151:3605)
	at n.value (/snap/code/164/usr/share/code/resources/app/out/vs/workbench/api/node/extensionHostProcess.js:151:2297)
	at r.B (/snap/code/164/usr/share/code/resources/app/out/vs/workbench/api/node/extensionHostProcess.js:83:737)
	at r.fire (/snap/code/164/usr/share/code/resources/app/out/vs/workbench/api/node/extensionHostProcess.js:83:954)
	at o.fire (/snap/code/164/usr/share/code/resources/app/out/vs/workbench/api/node/extensionHostProcess.js:108:14502)
	at n.value (/snap/code/164/usr/share/code/resources/app/out/vs/workbench/api/node/extensionHostProcess.js:177:8639)
	at r.B (/snap/code/164/usr/share/code/resources/app/out/vs/workbench/api/node/extensionHostProcess.js:83:737)
	at r.fire (/snap/code/164/usr/share/code/resources/app/out/vs/workbench/api/node/extensionHostProcess.js:83:954)
	at o.fire (/snap/code/164/usr/share/code/resources/app/out/vs/workbench/api/node/extensionHostProcess.js:108:14502)
	at MessagePortMain.<anonymous> (/snap/code/164/usr/share/code/resources/app/out/vs/workbench/api/node/extensionHostProcess.js:177:6765)
	at MessagePortMain.emit (node:events:514:28)
	at MessagePortMain._internalPort.emit (node:electron/js2c/utility_init:2:2285)
2024-07-19 00:08:14.767 [error] Error: [ExtensionListenerError] Extension 'asvetliakov.vscode-neovim' FAILED to handle event: TypeError: Cannot read properties of undefined (reading 'command')
	at n.value (/snap/code/164/usr/share/code/resources/app/out/vs/workbench/api/node/extensionHostProcess.js:164:21021)
	at r.B (/snap/code/164/usr/share/code/resources/app/out/vs/workbench/api/node/extensionHostProcess.js:83:737)
	at r.fire (/snap/code/164/usr/share/code/resources/app/out/vs/workbench/api/node/extensionHostProcess.js:83:954)
	at k.onDidChangeWindowProperty (/snap/code/164/usr/share/code/resources/app/out/vs/workbench/api/node/extensionHostProcess.js:146:21101)
	at k.$onDidChangeWindowFocus (/snap/code/164/usr/share/code/resources/app/out/vs/workbench/api/node/extensionHostProcess.js:146:20912)
	at S (/snap/code/164/usr/share/code/resources/app/out/vs/workbench/api/node/extensionHostProcess.js:151:5986)
	at S.Q (/snap/code/164/usr/share/code/resources/app/out/vs/workbench/api/node/extensionHostProcess.js:151:5752)
	at S.M (/snap/code/164/usr/share/code/resources/app/out/vs/workbench/api/node/extensionHostProcess.js:151:4778)
	at S.L (/snap/code/164/usr/share/code/resources/app/out/vs/workbench/api/node/extensionHostProcess.js:151:3605)
	at n.value (/snap/code/164/usr/share/code/resources/app/out/vs/workbench/api/node/extensionHostProcess.js:151:2297)
	at r.B (/snap/code/164/usr/share/code/resources/app/out/vs/workbench/api/node/extensionHostProcess.js:83:737)
	at r.fire (/snap/code/164/usr/share/code/resources/app/out/vs/workbench/api/node/extensionHostProcess.js:83:954)
	at o.fire (/snap/code/164/usr/share/code/resources/app/out/vs/workbench/api/node/extensionHostProcess.js:108:14502)
	at n.value (/snap/code/164/usr/share/code/resources/app/out/vs/workbench/api/node/extensionHostProcess.js:177:8639)
	at r.B (/snap/code/164/usr/share/code/resources/app/out/vs/workbench/api/node/extensionHostProcess.js:83:737)
	at r.fire (/snap/code/164/usr/share/code/resources/app/out/vs/workbench/api/node/extensionHostProcess.js:83:954)
	at o.fire (/snap/code/164/usr/share/code/resources/app/out/vs/workbench/api/node/extensionHostProcess.js:108:14502)
	at MessagePortMain.<anonymous> (/snap/code/164/usr/share/code/resources/app/out/vs/workbench/api/node/extensionHostProcess.js:177:6765)
	at MessagePortMain.emit (node:events:514:28)
	at MessagePortMain._internalPort.emit (node:electron/js2c/utility_init:2:2285)
2024-07-19 00:08:50.798 [error] Error: [ExtensionListenerError] Extension 'asvetliakov.vscode-neovim' FAILED to handle event: TypeError: Cannot read properties of undefined (reading 'command')
	at n.value (/snap/code/164/usr/share/code/resources/app/out/vs/workbench/api/node/extensionHostProcess.js:164:21021)
	at r.B (/snap/code/164/usr/share/code/resources/app/out/vs/workbench/api/node/extensionHostProcess.js:83:737)
	at r.fire (/snap/code/164/usr/share/code/resources/app/out/vs/workbench/api/node/extensionHostProcess.js:83:954)
	at k.onDidChangeWindowProperty (/snap/code/164/usr/share/code/resources/app/out/vs/workbench/api/node/extensionHostProcess.js:146:21101)
	at k.$onDidChangeWindowFocus (/snap/code/164/usr/share/code/resources/app/out/vs/workbench/api/node/extensionHostProcess.js:146:20912)
	at S (/snap/code/164/usr/share/code/resources/app/out/vs/workbench/api/node/extensionHostProcess.js:151:5986)
	at S.Q (/snap/code/164/usr/share/code/resources/app/out/vs/workbench/api/node/extensionHostProcess.js:151:5752)
	at S.M (/snap/code/164/usr/share/code/resources/app/out/vs/workbench/api/node/extensionHostProcess.js:151:4778)
	at S.L (/snap/code/164/usr/share/code/resources/app/out/vs/workbench/api/node/extensionHostProcess.js:151:3605)
	at n.value (/snap/code/164/usr/share/code/resources/app/out/vs/workbench/api/node/extensionHostProcess.js:151:2297)
	at r.B (/snap/code/164/usr/share/code/resources/app/out/vs/workbench/api/node/extensionHostProcess.js:83:737)
	at r.fire (/snap/code/164/usr/share/code/resources/app/out/vs/workbench/api/node/extensionHostProcess.js:83:954)
	at o.fire (/snap/code/164/usr/share/code/resources/app/out/vs/workbench/api/node/extensionHostProcess.js:108:14502)
	at n.value (/snap/code/164/usr/share/code/resources/app/out/vs/workbench/api/node/extensionHostProcess.js:177:8639)
	at r.B (/snap/code/164/usr/share/code/resources/app/out/vs/workbench/api/node/extensionHostProcess.js:83:737)
	at r.fire (/snap/code/164/usr/share/code/resources/app/out/vs/workbench/api/node/extensionHostProcess.js:83:954)
	at o.fire (/snap/code/164/usr/share/code/resources/app/out/vs/workbench/api/node/extensionHostProcess.js:108:14502)
	at MessagePortMain.<anonymous> (/snap/code/164/usr/share/code/resources/app/out/vs/workbench/api/node/extensionHostProcess.js:177:6765)
	at MessagePortMain.emit (node:events:514:28)
	at MessagePortMain._internalPort.emit (node:electron/js2c/utility_init:2:2285)
2024-07-19 00:09:31.616 [error] Error: [ExtensionListenerError] Extension 'asvetliakov.vscode-neovim' FAILED to handle event: TypeError: Cannot read properties of undefined (reading 'command')
	at n.value (/snap/code/164/usr/share/code/resources/app/out/vs/workbench/api/node/extensionHostProcess.js:164:21021)
	at r.B (/snap/code/164/usr/share/code/resources/app/out/vs/workbench/api/node/extensionHostProcess.js:83:737)
	at r.fire (/snap/code/164/usr/share/code/resources/app/out/vs/workbench/api/node/extensionHostProcess.js:83:954)
	at k.onDidChangeWindowProperty (/snap/code/164/usr/share/code/resources/app/out/vs/workbench/api/node/extensionHostProcess.js:146:21101)
	at k.$onDidChangeWindowActive (/snap/code/164/usr/share/code/resources/app/out/vs/workbench/api/node/extensionHostProcess.js:146:20984)
	at S (/snap/code/164/usr/share/code/resources/app/out/vs/workbench/api/node/extensionHostProcess.js:151:5986)
	at S.Q (/snap/code/164/usr/share/code/resources/app/out/vs/workbench/api/node/extensionHostProcess.js:151:5752)
	at S.M (/snap/code/164/usr/share/code/resources/app/out/vs/workbench/api/node/extensionHostProcess.js:151:4778)
	at S.L (/snap/code/164/usr/share/code/resources/app/out/vs/workbench/api/node/extensionHostProcess.js:151:3605)
	at n.value (/snap/code/164/usr/share/code/resources/app/out/vs/workbench/api/node/extensionHostProcess.js:151:2297)
	at r.B (/snap/code/164/usr/share/code/resources/app/out/vs/workbench/api/node/extensionHostProcess.js:83:737)
	at r.fire (/snap/code/164/usr/share/code/resources/app/out/vs/workbench/api/node/extensionHostProcess.js:83:954)
	at o.fire (/snap/code/164/usr/share/code/resources/app/out/vs/workbench/api/node/extensionHostProcess.js:108:14502)
	at n.value (/snap/code/164/usr/share/code/resources/app/out/vs/workbench/api/node/extensionHostProcess.js:177:8639)
	at r.B (/snap/code/164/usr/share/code/resources/app/out/vs/workbench/api/node/extensionHostProcess.js:83:737)
	at r.fire (/snap/code/164/usr/share/code/resources/app/out/vs/workbench/api/node/extensionHostProcess.js:83:954)
	at o.fire (/snap/code/164/usr/share/code/resources/app/out/vs/workbench/api/node/extensionHostProcess.js:108:14502)
	at MessagePortMain.<anonymous> (/snap/code/164/usr/share/code/resources/app/out/vs/workbench/api/node/extensionHostProcess.js:177:6765)
	at MessagePortMain.emit (node:events:514:28)
	at MessagePortMain._internalPort.emit (node:electron/js2c/utility_init:2:2285)
