2024-04-17 19:40:18.424 [info] Getting Manifest... asvetliakov.vscode-neovim
2024-04-17 19:40:18.425 [info] Getting Manifest... ms-python.debugpy
2024-04-17 19:40:18.425 [info] Getting Manifest... ms-python.python
2024-04-17 19:40:18.426 [info] Getting Manifest... ms-python.vscode-pylance
2024-04-17 19:40:18.570 [info] Installing extension: asvetliakov.vscode-neovim
2024-04-17 19:40:18.799 [info] Installing extension: ms-python.python
2024-04-17 19:40:18.810 [info] Installing extension: ms-python.vscode-pylance
2024-04-17 19:40:18.810 [info] Installing extension: ms-python.debugpy
2024-04-17 19:40:19.463 [info] Getting Manifest... ms-python.python
2024-04-17 19:40:19.527 [info] Waiting for already requested installing extension ms-python.python ms-python.debugpy
2024-04-17 19:40:19.539 [info] Getting Manifest... ms-python.python
2024-04-17 19:40:19.591 [info] Waiting for already requested installing extension ms-python.python ms-python.vscode-pylance
2024-04-17 19:40:20.440 [info] Extension signature is verified: asvetliakov.vscode-neovim
2024-04-17 19:40:20.484 [info] Extracted extension to file:///home/vincent/.vscode/extensions/asvetliakov.vscode-neovim-1.8.2: asvetliakov.vscode-neovim
2024-04-17 19:40:20.488 [info] Renamed to /home/vincent/.vscode/extensions/asvetliakov.vscode-neovim-1.8.2
2024-04-17 19:40:20.489 [info] Extracting extension completed. asvetliakov.vscode-neovim
2024-04-17 19:40:20.496 [info] Extension installed successfully: asvetliakov.vscode-neovim
2024-04-17 19:40:20.497 [info] Marked extension as uninstalled asvetliakov.vscode-neovim-1.6.1
2024-04-17 19:40:20.570 [error] [uncaught exception in sharedProcess]: Error: ENOENT: no such file or directory, stat '/home/vincent/.vscode/extensions/extensions.json.vsctmp': EntryNotFound (FileSystemError): Error: ENOENT: no such file or directory, stat '/home/vincent/.vscode/extensions/extensions.json.vsctmp'
    at r.create (/snap/code/157/usr/share/code/resources/app/out/vs/code/node/sharedProcess/sharedProcessMain.js:53:30080)
    at a (/snap/code/157/usr/share/code/resources/app/out/vs/code/node/sharedProcess/sharedProcessMain.js:53:30195)
    at i.fb (/snap/code/157/usr/share/code/resources/app/out/vs/code/node/sharedProcess/sharedProcessMain.js:58:36500)
    at i.stat (/snap/code/157/usr/share/code/resources/app/out/vs/code/node/sharedProcess/sharedProcessMain.js:58:28946)
    at async $.stat (/snap/code/157/usr/share/code/resources/app/out/vs/code/node/sharedProcess/sharedProcessMain.js:58:16092)
    at async K.sb (/snap/code/157/usr/share/code/resources/app/out/vs/code/node/sharedProcess/sharedProcessMain.js:104:108402)
2024-04-17 19:40:20.893 [info] Extension signature is verified: ms-python.python
2024-04-17 19:40:21.422 [info] Extension signature is verified: ms-python.debugpy
2024-04-17 19:40:21.675 [info] Extracted extension to file:///home/vincent/.vscode/extensions/ms-python.debugpy-2024.4.0-linux-x64: ms-python.debugpy
2024-04-17 19:40:21.685 [info] Renamed to /home/vincent/.vscode/extensions/ms-python.debugpy-2024.4.0-linux-x64
2024-04-17 19:40:21.686 [info] Extracting extension completed. ms-python.debugpy
2024-04-17 19:40:21.694 [info] Marked extension as uninstalled ms-python.debugpy-2024.2.0-linux-x64
2024-04-17 19:40:21.765 [error] [uncaught exception in sharedProcess]: Error: ENOENT: no such file or directory, stat '/home/vincent/.vscode/extensions/extensions.json.vsctmp': EntryNotFound (FileSystemError): Error: ENOENT: no such file or directory, stat '/home/vincent/.vscode/extensions/extensions.json.vsctmp'
    at r.create (/snap/code/157/usr/share/code/resources/app/out/vs/code/node/sharedProcess/sharedProcessMain.js:53:30080)
    at a (/snap/code/157/usr/share/code/resources/app/out/vs/code/node/sharedProcess/sharedProcessMain.js:53:30195)
    at i.fb (/snap/code/157/usr/share/code/resources/app/out/vs/code/node/sharedProcess/sharedProcessMain.js:58:36500)
    at i.stat (/snap/code/157/usr/share/code/resources/app/out/vs/code/node/sharedProcess/sharedProcessMain.js:58:28946)
    at async $.stat (/snap/code/157/usr/share/code/resources/app/out/vs/code/node/sharedProcess/sharedProcessMain.js:58:16092)
    at async K.sb (/snap/code/157/usr/share/code/resources/app/out/vs/code/node/sharedProcess/sharedProcessMain.js:104:108402)
2024-04-17 19:40:21.864 [info] Extension signature is verified: ms-python.vscode-pylance
2024-04-17 19:40:22.178 [info] Extracted extension to file:///home/vincent/.vscode/extensions/ms-python.python-2024.4.1: ms-python.python
2024-04-17 19:40:22.189 [info] Renamed to /home/vincent/.vscode/extensions/ms-python.python-2024.4.1
2024-04-17 19:40:22.192 [info] Extracting extension completed. ms-python.python
2024-04-17 19:40:22.200 [info] Extension installed successfully: ms-python.python
2024-04-17 19:40:22.201 [info] Finished waiting for already requested installing extension ms-python.python ms-python.debugpy
2024-04-17 19:40:22.201 [info] Finished waiting for already requested installing extension ms-python.python ms-python.vscode-pylance
2024-04-17 19:40:22.201 [info] Extension installed successfully: ms-python.debugpy
2024-04-17 19:40:22.204 [info] Marked extension as uninstalled ms-python.python-2024.2.1
2024-04-17 19:40:22.271 [error] [uncaught exception in sharedProcess]: Error: ENOENT: no such file or directory, stat '/home/vincent/.vscode/extensions/extensions.json.vsctmp': EntryNotFound (FileSystemError): Error: ENOENT: no such file or directory, stat '/home/vincent/.vscode/extensions/extensions.json.vsctmp'
    at r.create (/snap/code/157/usr/share/code/resources/app/out/vs/code/node/sharedProcess/sharedProcessMain.js:53:30080)
    at a (/snap/code/157/usr/share/code/resources/app/out/vs/code/node/sharedProcess/sharedProcessMain.js:53:30195)
    at i.fb (/snap/code/157/usr/share/code/resources/app/out/vs/code/node/sharedProcess/sharedProcessMain.js:58:36500)
    at i.stat (/snap/code/157/usr/share/code/resources/app/out/vs/code/node/sharedProcess/sharedProcessMain.js:58:28946)
    at async $.stat (/snap/code/157/usr/share/code/resources/app/out/vs/code/node/sharedProcess/sharedProcessMain.js:58:16092)
    at async K.sb (/snap/code/157/usr/share/code/resources/app/out/vs/code/node/sharedProcess/sharedProcessMain.js:104:108402)
2024-04-17 19:40:24.374 [info] Extracted extension to file:///home/vincent/.vscode/extensions/ms-python.vscode-pylance-2024.4.1: ms-python.vscode-pylance
2024-04-17 19:40:24.386 [info] Renamed to /home/vincent/.vscode/extensions/ms-python.vscode-pylance-2024.4.1
2024-04-17 19:40:24.388 [info] Extracting extension completed. ms-python.vscode-pylance
2024-04-17 19:40:24.395 [info] Extension installed successfully: ms-python.vscode-pylance
2024-04-17 19:40:24.398 [info] Marked extension as uninstalled ms-python.vscode-pylance-2024.2.3
2024-04-17 19:40:24.469 [error] [uncaught exception in sharedProcess]: Error: ENOENT: no such file or directory, stat '/home/vincent/.vscode/extensions/extensions.json.vsctmp': EntryNotFound (FileSystemError): Error: ENOENT: no such file or directory, stat '/home/vincent/.vscode/extensions/extensions.json.vsctmp'
    at r.create (/snap/code/157/usr/share/code/resources/app/out/vs/code/node/sharedProcess/sharedProcessMain.js:53:30080)
    at a (/snap/code/157/usr/share/code/resources/app/out/vs/code/node/sharedProcess/sharedProcessMain.js:53:30195)
    at i.fb (/snap/code/157/usr/share/code/resources/app/out/vs/code/node/sharedProcess/sharedProcessMain.js:58:36500)
    at i.stat (/snap/code/157/usr/share/code/resources/app/out/vs/code/node/sharedProcess/sharedProcessMain.js:58:28946)
    at async $.stat (/snap/code/157/usr/share/code/resources/app/out/vs/code/node/sharedProcess/sharedProcessMain.js:58:16092)
    at async K.sb (/snap/code/157/usr/share/code/resources/app/out/vs/code/node/sharedProcess/sharedProcessMain.js:104:108402)
