2024-05-26 15:16:19.439 [info] Started local extension host with pid 116859.
2024-05-26 15:16:19.480 [info] Placing extension(s) asvetliakov.vscode-neovim on a separate extension host.
2024-05-26 15:16:19.630 [info] Started local extension host with pid 116909.
2024-05-26 15:16:20.622 [error] Cannot read properties of undefined (reading 'accessToken'): TypeError: Cannot read properties of undefined (reading 'accessToken')
    at p.z (vscode-file://vscode-app/snap/code/159/usr/share/code/resources/app/out/vs/workbench/workbench.desktop.main.js:1686:21851)
    at p.C (vscode-file://vscode-app/snap/code/159/usr/share/code/resources/app/out/vs/workbench/workbench.desktop.main.js:1686:22484)
    at d.value (vscode-file://vscode-app/snap/code/159/usr/share/code/resources/app/out/vs/workbench/workbench.desktop.main.js:1686:21653)
2024-05-26 15:16:22.119 [info] [perf] Render performance baseline is 19ms
2024-05-26 15:17:30.351 [error] [ExtensionListenerError] Extension 'asvetliakov.vscode-neovim' FAILED to handle event: TypeError: Cannot read properties of undefined (reading 'command'): Error: [ExtensionListenerError] Extension 'asvetliakov.vscode-neovim' FAILED to handle event: TypeError: Cannot read properties of undefined (reading 'command')
	at a.value (/snap/code/159/usr/share/code/resources/app/out/vs/workbench/api/node/extensionHostProcess.js:163:20680)
	at o.y (/snap/code/159/usr/share/code/resources/app/out/vs/workbench/api/node/extensionHostProcess.js:82:660)
	at o.fire (/snap/code/159/usr/share/code/resources/app/out/vs/workbench/api/node/extensionHostProcess.js:82:877)
	at A.onDidChangeWindowProperty (/snap/code/159/usr/share/code/resources/app/out/vs/workbench/api/node/extensionHostProcess.js:145:15803)
	at A.$onDidChangeWindowActive (/snap/code/159/usr/share/code/resources/app/out/vs/workbench/api/node/extensionHostProcess.js:145:15686)
	at c.S (/snap/code/159/usr/share/code/resources/app/out/vs/workbench/api/node/extensionHostProcess.js:150:5505)
	at c.Q (/snap/code/159/usr/share/code/resources/app/out/vs/workbench/api/node/extensionHostProcess.js:150:5271)
	at c.M (/snap/code/159/usr/share/code/resources/app/out/vs/workbench/api/node/extensionHostProcess.js:150:4361)
	at c.L (/snap/code/159/usr/share/code/resources/app/out/vs/workbench/api/node/extensionHostProcess.js:150:3440)
	at a.value (/snap/code/159/usr/share/code/resources/app/out/vs/workbench/api/node/extensionHostProcess.js:150:2227)
	at o.y (/snap/code/159/usr/share/code/resources/app/out/vs/workbench/api/node/extensionHostProcess.js:82:660)
	at o.fire (/snap/code/159/usr/share/code/resources/app/out/vs/workbench/api/node/extensionHostProcess.js:82:877)
	at u.fire (/snap/code/159/usr/share/code/resources/app/out/vs/workbench/api/node/extensionHostProcess.js:107:14175)
	at a.value (/snap/code/159/usr/share/code/resources/app/out/vs/workbench/api/node/extensionHostProcess.js:176:8023)
	at o.y (/snap/code/159/usr/share/code/resources/app/out/vs/workbench/api/node/extensionHostProcess.js:82:660)
	at o.fire (/snap/code/159/usr/share/code/resources/app/out/vs/workbench/api/node/extensionHostProcess.js:82:877)
	at u.fire (/snap/code/159/usr/share/code/resources/app/out/vs/workbench/api/node/extensionHostProcess.js:107:14175)
	at MessagePortMain.<anonymous> (/snap/code/159/usr/share/code/resources/app/out/vs/workbench/api/node/extensionHostProcess.js:176:6303)
	at MessagePortMain.emit (node:events:517:28)
	at MessagePortMain._internalPort.emit (node:electron/js2c/utility_init:2:2285)
2024-05-26 15:17:37.313 [error] [ExtensionListenerError] Extension 'asvetliakov.vscode-neovim' FAILED to handle event: TypeError: Cannot read properties of undefined (reading 'command'): Error: [ExtensionListenerError] Extension 'asvetliakov.vscode-neovim' FAILED to handle event: TypeError: Cannot read properties of undefined (reading 'command')
	at a.value (/snap/code/159/usr/share/code/resources/app/out/vs/workbench/api/node/extensionHostProcess.js:163:20680)
	at o.y (/snap/code/159/usr/share/code/resources/app/out/vs/workbench/api/node/extensionHostProcess.js:82:660)
	at o.fire (/snap/code/159/usr/share/code/resources/app/out/vs/workbench/api/node/extensionHostProcess.js:82:877)
	at A.onDidChangeWindowProperty (/snap/code/159/usr/share/code/resources/app/out/vs/workbench/api/node/extensionHostProcess.js:145:15803)
	at A.$onDidChangeWindowFocus (/snap/code/159/usr/share/code/resources/app/out/vs/workbench/api/node/extensionHostProcess.js:145:15614)
	at c.S (/snap/code/159/usr/share/code/resources/app/out/vs/workbench/api/node/extensionHostProcess.js:150:5505)
	at c.Q (/snap/code/159/usr/share/code/resources/app/out/vs/workbench/api/node/extensionHostProcess.js:150:5271)
	at c.M (/snap/code/159/usr/share/code/resources/app/out/vs/workbench/api/node/extensionHostProcess.js:150:4361)
	at c.L (/snap/code/159/usr/share/code/resources/app/out/vs/workbench/api/node/extensionHostProcess.js:150:3440)
	at a.value (/snap/code/159/usr/share/code/resources/app/out/vs/workbench/api/node/extensionHostProcess.js:150:2227)
	at o.y (/snap/code/159/usr/share/code/resources/app/out/vs/workbench/api/node/extensionHostProcess.js:82:660)
	at o.fire (/snap/code/159/usr/share/code/resources/app/out/vs/workbench/api/node/extensionHostProcess.js:82:877)
	at u.fire (/snap/code/159/usr/share/code/resources/app/out/vs/workbench/api/node/extensionHostProcess.js:107:14175)
	at a.value (/snap/code/159/usr/share/code/resources/app/out/vs/workbench/api/node/extensionHostProcess.js:176:8023)
	at o.y (/snap/code/159/usr/share/code/resources/app/out/vs/workbench/api/node/extensionHostProcess.js:82:660)
	at o.fire (/snap/code/159/usr/share/code/resources/app/out/vs/workbench/api/node/extensionHostProcess.js:82:877)
	at u.fire (/snap/code/159/usr/share/code/resources/app/out/vs/workbench/api/node/extensionHostProcess.js:107:14175)
	at MessagePortMain.<anonymous> (/snap/code/159/usr/share/code/resources/app/out/vs/workbench/api/node/extensionHostProcess.js:176:6303)
	at MessagePortMain.emit (node:events:517:28)
	at MessagePortMain._internalPort.emit (node:electron/js2c/utility_init:2:2285)
2024-05-26 15:18:09.438 [error] [ExtensionListenerError] Extension 'asvetliakov.vscode-neovim' FAILED to handle event: TypeError: Cannot read properties of undefined (reading 'command'): Error: [ExtensionListenerError] Extension 'asvetliakov.vscode-neovim' FAILED to handle event: TypeError: Cannot read properties of undefined (reading 'command')
	at a.value (/snap/code/159/usr/share/code/resources/app/out/vs/workbench/api/node/extensionHostProcess.js:163:20680)
	at o.y (/snap/code/159/usr/share/code/resources/app/out/vs/workbench/api/node/extensionHostProcess.js:82:660)
	at o.fire (/snap/code/159/usr/share/code/resources/app/out/vs/workbench/api/node/extensionHostProcess.js:82:877)
	at A.onDidChangeWindowProperty (/snap/code/159/usr/share/code/resources/app/out/vs/workbench/api/node/extensionHostProcess.js:145:15803)
	at A.$onDidChangeWindowFocus (/snap/code/159/usr/share/code/resources/app/out/vs/workbench/api/node/extensionHostProcess.js:145:15614)
	at c.S (/snap/code/159/usr/share/code/resources/app/out/vs/workbench/api/node/extensionHostProcess.js:150:5505)
	at c.Q (/snap/code/159/usr/share/code/resources/app/out/vs/workbench/api/node/extensionHostProcess.js:150:5271)
	at c.M (/snap/code/159/usr/share/code/resources/app/out/vs/workbench/api/node/extensionHostProcess.js:150:4361)
	at c.L (/snap/code/159/usr/share/code/resources/app/out/vs/workbench/api/node/extensionHostProcess.js:150:3440)
	at a.value (/snap/code/159/usr/share/code/resources/app/out/vs/workbench/api/node/extensionHostProcess.js:150:2227)
	at o.y (/snap/code/159/usr/share/code/resources/app/out/vs/workbench/api/node/extensionHostProcess.js:82:660)
	at o.fire (/snap/code/159/usr/share/code/resources/app/out/vs/workbench/api/node/extensionHostProcess.js:82:877)
	at u.fire (/snap/code/159/usr/share/code/resources/app/out/vs/workbench/api/node/extensionHostProcess.js:107:14175)
	at a.value (/snap/code/159/usr/share/code/resources/app/out/vs/workbench/api/node/extensionHostProcess.js:176:8023)
	at o.y (/snap/code/159/usr/share/code/resources/app/out/vs/workbench/api/node/extensionHostProcess.js:82:660)
	at o.fire (/snap/code/159/usr/share/code/resources/app/out/vs/workbench/api/node/extensionHostProcess.js:82:877)
	at u.fire (/snap/code/159/usr/share/code/resources/app/out/vs/workbench/api/node/extensionHostProcess.js:107:14175)
	at MessagePortMain.<anonymous> (/snap/code/159/usr/share/code/resources/app/out/vs/workbench/api/node/extensionHostProcess.js:176:6303)
	at MessagePortMain.emit (node:events:517:28)
	at MessagePortMain._internalPort.emit (node:electron/js2c/utility_init:2:2285)
2024-05-26 15:18:09.441 [error] [ExtensionListenerError] Extension 'asvetliakov.vscode-neovim' FAILED to handle event: TypeError: Cannot read properties of undefined (reading 'command'): Error: [ExtensionListenerError] Extension 'asvetliakov.vscode-neovim' FAILED to handle event: TypeError: Cannot read properties of undefined (reading 'command')
	at a.value (/snap/code/159/usr/share/code/resources/app/out/vs/workbench/api/node/extensionHostProcess.js:163:20680)
	at o.y (/snap/code/159/usr/share/code/resources/app/out/vs/workbench/api/node/extensionHostProcess.js:82:660)
	at o.fire (/snap/code/159/usr/share/code/resources/app/out/vs/workbench/api/node/extensionHostProcess.js:82:877)
	at A.onDidChangeWindowProperty (/snap/code/159/usr/share/code/resources/app/out/vs/workbench/api/node/extensionHostProcess.js:145:15803)
	at A.$onDidChangeWindowActive (/snap/code/159/usr/share/code/resources/app/out/vs/workbench/api/node/extensionHostProcess.js:145:15686)
	at c.S (/snap/code/159/usr/share/code/resources/app/out/vs/workbench/api/node/extensionHostProcess.js:150:5505)
	at c.Q (/snap/code/159/usr/share/code/resources/app/out/vs/workbench/api/node/extensionHostProcess.js:150:5271)
	at c.M (/snap/code/159/usr/share/code/resources/app/out/vs/workbench/api/node/extensionHostProcess.js:150:4361)
	at c.L (/snap/code/159/usr/share/code/resources/app/out/vs/workbench/api/node/extensionHostProcess.js:150:3440)
	at a.value (/snap/code/159/usr/share/code/resources/app/out/vs/workbench/api/node/extensionHostProcess.js:150:2227)
	at o.y (/snap/code/159/usr/share/code/resources/app/out/vs/workbench/api/node/extensionHostProcess.js:82:660)
	at o.fire (/snap/code/159/usr/share/code/resources/app/out/vs/workbench/api/node/extensionHostProcess.js:82:877)
	at u.fire (/snap/code/159/usr/share/code/resources/app/out/vs/workbench/api/node/extensionHostProcess.js:107:14175)
	at a.value (/snap/code/159/usr/share/code/resources/app/out/vs/workbench/api/node/extensionHostProcess.js:176:8023)
	at o.y (/snap/code/159/usr/share/code/resources/app/out/vs/workbench/api/node/extensionHostProcess.js:82:660)
	at o.fire (/snap/code/159/usr/share/code/resources/app/out/vs/workbench/api/node/extensionHostProcess.js:82:877)
	at u.fire (/snap/code/159/usr/share/code/resources/app/out/vs/workbench/api/node/extensionHostProcess.js:107:14175)
	at MessagePortMain.<anonymous> (/snap/code/159/usr/share/code/resources/app/out/vs/workbench/api/node/extensionHostProcess.js:176:6303)
	at MessagePortMain.emit (node:events:517:28)
	at MessagePortMain._internalPort.emit (node:electron/js2c/utility_init:2:2285)
2024-05-26 15:18:54.012 [error] [ExtensionListenerError] Extension 'asvetliakov.vscode-neovim' FAILED to handle event: TypeError: Cannot read properties of undefined (reading 'command'): Error: [ExtensionListenerError] Extension 'asvetliakov.vscode-neovim' FAILED to handle event: TypeError: Cannot read properties of undefined (reading 'command')
	at a.value (/snap/code/159/usr/share/code/resources/app/out/vs/workbench/api/node/extensionHostProcess.js:163:20680)
	at o.y (/snap/code/159/usr/share/code/resources/app/out/vs/workbench/api/node/extensionHostProcess.js:82:660)
	at o.fire (/snap/code/159/usr/share/code/resources/app/out/vs/workbench/api/node/extensionHostProcess.js:82:877)
	at A.onDidChangeWindowProperty (/snap/code/159/usr/share/code/resources/app/out/vs/workbench/api/node/extensionHostProcess.js:145:15803)
	at A.$onDidChangeWindowFocus (/snap/code/159/usr/share/code/resources/app/out/vs/workbench/api/node/extensionHostProcess.js:145:15614)
	at c.S (/snap/code/159/usr/share/code/resources/app/out/vs/workbench/api/node/extensionHostProcess.js:150:5505)
	at c.Q (/snap/code/159/usr/share/code/resources/app/out/vs/workbench/api/node/extensionHostProcess.js:150:5271)
	at c.M (/snap/code/159/usr/share/code/resources/app/out/vs/workbench/api/node/extensionHostProcess.js:150:4361)
	at c.L (/snap/code/159/usr/share/code/resources/app/out/vs/workbench/api/node/extensionHostProcess.js:150:3440)
	at a.value (/snap/code/159/usr/share/code/resources/app/out/vs/workbench/api/node/extensionHostProcess.js:150:2227)
	at o.y (/snap/code/159/usr/share/code/resources/app/out/vs/workbench/api/node/extensionHostProcess.js:82:660)
	at o.fire (/snap/code/159/usr/share/code/resources/app/out/vs/workbench/api/node/extensionHostProcess.js:82:877)
	at u.fire (/snap/code/159/usr/share/code/resources/app/out/vs/workbench/api/node/extensionHostProcess.js:107:14175)
	at a.value (/snap/code/159/usr/share/code/resources/app/out/vs/workbench/api/node/extensionHostProcess.js:176:8023)
	at o.y (/snap/code/159/usr/share/code/resources/app/out/vs/workbench/api/node/extensionHostProcess.js:82:660)
	at o.fire (/snap/code/159/usr/share/code/resources/app/out/vs/workbench/api/node/extensionHostProcess.js:82:877)
	at u.fire (/snap/code/159/usr/share/code/resources/app/out/vs/workbench/api/node/extensionHostProcess.js:107:14175)
	at MessagePortMain.<anonymous> (/snap/code/159/usr/share/code/resources/app/out/vs/workbench/api/node/extensionHostProcess.js:176:6303)
	at MessagePortMain.emit (node:events:517:28)
	at MessagePortMain._internalPort.emit (node:electron/js2c/utility_init:2:2285)
2024-05-26 15:19:13.150 [error] [ExtensionListenerError] Extension 'asvetliakov.vscode-neovim' FAILED to handle event: TypeError: Cannot read properties of undefined (reading 'command'): Error: [ExtensionListenerError] Extension 'asvetliakov.vscode-neovim' FAILED to handle event: TypeError: Cannot read properties of undefined (reading 'command')
	at a.value (/snap/code/159/usr/share/code/resources/app/out/vs/workbench/api/node/extensionHostProcess.js:163:20680)
	at o.y (/snap/code/159/usr/share/code/resources/app/out/vs/workbench/api/node/extensionHostProcess.js:82:660)
	at o.fire (/snap/code/159/usr/share/code/resources/app/out/vs/workbench/api/node/extensionHostProcess.js:82:877)
	at A.onDidChangeWindowProperty (/snap/code/159/usr/share/code/resources/app/out/vs/workbench/api/node/extensionHostProcess.js:145:15803)
	at A.$onDidChangeWindowFocus (/snap/code/159/usr/share/code/resources/app/out/vs/workbench/api/node/extensionHostProcess.js:145:15614)
	at c.S (/snap/code/159/usr/share/code/resources/app/out/vs/workbench/api/node/extensionHostProcess.js:150:5505)
	at c.Q (/snap/code/159/usr/share/code/resources/app/out/vs/workbench/api/node/extensionHostProcess.js:150:5271)
	at c.M (/snap/code/159/usr/share/code/resources/app/out/vs/workbench/api/node/extensionHostProcess.js:150:4361)
	at c.L (/snap/code/159/usr/share/code/resources/app/out/vs/workbench/api/node/extensionHostProcess.js:150:3440)
	at a.value (/snap/code/159/usr/share/code/resources/app/out/vs/workbench/api/node/extensionHostProcess.js:150:2227)
	at o.y (/snap/code/159/usr/share/code/resources/app/out/vs/workbench/api/node/extensionHostProcess.js:82:660)
	at o.fire (/snap/code/159/usr/share/code/resources/app/out/vs/workbench/api/node/extensionHostProcess.js:82:877)
	at u.fire (/snap/code/159/usr/share/code/resources/app/out/vs/workbench/api/node/extensionHostProcess.js:107:14175)
	at a.value (/snap/code/159/usr/share/code/resources/app/out/vs/workbench/api/node/extensionHostProcess.js:176:8023)
	at o.y (/snap/code/159/usr/share/code/resources/app/out/vs/workbench/api/node/extensionHostProcess.js:82:660)
	at o.fire (/snap/code/159/usr/share/code/resources/app/out/vs/workbench/api/node/extensionHostProcess.js:82:877)
	at u.fire (/snap/code/159/usr/share/code/resources/app/out/vs/workbench/api/node/extensionHostProcess.js:107:14175)
	at MessagePortMain.<anonymous> (/snap/code/159/usr/share/code/resources/app/out/vs/workbench/api/node/extensionHostProcess.js:176:6303)
	at MessagePortMain.emit (node:events:517:28)
	at MessagePortMain._internalPort.emit (node:electron/js2c/utility_init:2:2285)
2024-05-26 15:19:29.638 [error] [ExtensionListenerError] Extension 'asvetliakov.vscode-neovim' FAILED to handle event: TypeError: Cannot read properties of undefined (reading 'command'): Error: [ExtensionListenerError] Extension 'asvetliakov.vscode-neovim' FAILED to handle event: TypeError: Cannot read properties of undefined (reading 'command')
	at a.value (/snap/code/159/usr/share/code/resources/app/out/vs/workbench/api/node/extensionHostProcess.js:163:20680)
	at o.y (/snap/code/159/usr/share/code/resources/app/out/vs/workbench/api/node/extensionHostProcess.js:82:660)
	at o.fire (/snap/code/159/usr/share/code/resources/app/out/vs/workbench/api/node/extensionHostProcess.js:82:877)
	at A.onDidChangeWindowProperty (/snap/code/159/usr/share/code/resources/app/out/vs/workbench/api/node/extensionHostProcess.js:145:15803)
	at A.$onDidChangeWindowFocus (/snap/code/159/usr/share/code/resources/app/out/vs/workbench/api/node/extensionHostProcess.js:145:15614)
	at c.S (/snap/code/159/usr/share/code/resources/app/out/vs/workbench/api/node/extensionHostProcess.js:150:5505)
	at c.Q (/snap/code/159/usr/share/code/resources/app/out/vs/workbench/api/node/extensionHostProcess.js:150:5271)
	at c.M (/snap/code/159/usr/share/code/resources/app/out/vs/workbench/api/node/extensionHostProcess.js:150:4361)
	at c.L (/snap/code/159/usr/share/code/resources/app/out/vs/workbench/api/node/extensionHostProcess.js:150:3440)
	at a.value (/snap/code/159/usr/share/code/resources/app/out/vs/workbench/api/node/extensionHostProcess.js:150:2227)
	at o.y (/snap/code/159/usr/share/code/resources/app/out/vs/workbench/api/node/extensionHostProcess.js:82:660)
	at o.fire (/snap/code/159/usr/share/code/resources/app/out/vs/workbench/api/node/extensionHostProcess.js:82:877)
	at u.fire (/snap/code/159/usr/share/code/resources/app/out/vs/workbench/api/node/extensionHostProcess.js:107:14175)
	at a.value (/snap/code/159/usr/share/code/resources/app/out/vs/workbench/api/node/extensionHostProcess.js:176:8023)
	at o.y (/snap/code/159/usr/share/code/resources/app/out/vs/workbench/api/node/extensionHostProcess.js:82:660)
	at o.fire (/snap/code/159/usr/share/code/resources/app/out/vs/workbench/api/node/extensionHostProcess.js:82:877)
	at u.fire (/snap/code/159/usr/share/code/resources/app/out/vs/workbench/api/node/extensionHostProcess.js:107:14175)
	at MessagePortMain.<anonymous> (/snap/code/159/usr/share/code/resources/app/out/vs/workbench/api/node/extensionHostProcess.js:176:6303)
	at MessagePortMain.emit (node:events:517:28)
	at MessagePortMain._internalPort.emit (node:electron/js2c/utility_init:2:2285)
2024-05-26 15:19:30.965 [error] [ExtensionListenerError] Extension 'asvetliakov.vscode-neovim' FAILED to handle event: TypeError: Cannot read properties of undefined (reading 'command'): Error: [ExtensionListenerError] Extension 'asvetliakov.vscode-neovim' FAILED to handle event: TypeError: Cannot read properties of undefined (reading 'command')
	at a.value (/snap/code/159/usr/share/code/resources/app/out/vs/workbench/api/node/extensionHostProcess.js:163:20680)
	at o.y (/snap/code/159/usr/share/code/resources/app/out/vs/workbench/api/node/extensionHostProcess.js:82:660)
	at o.fire (/snap/code/159/usr/share/code/resources/app/out/vs/workbench/api/node/extensionHostProcess.js:82:877)
	at A.onDidChangeWindowProperty (/snap/code/159/usr/share/code/resources/app/out/vs/workbench/api/node/extensionHostProcess.js:145:15803)
	at A.$onDidChangeWindowFocus (/snap/code/159/usr/share/code/resources/app/out/vs/workbench/api/node/extensionHostProcess.js:145:15614)
	at c.S (/snap/code/159/usr/share/code/resources/app/out/vs/workbench/api/node/extensionHostProcess.js:150:5505)
	at c.Q (/snap/code/159/usr/share/code/resources/app/out/vs/workbench/api/node/extensionHostProcess.js:150:5271)
	at c.M (/snap/code/159/usr/share/code/resources/app/out/vs/workbench/api/node/extensionHostProcess.js:150:4361)
	at c.L (/snap/code/159/usr/share/code/resources/app/out/vs/workbench/api/node/extensionHostProcess.js:150:3440)
	at a.value (/snap/code/159/usr/share/code/resources/app/out/vs/workbench/api/node/extensionHostProcess.js:150:2227)
	at o.y (/snap/code/159/usr/share/code/resources/app/out/vs/workbench/api/node/extensionHostProcess.js:82:660)
	at o.fire (/snap/code/159/usr/share/code/resources/app/out/vs/workbench/api/node/extensionHostProcess.js:82:877)
	at u.fire (/snap/code/159/usr/share/code/resources/app/out/vs/workbench/api/node/extensionHostProcess.js:107:14175)
	at a.value (/snap/code/159/usr/share/code/resources/app/out/vs/workbench/api/node/extensionHostProcess.js:176:8023)
	at o.y (/snap/code/159/usr/share/code/resources/app/out/vs/workbench/api/node/extensionHostProcess.js:82:660)
	at o.fire (/snap/code/159/usr/share/code/resources/app/out/vs/workbench/api/node/extensionHostProcess.js:82:877)
	at u.fire (/snap/code/159/usr/share/code/resources/app/out/vs/workbench/api/node/extensionHostProcess.js:107:14175)
	at MessagePortMain.<anonymous> (/snap/code/159/usr/share/code/resources/app/out/vs/workbench/api/node/extensionHostProcess.js:176:6303)
	at MessagePortMain.emit (node:events:517:28)
	at MessagePortMain._internalPort.emit (node:electron/js2c/utility_init:2:2285)
2024-05-26 15:19:38.356 [error] [ExtensionListenerError] Extension 'asvetliakov.vscode-neovim' FAILED to handle event: TypeError: Cannot read properties of undefined (reading 'command'): Error: [ExtensionListenerError] Extension 'asvetliakov.vscode-neovim' FAILED to handle event: TypeError: Cannot read properties of undefined (reading 'command')
	at a.value (/snap/code/159/usr/share/code/resources/app/out/vs/workbench/api/node/extensionHostProcess.js:163:20680)
	at o.y (/snap/code/159/usr/share/code/resources/app/out/vs/workbench/api/node/extensionHostProcess.js:82:660)
	at o.fire (/snap/code/159/usr/share/code/resources/app/out/vs/workbench/api/node/extensionHostProcess.js:82:877)
	at A.onDidChangeWindowProperty (/snap/code/159/usr/share/code/resources/app/out/vs/workbench/api/node/extensionHostProcess.js:145:15803)
	at A.$onDidChangeWindowFocus (/snap/code/159/usr/share/code/resources/app/out/vs/workbench/api/node/extensionHostProcess.js:145:15614)
	at c.S (/snap/code/159/usr/share/code/resources/app/out/vs/workbench/api/node/extensionHostProcess.js:150:5505)
	at c.Q (/snap/code/159/usr/share/code/resources/app/out/vs/workbench/api/node/extensionHostProcess.js:150:5271)
	at c.M (/snap/code/159/usr/share/code/resources/app/out/vs/workbench/api/node/extensionHostProcess.js:150:4361)
	at c.L (/snap/code/159/usr/share/code/resources/app/out/vs/workbench/api/node/extensionHostProcess.js:150:3440)
	at a.value (/snap/code/159/usr/share/code/resources/app/out/vs/workbench/api/node/extensionHostProcess.js:150:2227)
	at o.y (/snap/code/159/usr/share/code/resources/app/out/vs/workbench/api/node/extensionHostProcess.js:82:660)
	at o.fire (/snap/code/159/usr/share/code/resources/app/out/vs/workbench/api/node/extensionHostProcess.js:82:877)
	at u.fire (/snap/code/159/usr/share/code/resources/app/out/vs/workbench/api/node/extensionHostProcess.js:107:14175)
	at a.value (/snap/code/159/usr/share/code/resources/app/out/vs/workbench/api/node/extensionHostProcess.js:176:8023)
	at o.y (/snap/code/159/usr/share/code/resources/app/out/vs/workbench/api/node/extensionHostProcess.js:82:660)
	at o.fire (/snap/code/159/usr/share/code/resources/app/out/vs/workbench/api/node/extensionHostProcess.js:82:877)
	at u.fire (/snap/code/159/usr/share/code/resources/app/out/vs/workbench/api/node/extensionHostProcess.js:107:14175)
	at MessagePortMain.<anonymous> (/snap/code/159/usr/share/code/resources/app/out/vs/workbench/api/node/extensionHostProcess.js:176:6303)
	at MessagePortMain.emit (node:events:517:28)
	at MessagePortMain._internalPort.emit (node:electron/js2c/utility_init:2:2285)
2024-05-26 15:19:46.167 [error] [ExtensionListenerError] Extension 'asvetliakov.vscode-neovim' FAILED to handle event: TypeError: Cannot read properties of undefined (reading 'command'): Error: [ExtensionListenerError] Extension 'asvetliakov.vscode-neovim' FAILED to handle event: TypeError: Cannot read properties of undefined (reading 'command')
	at a.value (/snap/code/159/usr/share/code/resources/app/out/vs/workbench/api/node/extensionHostProcess.js:163:20680)
	at o.y (/snap/code/159/usr/share/code/resources/app/out/vs/workbench/api/node/extensionHostProcess.js:82:660)
	at o.fire (/snap/code/159/usr/share/code/resources/app/out/vs/workbench/api/node/extensionHostProcess.js:82:877)
	at A.onDidChangeWindowProperty (/snap/code/159/usr/share/code/resources/app/out/vs/workbench/api/node/extensionHostProcess.js:145:15803)
	at A.$onDidChangeWindowFocus (/snap/code/159/usr/share/code/resources/app/out/vs/workbench/api/node/extensionHostProcess.js:145:15614)
	at c.S (/snap/code/159/usr/share/code/resources/app/out/vs/workbench/api/node/extensionHostProcess.js:150:5505)
	at c.Q (/snap/code/159/usr/share/code/resources/app/out/vs/workbench/api/node/extensionHostProcess.js:150:5271)
	at c.M (/snap/code/159/usr/share/code/resources/app/out/vs/workbench/api/node/extensionHostProcess.js:150:4361)
	at c.L (/snap/code/159/usr/share/code/resources/app/out/vs/workbench/api/node/extensionHostProcess.js:150:3440)
	at a.value (/snap/code/159/usr/share/code/resources/app/out/vs/workbench/api/node/extensionHostProcess.js:150:2227)
	at o.y (/snap/code/159/usr/share/code/resources/app/out/vs/workbench/api/node/extensionHostProcess.js:82:660)
	at o.fire (/snap/code/159/usr/share/code/resources/app/out/vs/workbench/api/node/extensionHostProcess.js:82:877)
	at u.fire (/snap/code/159/usr/share/code/resources/app/out/vs/workbench/api/node/extensionHostProcess.js:107:14175)
	at a.value (/snap/code/159/usr/share/code/resources/app/out/vs/workbench/api/node/extensionHostProcess.js:176:8023)
	at o.y (/snap/code/159/usr/share/code/resources/app/out/vs/workbench/api/node/extensionHostProcess.js:82:660)
	at o.fire (/snap/code/159/usr/share/code/resources/app/out/vs/workbench/api/node/extensionHostProcess.js:82:877)
	at u.fire (/snap/code/159/usr/share/code/resources/app/out/vs/workbench/api/node/extensionHostProcess.js:107:14175)
	at MessagePortMain.<anonymous> (/snap/code/159/usr/share/code/resources/app/out/vs/workbench/api/node/extensionHostProcess.js:176:6303)
	at MessagePortMain.emit (node:events:517:28)
	at MessagePortMain._internalPort.emit (node:electron/js2c/utility_init:2:2285)
