2024-07-16 20:15:55.170 [info] Log level: Info
2024-07-16 20:15:55.170 [info] Validating found git in: "git"
2024-07-16 20:15:55.170 [info] Using git "2.34.1" from "git"
2024-07-16 20:15:55.170 [info] > git rev-parse --show-toplevel [2ms]
2024-07-16 20:15:55.170 [info] > git rev-parse --git-dir --git-common-dir [1ms]
2024-07-16 20:15:55.176 [info] Open repository: /home/vincent/projects/Reproducibility_Study_of_Poisoning_Backdoor-critical_Layers_Attack
2024-07-16 20:15:55.186 [info] > git config --get commit.template [5ms]
2024-07-16 20:15:55.191 [info] > git for-each-ref --format=%(refname)%00%(upstream:short)%00%(objectname)%00%(upstream:track)%00%(upstream:remotename)%00%(upstream:remoteref) refs/heads/main refs/remotes/main [6ms]
2024-07-16 20:15:55.195 [warning] ENOENT: no such file or directory, open '/home/vincent/projects/Reproducibility_Study_of_Poisoning_Backdoor-critical_Layers_Attack/.git/refs/remotes/origin/main'
2024-07-16 20:15:55.196 [info] > git rev-parse --show-toplevel [5ms]
2024-07-16 20:15:55.200 [info] > git rev-parse refs/remotes/origin/main [5ms]
2024-07-16 20:15:55.205 [info] > git rev-parse --show-toplevel [5ms]
2024-07-16 20:15:55.209 [info] > git status -z -uall [5ms]
2024-07-16 20:15:55.222 [info] > git for-each-ref --format=%(refname)%00%(upstream:short)%00%(objectname)%00%(upstream:track)%00%(upstream:remotename)%00%(upstream:remoteref) refs/heads/main refs/remotes/main [8ms]
2024-07-16 20:15:55.226 [info] > git rev-parse --show-toplevel [18ms]
2024-07-16 20:15:55.232 [info] > git config --local branch.main.vscode-merge-base [6ms]
2024-07-16 20:15:55.232 [warning] git config failed: Failed to execute git
2024-07-16 20:15:55.237 [info] > git config --get commit.template [14ms]
2024-07-16 20:15:55.237 [info] > git rev-parse --show-toplevel [7ms]
2024-07-16 20:15:55.246 [info] > git for-each-ref --format=%(refname)%00%(upstream:short)%00%(objectname)%00%(upstream:track)%00%(upstream:remotename)%00%(upstream:remoteref) refs/heads/main refs/remotes/main [4ms]
2024-07-16 20:15:55.247 [info] > git reflog main --grep-reflog=branch: Created from *. [10ms]
2024-07-16 20:15:55.256 [warning] ENOENT: no such file or directory, open '/home/vincent/projects/Reproducibility_Study_of_Poisoning_Backdoor-critical_Layers_Attack/.git/refs/remotes/origin/main'
2024-07-16 20:15:55.257 [info] > git symbolic-ref --short refs/remotes/origin/HEAD [6ms]
2024-07-16 20:15:55.261 [info] > git rev-parse --show-toplevel [15ms]
2024-07-16 20:15:55.268 [info] > git for-each-ref --format=%(refname)%00%(upstream:short)%00%(objectname)%00%(upstream:track)%00%(upstream:remotename)%00%(upstream:remoteref) refs/heads/origin/main refs/remotes/origin/main [7ms]
2024-07-16 20:15:55.272 [info] > git rev-parse refs/remotes/origin/main [16ms]
2024-07-16 20:15:55.295 [info] > git status -z -uall [18ms]
2024-07-16 20:15:55.302 [info] > git config --local branch.main.vscode-merge-base origin/main [30ms]
2024-07-16 20:15:55.302 [info] > git rev-parse --show-toplevel [34ms]
2024-07-16 20:15:55.330 [info] > git for-each-ref --format=%(refname)%00%(upstream:short)%00%(objectname)%00%(upstream:track)%00%(upstream:remotename)%00%(upstream:remoteref) refs/heads/main refs/remotes/main [30ms]
2024-07-16 20:15:55.358 [info] > git config --local branch.main.vscode-merge-base [24ms]
2024-07-16 20:15:55.362 [info] > git rev-parse --show-toplevel [32ms]
2024-07-16 20:15:55.362 [info] > git config --get commit.template [36ms]
2024-07-16 20:15:55.381 [info] > git for-each-ref --format=%(refname)%00%(upstream:short)%00%(objectname)%00%(upstream:track)%00%(upstream:remotename)%00%(upstream:remoteref) refs/heads/origin/main refs/remotes/origin/main [19ms]
2024-07-16 20:15:55.390 [info] > git rev-parse --show-toplevel [9ms]
2024-07-16 20:15:55.394 [info] > git merge-base refs/heads/main refs/remotes/origin/main [9ms]
2024-07-16 20:15:55.404 [info] > git rev-list --count --left-right refs/heads/main...refs/remotes/origin/main [6ms]
2024-07-16 20:15:55.407 [info] > git rev-parse --show-toplevel [14ms]
2024-07-16 20:15:55.407 [info] > git for-each-ref --format=%(refname)%00%(upstream:short)%00%(objectname)%00%(upstream:track)%00%(upstream:remotename)%00%(upstream:remoteref) refs/heads/main refs/remotes/main [18ms]
2024-07-16 20:15:55.415 [warning] ENOENT: no such file or directory, open '/home/vincent/projects/Reproducibility_Study_of_Poisoning_Backdoor-critical_Layers_Attack/.git/refs/remotes/origin/main'
2024-07-16 20:15:55.416 [info] > git rev-parse --show-toplevel [4ms]
2024-07-16 20:15:55.416 [info] > git diff --name-status -z --diff-filter=ADMR 55ef030729df1355e1654c727c868fe773717add...refs/remotes/origin/main [9ms]
2024-07-16 20:15:55.420 [info] > git rev-parse refs/remotes/origin/main [5ms]
2024-07-16 20:15:55.424 [info] > git rev-parse --show-toplevel [4ms]
2024-07-16 20:15:55.429 [info] > git status -z -uall [5ms]
2024-07-16 20:15:55.434 [info] > git rev-parse --show-toplevel [5ms]
2024-07-16 20:15:55.438 [info] > git for-each-ref --format=%(refname)%00%(upstream:short)%00%(objectname)%00%(upstream:track)%00%(upstream:remotename)%00%(upstream:remoteref) refs/heads/main refs/remotes/main [5ms]
2024-07-16 20:15:55.442 [info] > git rev-parse --show-toplevel [5ms]
2024-07-16 20:15:55.446 [info] > git config --local branch.main.vscode-merge-base [4ms]
2024-07-16 20:15:55.450 [info] > git rev-parse --show-toplevel [4ms]
2024-07-16 20:15:55.453 [info] > git for-each-ref --format=%(refname)%00%(upstream:short)%00%(objectname)%00%(upstream:track)%00%(upstream:remotename)%00%(upstream:remoteref) refs/heads/origin/main refs/remotes/origin/main [3ms]
2024-07-16 20:15:55.454 [info] > git rev-parse --show-toplevel [1ms]
2024-07-16 20:15:55.458 [info] > git rev-parse --show-toplevel [1ms]
2024-07-16 20:15:55.463 [info] > git rev-parse --show-toplevel [1ms]
2024-07-16 20:15:55.468 [info] > git rev-parse --show-toplevel [1ms]
2024-07-16 20:15:55.472 [info] > git rev-parse --show-toplevel [1ms]
2024-07-16 20:15:55.477 [info] > git rev-parse --show-toplevel [1ms]
2024-07-16 20:15:55.482 [info] > git rev-parse --show-toplevel [0ms]
2024-07-16 20:15:55.486 [info] > git rev-parse --show-toplevel [1ms]
2024-07-16 20:15:55.490 [info] > git rev-parse --show-toplevel [1ms]
2024-07-16 20:15:55.494 [info] > git rev-parse --show-toplevel [1ms]
2024-07-16 20:15:55.498 [info] > git rev-parse --show-toplevel [1ms]
2024-07-16 20:15:55.502 [info] > git rev-parse --show-toplevel [1ms]
2024-07-16 20:15:55.506 [info] > git rev-parse --show-toplevel [0ms]
2024-07-16 20:15:55.510 [info] > git rev-parse --show-toplevel [0ms]
2024-07-16 20:15:55.515 [info] > git rev-parse --show-toplevel [1ms]
2024-07-16 20:15:55.520 [info] > git rev-parse --show-toplevel [1ms]
2024-07-16 20:15:55.525 [info] > git rev-parse --show-toplevel [1ms]
2024-07-16 20:15:55.530 [info] > git rev-parse --show-toplevel [1ms]
2024-07-16 20:15:55.810 [info] > git check-ignore -v -z --stdin [2ms]
