2024-05-26 14:53:20.873 [info] Added views:workbench.panel.markers.view in workbench.panel.markers
2024-05-26 14:53:20.873 [info] Added views:workbench.panel.output in workbench.panel.output
2024-05-26 14:53:20.873 [info] Added views:terminal in terminal
2024-05-26 14:53:20.873 [info] Added views:outline in workbench.view.explorer
2024-05-26 14:53:20.873 [info] Added views:workbench.scm in workbench.view.scm
2024-05-26 14:53:20.873 [info] Added views:workbench.view.search in workbench.view.search
2024-05-26 14:53:20.873 [info] Added views:timeline in workbench.view.explorer
2024-05-26 14:53:20.873 [info] Added views:workbench.explorer.emptyView in workbench.view.explorer
2024-05-26 14:53:20.971 [info] Added views:workbench.debug.variablesView,workbench.debug.watchExpressionsView,workbench.debug.callStackView,workbench.debug.breakPointsView in workbench.view.debug
2024-05-26 14:53:21.122 [info] Added views:workbench.panel.repl.view in workbench.panel.repl
2024-05-26 14:53:21.122 [info] Removed views:workbench.debug.breakPointsView,workbench.debug.callStackView,workbench.debug.watchExpressionsView,workbench.debug.variablesView from workbench.view.debug
2024-05-26 14:53:21.123 [info] Added views:workbench.debug.welcome in workbench.view.debug
2024-05-26 14:53:21.192 [info] Added views:~remote.forwardedPorts in ~remote.forwardedPortsContainer
2024-05-26 14:53:39.389 [info] Added views:workbench.panel.markers.view in workbench.panel.markers
2024-05-26 14:53:39.389 [info] Added views:workbench.panel.output in workbench.panel.output
2024-05-26 14:53:39.389 [info] Added views:terminal in terminal
2024-05-26 14:53:39.389 [info] Added views:outline in workbench.view.explorer
2024-05-26 14:53:39.389 [info] Added views:workbench.scm in workbench.view.scm
2024-05-26 14:53:39.389 [info] Added views:workbench.view.search in workbench.view.search
2024-05-26 14:53:39.389 [info] Added views:timeline in workbench.view.explorer
2024-05-26 14:53:39.389 [info] Added views:workbench.explorer.fileView in workbench.view.explorer
2024-05-26 14:53:39.587 [info] Added views:workbench.debug.variablesView,workbench.debug.watchExpressionsView,workbench.debug.callStackView,workbench.debug.breakPointsView in workbench.view.debug
2024-05-26 14:53:39.635 [info] Added views:~remote.forwardedPorts in ~remote.forwardedPortsContainer
2024-05-26 14:53:39.641 [info] Added views:workbench.panel.repl.view in workbench.panel.repl
2024-05-26 14:53:39.642 [info] Removed views:workbench.debug.breakPointsView,workbench.debug.callStackView,workbench.debug.watchExpressionsView,workbench.debug.variablesView from workbench.view.debug
2024-05-26 14:53:39.642 [info] Added views:workbench.debug.welcome in workbench.view.debug
2024-05-26 14:53:50.540 [info] Added views:workbench.view.testing in workbench.view.extension.test
2024-05-26 14:53:53.615 [info] Removed views:workbench.debug.welcome from workbench.view.debug
2024-05-26 14:53:53.616 [info] Added views:workbench.debug.variablesView,workbench.debug.watchExpressionsView,workbench.debug.callStackView,workbench.debug.breakPointsView in workbench.view.debug
