2024-06-20 22:05:18.285 [info] Started local extension host with pid 19704.
2024-06-20 22:05:18.486 [info] Ignoring configured affinity for 'asvetliakov.vscode-neovim' because extension host(s) are already running. Reload window.
2024-06-20 22:05:18.498 [info] Placing extension(s) asvetliakov.vscode-neovim on a separate extension host.
2024-06-20 22:05:18.674 [info] Started local extension host with pid 19750.
2024-06-20 22:05:21.207 [error] [ExtensionListenerError] Extension 'asvetliakov.vscode-neovim' FAILED to handle event: TypeError: Cannot read properties of undefined (reading 'command'): Error: [ExtensionListenerError] Extension 'asvetliakov.vscode-neovim' FAILED to handle event: TypeError: Cannot read properties of undefined (reading 'command')
	at n.value (/snap/code/162/usr/share/code/resources/app/out/vs/workbench/api/node/extensionHostProcess.js:163:20749)
	at l.y (/snap/code/162/usr/share/code/resources/app/out/vs/workbench/api/node/extensionHostProcess.js:82:664)
	at l.fire (/snap/code/162/usr/share/code/resources/app/out/vs/workbench/api/node/extensionHostProcess.js:82:881)
	at C.onDidChangeWindowProperty (/snap/code/162/usr/share/code/resources/app/out/vs/workbench/api/node/extensionHostProcess.js:145:21077)
	at C.$onDidChangeWindowFocus (/snap/code/162/usr/share/code/resources/app/out/vs/workbench/api/node/extensionHostProcess.js:145:20888)
	at E.S (/snap/code/162/usr/share/code/resources/app/out/vs/workbench/api/node/extensionHostProcess.js:150:5970)
	at E.Q (/snap/code/162/usr/share/code/resources/app/out/vs/workbench/api/node/extensionHostProcess.js:150:5736)
	at E.M (/snap/code/162/usr/share/code/resources/app/out/vs/workbench/api/node/extensionHostProcess.js:150:4762)
	at E.L (/snap/code/162/usr/share/code/resources/app/out/vs/workbench/api/node/extensionHostProcess.js:150:3589)
	at n.value (/snap/code/162/usr/share/code/resources/app/out/vs/workbench/api/node/extensionHostProcess.js:150:2282)
	at l.y (/snap/code/162/usr/share/code/resources/app/out/vs/workbench/api/node/extensionHostProcess.js:82:664)
	at l.fire (/snap/code/162/usr/share/code/resources/app/out/vs/workbench/api/node/extensionHostProcess.js:82:881)
	at s.fire (/snap/code/162/usr/share/code/resources/app/out/vs/workbench/api/node/extensionHostProcess.js:107:14502)
	at n.value (/snap/code/162/usr/share/code/resources/app/out/vs/workbench/api/node/extensionHostProcess.js:176:8481)
	at l.y (/snap/code/162/usr/share/code/resources/app/out/vs/workbench/api/node/extensionHostProcess.js:82:664)
	at l.fire (/snap/code/162/usr/share/code/resources/app/out/vs/workbench/api/node/extensionHostProcess.js:82:881)
	at s.fire (/snap/code/162/usr/share/code/resources/app/out/vs/workbench/api/node/extensionHostProcess.js:107:14502)
	at MessagePortMain.<anonymous> (/snap/code/162/usr/share/code/resources/app/out/vs/workbench/api/node/extensionHostProcess.js:176:6631)
	at MessagePortMain.emit (node:events:514:28)
	at MessagePortMain._internalPort.emit (node:electron/js2c/utility_init:2:2285)
2024-06-20 22:05:21.477 [info] [perf] Render performance baseline is 23ms
2024-06-20 22:06:29.479 [error] [ExtensionListenerError] Extension 'asvetliakov.vscode-neovim' FAILED to handle event: TypeError: Cannot read properties of undefined (reading 'command'): Error: [ExtensionListenerError] Extension 'asvetliakov.vscode-neovim' FAILED to handle event: TypeError: Cannot read properties of undefined (reading 'command')
	at n.value (/snap/code/162/usr/share/code/resources/app/out/vs/workbench/api/node/extensionHostProcess.js:163:20749)
	at l.y (/snap/code/162/usr/share/code/resources/app/out/vs/workbench/api/node/extensionHostProcess.js:82:664)
	at l.fire (/snap/code/162/usr/share/code/resources/app/out/vs/workbench/api/node/extensionHostProcess.js:82:881)
	at C.onDidChangeWindowProperty (/snap/code/162/usr/share/code/resources/app/out/vs/workbench/api/node/extensionHostProcess.js:145:21077)
	at C.$onDidChangeWindowActive (/snap/code/162/usr/share/code/resources/app/out/vs/workbench/api/node/extensionHostProcess.js:145:20960)
	at E.S (/snap/code/162/usr/share/code/resources/app/out/vs/workbench/api/node/extensionHostProcess.js:150:5970)
	at E.Q (/snap/code/162/usr/share/code/resources/app/out/vs/workbench/api/node/extensionHostProcess.js:150:5736)
	at E.M (/snap/code/162/usr/share/code/resources/app/out/vs/workbench/api/node/extensionHostProcess.js:150:4762)
	at E.L (/snap/code/162/usr/share/code/resources/app/out/vs/workbench/api/node/extensionHostProcess.js:150:3589)
	at n.value (/snap/code/162/usr/share/code/resources/app/out/vs/workbench/api/node/extensionHostProcess.js:150:2282)
	at l.y (/snap/code/162/usr/share/code/resources/app/out/vs/workbench/api/node/extensionHostProcess.js:82:664)
	at l.fire (/snap/code/162/usr/share/code/resources/app/out/vs/workbench/api/node/extensionHostProcess.js:82:881)
	at s.fire (/snap/code/162/usr/share/code/resources/app/out/vs/workbench/api/node/extensionHostProcess.js:107:14502)
	at n.value (/snap/code/162/usr/share/code/resources/app/out/vs/workbench/api/node/extensionHostProcess.js:176:8481)
	at l.y (/snap/code/162/usr/share/code/resources/app/out/vs/workbench/api/node/extensionHostProcess.js:82:664)
	at l.fire (/snap/code/162/usr/share/code/resources/app/out/vs/workbench/api/node/extensionHostProcess.js:82:881)
	at s.fire (/snap/code/162/usr/share/code/resources/app/out/vs/workbench/api/node/extensionHostProcess.js:107:14502)
	at MessagePortMain.<anonymous> (/snap/code/162/usr/share/code/resources/app/out/vs/workbench/api/node/extensionHostProcess.js:176:6631)
	at MessagePortMain.emit (node:events:514:28)
	at MessagePortMain._internalPort.emit (node:electron/js2c/utility_init:2:2285)
