2024-07-18 21:48:39.956 [info] Log level: Info
2024-07-18 21:48:39.956 [info] Validating found git in: "git"
2024-07-18 21:48:39.956 [info] Using git "2.34.1" from "git"
2024-07-18 21:48:39.956 [info] > git rev-parse --show-toplevel [4ms]
2024-07-18 21:48:39.956 [info] > git rev-parse --git-dir --git-common-dir [1ms]
2024-07-18 21:48:39.962 [info] Open repository: /home/vincent/projects/Reproducibility_Study_of_Poisoning_Backdoor-critical_Layers_Attack
2024-07-18 21:48:39.968 [info] > git config --get commit.template [2ms]
2024-07-18 21:48:39.978 [info] > git for-each-ref --format=%(refname)%00%(upstream:short)%00%(objectname)%00%(upstream:track)%00%(upstream:remotename)%00%(upstream:remoteref) refs/heads/main refs/remotes/main [6ms]
2024-07-18 21:48:39.982 [warning] ENOENT: no such file or directory, open '/home/vincent/projects/Reproducibility_Study_of_Poisoning_Backdoor-critical_Layers_Attack/.git/refs/remotes/origin/main'
2024-07-18 21:48:39.982 [info] > git rev-parse --show-toplevel [4ms]
2024-07-18 21:48:39.985 [info] > git rev-parse refs/remotes/origin/main [4ms]
2024-07-18 21:48:39.989 [info] > git rev-parse --show-toplevel [4ms]
2024-07-18 21:48:39.993 [info] > git status -z -uall [4ms]
2024-07-18 21:48:40.004 [info] > git for-each-ref --format=%(refname)%00%(upstream:short)%00%(objectname)%00%(upstream:track)%00%(upstream:remotename)%00%(upstream:remoteref) refs/heads/main refs/remotes/main [7ms]
2024-07-18 21:48:40.008 [info] > git rev-parse --show-toplevel [15ms]
2024-07-18 21:48:40.012 [info] > git config --get commit.template [8ms]
2024-07-18 21:48:40.013 [info] > git rev-parse --show-toplevel [2ms]
2024-07-18 21:48:40.013 [info] > git config --local branch.main.vscode-merge-base [5ms]
2024-07-18 21:48:40.044 [info] > git for-each-ref --format=%(refname)%00%(upstream:short)%00%(objectname)%00%(upstream:track)%00%(upstream:remotename)%00%(upstream:remoteref) refs/heads/origin/main refs/remotes/origin/main [28ms]
2024-07-18 21:48:40.064 [info] > git merge-base refs/heads/main refs/remotes/origin/main [16ms]
2024-07-18 21:48:40.068 [info] > git rev-parse --show-toplevel [24ms]
2024-07-18 21:48:40.068 [info] > git for-each-ref --format=%(refname)%00%(upstream:short)%00%(objectname)%00%(upstream:track)%00%(upstream:remotename)%00%(upstream:remoteref) refs/heads/main refs/remotes/main [28ms]
2024-07-18 21:48:40.077 [warning] ENOENT: no such file or directory, open '/home/vincent/projects/Reproducibility_Study_of_Poisoning_Backdoor-critical_Layers_Attack/.git/refs/remotes/origin/main'
2024-07-18 21:48:40.077 [info] > git rev-list --count --left-right refs/heads/main...refs/remotes/origin/main [9ms]
2024-07-18 21:48:40.082 [info] > git rev-parse refs/remotes/origin/main [5ms]
2024-07-18 21:48:40.086 [info] > git rev-parse --show-toplevel [12ms]
2024-07-18 21:48:40.089 [info] > git status -z -uall [3ms]
2024-07-18 21:48:40.090 [info] > git diff --name-status -z --diff-filter=ADMR 55ef030729df1355e1654c727c868fe773717add...refs/remotes/origin/main [8ms]
2024-07-18 21:48:40.091 [info] > git rev-parse --show-toplevel [2ms]
2024-07-18 21:48:40.101 [info] > git for-each-ref --format=%(refname)%00%(upstream:short)%00%(objectname)%00%(upstream:track)%00%(upstream:remotename)%00%(upstream:remoteref) refs/heads/main refs/remotes/main [6ms]
2024-07-18 21:48:40.105 [info] > git rev-parse --show-toplevel [5ms]
2024-07-18 21:48:40.109 [info] > git config --local branch.main.vscode-merge-base [5ms]
2024-07-18 21:48:40.113 [info] > git rev-parse --show-toplevel [4ms]
2024-07-18 21:48:40.117 [info] > git for-each-ref --format=%(refname)%00%(upstream:short)%00%(objectname)%00%(upstream:track)%00%(upstream:remotename)%00%(upstream:remoteref) refs/heads/origin/main refs/remotes/origin/main [4ms]
2024-07-18 21:48:40.118 [info] > git rev-parse --show-toplevel [1ms]
2024-07-18 21:48:40.122 [info] > git rev-parse --show-toplevel [1ms]
2024-07-18 21:48:40.126 [info] > git rev-parse --show-toplevel [0ms]
2024-07-18 21:48:40.131 [info] > git rev-parse --show-toplevel [1ms]
2024-07-18 21:48:40.135 [info] > git rev-parse --show-toplevel [1ms]
2024-07-18 21:48:40.139 [info] > git rev-parse --show-toplevel [1ms]
2024-07-18 21:48:40.143 [info] > git rev-parse --show-toplevel [1ms]
2024-07-18 21:48:40.147 [info] > git rev-parse --show-toplevel [1ms]
2024-07-18 21:48:40.151 [info] > git rev-parse --show-toplevel [1ms]
2024-07-18 21:48:40.155 [info] > git rev-parse --show-toplevel [1ms]
2024-07-18 21:48:40.160 [info] > git rev-parse --show-toplevel [1ms]
2024-07-18 21:48:40.165 [info] > git rev-parse --show-toplevel [1ms]
2024-07-18 21:48:40.170 [info] > git rev-parse --show-toplevel [1ms]
2024-07-18 21:48:40.175 [info] > git rev-parse --show-toplevel [1ms]
2024-07-18 21:48:40.180 [info] > git rev-parse --show-toplevel [1ms]
2024-07-18 21:48:40.184 [info] > git rev-parse --show-toplevel [1ms]
2024-07-18 21:48:40.189 [info] > git rev-parse --show-toplevel [1ms]
2024-07-18 21:48:40.198 [info] > git rev-parse --show-toplevel [6ms]
2024-07-18 21:48:40.203 [info] > git rev-parse --show-toplevel [0ms]
2024-07-18 21:48:40.207 [info] > git rev-parse --show-toplevel [1ms]
2024-07-18 21:48:40.211 [info] > git rev-parse --show-toplevel [1ms]
2024-07-18 21:48:40.215 [info] > git rev-parse --show-toplevel [0ms]
2024-07-18 21:48:40.220 [info] > git rev-parse --show-toplevel [1ms]
2024-07-18 21:48:40.224 [info] > git rev-parse --show-toplevel [1ms]
2024-07-18 21:48:40.281 [info] > git show --textconv :main_fed.py [4ms]
2024-07-18 21:48:40.282 [info] > git ls-files --stage -- /home/vincent/projects/Reproducibility_Study_of_Poisoning_Backdoor-critical_Layers_Attack/main_fed.py [1ms]
2024-07-18 21:48:40.287 [info] > git cat-file -s a14273bb4414160aef5be0ac7a48f5afb583af6d [1ms]
2024-07-18 21:48:40.480 [info] > git check-ignore -v -z --stdin [1ms]
2024-07-18 21:48:41.937 [info] > git config --get commit.template [8ms]
2024-07-18 21:48:41.937 [info] > git for-each-ref --format=%(refname)%00%(upstream:short)%00%(objectname)%00%(upstream:track)%00%(upstream:remotename)%00%(upstream:remoteref) refs/heads/main refs/remotes/main [3ms]
2024-07-18 21:48:41.942 [warning] ENOENT: no such file or directory, open '/home/vincent/projects/Reproducibility_Study_of_Poisoning_Backdoor-critical_Layers_Attack/.git/refs/remotes/origin/main'
2024-07-18 21:48:41.943 [info] > git rev-parse refs/remotes/origin/main [1ms]
2024-07-18 21:48:41.950 [info] > git status -z -uall [3ms]
2024-07-18 21:48:41.957 [info] > git for-each-ref --format=%(refname)%00%(upstream:short)%00%(objectname)%00%(upstream:track)%00%(upstream:remotename)%00%(upstream:remoteref) refs/heads/main refs/remotes/main [2ms]
2024-07-18 21:48:41.963 [info] > git config --local branch.main.vscode-merge-base [1ms]
2024-07-18 21:48:41.969 [info] > git for-each-ref --format=%(refname)%00%(upstream:short)%00%(objectname)%00%(upstream:track)%00%(upstream:remotename)%00%(upstream:remoteref) refs/heads/origin/main refs/remotes/origin/main [1ms]
2024-07-18 21:48:42.031 [info] > git ls-files --stage -- /home/vincent/projects/Reproducibility_Study_of_Poisoning_Backdoor-critical_Layers_Attack/main_fed.py [1ms]
2024-07-18 21:48:42.037 [info] > git cat-file -s a14273bb4414160aef5be0ac7a48f5afb583af6d [2ms]
2024-07-18 21:48:42.043 [info] > git show --textconv :main_fed.py [2ms]
2024-07-18 21:48:43.631 [info] > git ls-files --stage -- /home/vincent/projects/Reproducibility_Study_of_Poisoning_Backdoor-critical_Layers_Attack/main_fed.py [1ms]
2024-07-18 21:48:43.636 [info] > git cat-file -s a14273bb4414160aef5be0ac7a48f5afb583af6d [1ms]
2024-07-18 21:48:43.643 [info] > git show --textconv :main_fed.py [2ms]
2024-07-18 21:48:46.965 [info] > git config --get commit.template [4ms]
2024-07-18 21:48:46.966 [info] > git for-each-ref --format=%(refname)%00%(upstream:short)%00%(objectname)%00%(upstream:track)%00%(upstream:remotename)%00%(upstream:remoteref) refs/heads/main refs/remotes/main [2ms]
2024-07-18 21:48:46.969 [warning] ENOENT: no such file or directory, open '/home/vincent/projects/Reproducibility_Study_of_Poisoning_Backdoor-critical_Layers_Attack/.git/refs/remotes/origin/main'
2024-07-18 21:48:46.970 [info] > git rev-parse refs/remotes/origin/main [1ms]
2024-07-18 21:48:46.976 [info] > git status -z -uall [2ms]
2024-07-18 21:48:46.982 [info] > git for-each-ref --format=%(refname)%00%(upstream:short)%00%(objectname)%00%(upstream:track)%00%(upstream:remotename)%00%(upstream:remoteref) refs/heads/main refs/remotes/main [2ms]
2024-07-18 21:48:46.988 [info] > git config --local branch.main.vscode-merge-base [1ms]
2024-07-18 21:48:46.992 [info] > git for-each-ref --format=%(refname)%00%(upstream:short)%00%(objectname)%00%(upstream:track)%00%(upstream:remotename)%00%(upstream:remoteref) refs/heads/origin/main refs/remotes/origin/main [1ms]
2024-07-18 21:48:54.780 [info] > git show --textconv :.vscode/launch.json [5ms]
2024-07-18 21:48:54.781 [info] > git ls-files --stage -- /home/vincent/projects/Reproducibility_Study_of_Poisoning_Backdoor-critical_Layers_Attack/.vscode/launch.json [1ms]
2024-07-18 21:48:54.786 [info] > git cat-file -s e0a93b9820b2dd38d266c4912853d2bdc75b8218 [1ms]
2024-07-18 21:51:22.054 [info] > git config --get commit.template [5ms]
2024-07-18 21:51:22.055 [info] > git for-each-ref --format=%(refname)%00%(upstream:short)%00%(objectname)%00%(upstream:track)%00%(upstream:remotename)%00%(upstream:remoteref) refs/heads/main refs/remotes/main [2ms]
2024-07-18 21:51:22.059 [warning] ENOENT: no such file or directory, open '/home/vincent/projects/Reproducibility_Study_of_Poisoning_Backdoor-critical_Layers_Attack/.git/refs/remotes/origin/main'
2024-07-18 21:51:22.060 [info] > git rev-parse refs/remotes/origin/main [1ms]
2024-07-18 21:51:22.066 [info] > git status -z -uall [2ms]
2024-07-18 21:51:22.072 [info] > git for-each-ref --format=%(refname)%00%(upstream:short)%00%(objectname)%00%(upstream:track)%00%(upstream:remotename)%00%(upstream:remoteref) refs/heads/main refs/remotes/main [2ms]
2024-07-18 21:51:22.077 [info] > git config --local branch.main.vscode-merge-base [1ms]
2024-07-18 21:51:22.082 [info] > git for-each-ref --format=%(refname)%00%(upstream:short)%00%(objectname)%00%(upstream:track)%00%(upstream:remotename)%00%(upstream:remoteref) refs/heads/origin/main refs/remotes/origin/main [0ms]
2024-07-18 21:51:22.149 [info] > git ls-files --stage -- /home/vincent/projects/Reproducibility_Study_of_Poisoning_Backdoor-critical_Layers_Attack/.vscode/launch.json [1ms]
2024-07-18 21:51:22.154 [info] > git cat-file -s e0a93b9820b2dd38d266c4912853d2bdc75b8218 [1ms]
2024-07-18 21:51:22.159 [info] > git show --textconv :.vscode/launch.json [1ms]
